Using pre-set license
Built from '2022.3/staging' branch; Version is '2022.3.9f1 (ea401c316338) revision 15351836'; Using compiler version '192829333'; Build Type 'Release'
OS: 'Windows 11  (10.0.22631) 64bit Core' Language: 'en' Physical Memory: 15557 MB
BatchMode: 1, IsHumanControllingUs: 0, StartBugReporterOnCrash: 0, Is64bit: 1, IsPro: 1

COMMAND LINE ARGUMENTS:
C:\Program Files\Unity 2022.3.9f1\Editor\Unity.exe
-adb2
-batchMode
-noUpm
-name
AssetImportWorker10
-projectPath
C:/Users/garet/OneDrive/Desktop/EmberShadows
-logFile
Logs/AssetImportWorker10.log
-srvPort
50746
Successfully changed project path to: C:/Users/garet/OneDrive/Desktop/EmberShadows
C:/Users/garet/OneDrive/Desktop/EmberShadows
[UnityMemory] Configuration Parameters - Can be set up in boot.config
    "memorysetup-bucket-allocator-granularity=16"
    "memorysetup-bucket-allocator-bucket-count=8"
    "memorysetup-bucket-allocator-block-size=33554432"
    "memorysetup-bucket-allocator-block-count=8"
    "memorysetup-main-allocator-block-size=16777216"
    "memorysetup-thread-allocator-block-size=16777216"
    "memorysetup-gfx-main-allocator-block-size=16777216"
    "memorysetup-gfx-thread-allocator-block-size=16777216"
    "memorysetup-cache-allocator-block-size=4194304"
    "memorysetup-typetree-allocator-block-size=2097152"
    "memorysetup-profiler-bucket-allocator-granularity=16"
    "memorysetup-profiler-bucket-allocator-bucket-count=8"
    "memorysetup-profiler-bucket-allocator-block-size=33554432"
    "memorysetup-profiler-bucket-allocator-block-count=8"
    "memorysetup-profiler-allocator-block-size=16777216"
    "memorysetup-profiler-editor-allocator-block-size=1048576"
    "memorysetup-temp-allocator-size-main=16777216"
    "memorysetup-job-temp-allocator-block-size=2097152"
    "memorysetup-job-temp-allocator-block-size-background=1048576"
    "memorysetup-job-temp-allocator-reduction-small-platforms=262144"
    "memorysetup-allocator-temp-initial-block-size-main=262144"
    "memorysetup-allocator-temp-initial-block-size-worker=262144"
    "memorysetup-temp-allocator-size-background-worker=32768"
    "memorysetup-temp-allocator-size-job-worker=262144"
    "memorysetup-temp-allocator-size-preload-manager=33554432"
    "memorysetup-temp-allocator-size-nav-mesh-worker=65536"
    "memorysetup-temp-allocator-size-audio-worker=65536"
    "memorysetup-temp-allocator-size-cloud-worker=32768"
    "memorysetup-temp-allocator-size-gi-baking-worker=262144"
    "memorysetup-temp-allocator-size-gfx=262144"
Player connection [6156] Host "[IP] 172.20.10.2 [Port] 0 [Flags] 2 [Guid] 2897442417 [EditorId] 2897442417 [Version] 1048832 [Id] WindowsEditor(7,GarethsLaptop) [Debug] 1 [PackageName] WindowsEditor [ProjectName] Editor" joined multi-casting on [225.0.0.222:54997]...

Player connection [6156] Host "[IP] 172.20.10.2 [Port] 0 [Flags] 2 [Guid] 2897442417 [EditorId] 2897442417 [Version] 1048832 [Id] WindowsEditor(7,GarethsLaptop) [Debug] 1 [PackageName] WindowsEditor [ProjectName] Editor" joined alternative multi-casting on [225.0.0.222:34997]...

[Physics::Module] Initialized MultithreadedJobDispatcher with 15 workers.
Refreshing native plugins compatible for Editor in 15.57 ms, found 4 plugins.
Preloading 0 native plugins for Editor in 0.00 ms.
Initialize engine version: 2022.3.9f1 (ea401c316338)
[Subsystems] Discovering subsystems at path C:/Program Files/Unity 2022.3.9f1/Editor/Data/Resources/UnitySubsystems
[Subsystems] Discovering subsystems at path C:/Users/garet/OneDrive/Desktop/EmberShadows/Assets
GfxDevice: creating device client; threaded=0; jobified=0
Direct3D:
    Version:  Direct3D 11.0 [level 11.1]
    Renderer: NVIDIA GeForce RTX 3050 Laptop GPU (ID=0x25a2)
    Vendor:   NVIDIA
    VRAM:     3977 MB
    Driver:   31.0.15.3770
Initialize mono
Mono path[0] = 'C:/Program Files/Unity 2022.3.9f1/Editor/Data/Managed'
Mono path[1] = 'C:/Program Files/Unity 2022.3.9f1/Editor/Data/MonoBleedingEdge/lib/mono/unityjit-win32'
Mono config path = 'C:/Program Files/Unity 2022.3.9f1/Editor/Data/MonoBleedingEdge/etc'
Using monoOptions --debugger-agent=transport=dt_socket,embedding=1,server=y,suspend=n,address=127.0.0.1:56112
Begin MonoManager ReloadAssembly
Registering precompiled unity dll's ...
Register platform support module: C:/Program Files/Unity 2022.3.9f1/Editor/Data/PlaybackEngines/WindowsStandaloneSupport/UnityEditor.WindowsStandalone.Extensions.dll
Registered in 0.005442 seconds.
- Loaded All Assemblies, in  0.334 seconds
Native extension for WindowsStandalone target not found
Mono: successfully reloaded assembly
- Finished resetting the current domain, in  0.224 seconds
Domain Reload Profiling: 555ms
	BeginReloadAssembly (116ms)
		ExecutionOrderSort (0ms)
		DisableScriptedObjects (0ms)
		BackupInstance (0ms)
		ReleaseScriptingObjects (0ms)
		CreateAndSetChildDomain (1ms)
	RebuildCommonClasses (32ms)
	RebuildNativeTypeToScriptingClass (8ms)
	initialDomainReloadingComplete (52ms)
	LoadAllAssembliesAndSetupDomain (123ms)
		LoadAssemblies (112ms)
		RebuildTransferFunctionScriptingTraits (0ms)
		AnalyzeDomain (122ms)
			TypeCache.Refresh (121ms)
				TypeCache.ScanAssembly (110ms)
			ScanForSourceGeneratedMonoScriptInfo (0ms)
			ResolveRequiredComponents (0ms)
	FinalizeReload (224ms)
		ReleaseScriptCaches (0ms)
		RebuildScriptCaches (0ms)
		SetupLoadedEditorAssemblies (171ms)
			LogAssemblyErrors (0ms)
			InitializePlatformSupportModulesInManaged (9ms)
			SetLoadedEditorAssemblies (7ms)
			RefreshPlugins (0ms)
			BeforeProcessingInitializeOnLoad (2ms)
			ProcessInitializeOnLoadAttributes (102ms)
			ProcessInitializeOnLoadMethodAttributes (52ms)
			AfterProcessingInitializeOnLoad (0ms)
			EditorAssembliesLoaded (0ms)
		ExecutionOrderSort2 (0ms)
		AwakeInstancesAfterBackupRestoration (0ms)
========================================================================
Worker process is ready to serve import requests
Begin MonoManager ReloadAssembly
- Loaded All Assemblies, in  0.630 seconds
Refreshing native plugins compatible for Editor in 5.36 ms, found 4 plugins.
Native extension for WindowsStandalone target not found
Package Manager log level set to [2]
[Package Manager] Server::EnsureServerProcessIsRunning -- launch failed, reason: Unity was launched with the -noUpm command-line argument
[Package Manager] UpmClient::Send -- Unable to send message (not connected to UPM process).
[Package Manager] Cannot connect to Unity Package Manager local server
Mono: successfully reloaded assembly
- Finished resetting the current domain, in  0.626 seconds
Domain Reload Profiling: 1251ms
	BeginReloadAssembly (125ms)
		ExecutionOrderSort (0ms)
		DisableScriptedObjects (4ms)
		BackupInstance (0ms)
		ReleaseScriptingObjects (0ms)
		CreateAndSetChildDomain (19ms)
	RebuildCommonClasses (26ms)
	RebuildNativeTypeToScriptingClass (10ms)
	initialDomainReloadingComplete (40ms)
	LoadAllAssembliesAndSetupDomain (423ms)
		LoadAssemblies (315ms)
		RebuildTransferFunctionScriptingTraits (0ms)
		AnalyzeDomain (182ms)
			TypeCache.Refresh (150ms)
				TypeCache.ScanAssembly (136ms)
			ScanForSourceGeneratedMonoScriptInfo (22ms)
			ResolveRequiredComponents (9ms)
	FinalizeReload (627ms)
		ReleaseScriptCaches (0ms)
		RebuildScriptCaches (0ms)
		SetupLoadedEditorAssemblies (476ms)
			LogAssemblyErrors (0ms)
			InitializePlatformSupportModulesInManaged (5ms)
			SetLoadedEditorAssemblies (5ms)
			RefreshPlugins (0ms)
			BeforeProcessingInitializeOnLoad (84ms)
			ProcessInitializeOnLoadAttributes (308ms)
			ProcessInitializeOnLoadMethodAttributes (67ms)
			AfterProcessingInitializeOnLoad (7ms)
			EditorAssembliesLoaded (0ms)
		ExecutionOrderSort2 (0ms)
		AwakeInstancesAfterBackupRestoration (6ms)
Launched and connected shader compiler UnityShaderCompiler.exe after 0.05 seconds
Refreshing native plugins compatible for Editor in 7.24 ms, found 4 plugins.
Preloading 0 native plugins for Editor in 0.00 ms.
Unloading 5680 Unused Serialized files (Serialized files now loaded: 0)
Unloading 99 unused Assets / (0.9 MB). Loaded Objects now: 6126.
Memory consumption went from 216.9 MB to 216.0 MB.
Total: 4.851400 ms (FindLiveObjects: 0.564600 ms CreateObjectMapping: 0.507000 ms MarkObjects: 3.322700 ms  DeleteObjects: 0.455800 ms)

AssetImportParameters requested are different than current active one (requested -> active):
  custom:container-demuxer-ogg: 62fdf1f143b41e24485cea50d1cbac27 -> 
  custom:video-codec-MediaFoundation-h265: 746d11721c4dcdbdad8f713fa42b33f4 -> 
  custom:video-decoder-ogg-theora: a1e56fd34408186e4bbccfd4996cb3dc -> 
  custom:framework-win-MediaFoundation: 216162199b28c13a410421893ffa2e32 -> 
  custom:CustomObjectIndexerAttribute: a3ef5dd2817f97addfee359851a9dba5 -> 
  custom:container-demuxer-webm: 4f35f7cbe854078d1ac9338744f61a02 -> 
  custom:container-muxer-webm: aa71ff27fc2769a1b78a27578f13a17b -> 
  custom:video-decoder-webm-vp8: 9c59270c3fd7afecdb556c50c9e8de78 -> 
  custom:SearchIndexIgnoredProperties: e643bd26f0fe6173181afceb89e7c659 -> 
  custom:AudioImporter_EditorPlatform: d09bf68614088b80899f8185d706f6e7 -> 
  custom:video-encoder-webm-vp8: eb34c28f22e8b96e1ab97ce403110664 -> 
  custom:audio-decoder-ogg-vorbis: bf7c407c2cedff20999df2af8eb42d56 -> 
  custom:audio-encoder-webm-vorbis: bf7c407c2cedff20999df2af8eb42d56 -> 
========================================================================
Received Import Request.
  Time since last request: 117259.393800 seconds.
  path: Assets/Pixelart Graphical User Interface/Pixelart Graphical User Interface/Icons Style 4/Style 4 Icon 003.png
  artifactKey: Guid(c2c949860170c724f804a0366df4e000) Importer(815301076,1909f56bfc062723c751e8b465ee728b)
Start importing Assets/Pixelart Graphical User Interface/Pixelart Graphical User Interface/Icons Style 4/Style 4 Icon 003.png using Guid(c2c949860170c724f804a0366df4e000) Importer(815301076,1909f56bfc062723c751e8b465ee728b)  -> (artifact id: 'fa06f9e444e565c1d6ed58de7cbe195b') in 0.119447 seconds
Number of updated asset objects reloaded before import = 0
Number of asset objects unloaded after import = 3
========================================================================
Received Import Request.
  Time since last request: 0.000025 seconds.
  path: Assets/Pixelart Graphical User Interface/Pixelart Graphical User Interface/Icons Style 4/Style 4 Icon 013.png
  artifactKey: Guid(56c81ee4bcaa5f745b50835cdc048bf1) Importer(815301076,1909f56bfc062723c751e8b465ee728b)
Start importing Assets/Pixelart Graphical User Interface/Pixelart Graphical User Interface/Icons Style 4/Style 4 Icon 013.png using Guid(56c81ee4bcaa5f745b50835cdc048bf1) Importer(815301076,1909f56bfc062723c751e8b465ee728b)  -> (artifact id: '4767fe6edc0fb204ba6e750dbb55abda') in 0.027596 seconds
Number of updated asset objects reloaded before import = 0
Number of asset objects unloaded after import = 3
========================================================================
Received Import Request.
  Time since last request: 0.000033 seconds.
  path: Assets/Pixelart Graphical User Interface/Pixelart Graphical User Interface/Icons Style 4/Style 4 Icon 025.png
  artifactKey: Guid(a04df9f39e846a3418ccddf00fcd3c86) Importer(815301076,1909f56bfc062723c751e8b465ee728b)
Start importing Assets/Pixelart Graphical User Interface/Pixelart Graphical User Interface/Icons Style 4/Style 4 Icon 025.png using Guid(a04df9f39e846a3418ccddf00fcd3c86) Importer(815301076,1909f56bfc062723c751e8b465ee728b)  -> (artifact id: 'fe2808bee31a74a0e4bb06de639ace51') in 0.025064 seconds
Number of updated asset objects reloaded before import = 0
Number of asset objects unloaded after import = 3
========================================================================
Received Import Request.
  Time since last request: 0.000019 seconds.
  path: Assets/Pixelart Graphical User Interface/Pixelart Graphical User Interface/Icons Style 4/Style 4 Icon 031.png
  artifactKey: Guid(e7173165a9d4014468813fc854b4d55d) Importer(815301076,1909f56bfc062723c751e8b465ee728b)
Start importing Assets/Pixelart Graphical User Interface/Pixelart Graphical User Interface/Icons Style 4/Style 4 Icon 031.png using Guid(e7173165a9d4014468813fc854b4d55d) Importer(815301076,1909f56bfc062723c751e8b465ee728b)  -> (artifact id: '5a2a6f2c7306941ce50dbcf9714b6aee') in 0.024405 seconds
Number of updated asset objects reloaded before import = 0
Number of asset objects unloaded after import = 3
========================================================================
Received Import Request.
  Time since last request: 0.000029 seconds.
  path: Assets/Pixelart Graphical User Interface/Pixelart Graphical User Interface/Icons Style 4/Style 4 Icon 027.png
  artifactKey: Guid(412cd2411b02e8d4cb19ef5cf91de746) Importer(815301076,1909f56bfc062723c751e8b465ee728b)
Start importing Assets/Pixelart Graphical User Interface/Pixelart Graphical User Interface/Icons Style 4/Style 4 Icon 027.png using Guid(412cd2411b02e8d4cb19ef5cf91de746) Importer(815301076,1909f56bfc062723c751e8b465ee728b)  -> (artifact id: '9e480cfb9722fc76fafa049e9c6e655d') in 0.038685 seconds
Number of updated asset objects reloaded before import = 0
Number of asset objects unloaded after import = 3
========================================================================
Received Import Request.
  Time since last request: 0.000023 seconds.
  path: Assets/Pixelart Graphical User Interface/Pixelart Graphical User Interface/Icons Style 4/Style 4 Icon 015.png
  artifactKey: Guid(4dab2a754f11008479b88d2f37e5c5d5) Importer(815301076,1909f56bfc062723c751e8b465ee728b)
Start importing Assets/Pixelart Graphical User Interface/Pixelart Graphical User Interface/Icons Style 4/Style 4 Icon 015.png using Guid(4dab2a754f11008479b88d2f37e5c5d5) Importer(815301076,1909f56bfc062723c751e8b465ee728b)  -> (artifact id: '7f1bdaf2b63ffe15d1a104247f93c3bd') in 0.027696 seconds
Number of updated asset objects reloaded before import = 0
Number of asset objects unloaded after import = 3
========================================================================
Received Import Request.
  Time since last request: 2.396543 seconds.
  path: Assets/Pixelart Graphical User Interface/Pixelart Graphical User Interface/Icons Style 4/Style 4 Icon 040.png
  artifactKey: Guid(e1be354032734fc43855d1ded60d6cbc) Importer(815301076,1909f56bfc062723c751e8b465ee728b)
Start importing Assets/Pixelart Graphical User Interface/Pixelart Graphical User Interface/Icons Style 4/Style 4 Icon 040.png using Guid(e1be354032734fc43855d1ded60d6cbc) Importer(815301076,1909f56bfc062723c751e8b465ee728b)  -> (artifact id: '6ac295c188690bb13c397d23953a6340') in 0.023542 seconds
Number of updated asset objects reloaded before import = 0
Number of asset objects unloaded after import = 3
========================================================================
Received Import Request.
  Time since last request: 0.003802 seconds.
  path: Assets/Pixelart Graphical User Interface/Pixelart Graphical User Interface/Icons Style 4/Style 4 Icon 045.png
  artifactKey: Guid(ca2b343fc9a24ce40a54c8d427c5b236) Importer(815301076,1909f56bfc062723c751e8b465ee728b)
Start importing Assets/Pixelart Graphical User Interface/Pixelart Graphical User Interface/Icons Style 4/Style 4 Icon 045.png using Guid(ca2b343fc9a24ce40a54c8d427c5b236) Importer(815301076,1909f56bfc062723c751e8b465ee728b)  -> (artifact id: '16aa1539fb8d17ce62cd1e6fcc9dcff5') in 0.022032 seconds
Number of updated asset objects reloaded before import = 0
Number of asset objects unloaded after import = 3
========================================================================
Received Import Request.
  Time since last request: 0.852335 seconds.
  path: Assets/Pixelart Graphical User Interface/Pixelart Graphical User Interface/Icons Style 4/Style 4 Icon 053.png
  artifactKey: Guid(2d15333824c9d53479ae366be1689792) Importer(815301076,1909f56bfc062723c751e8b465ee728b)
Start importing Assets/Pixelart Graphical User Interface/Pixelart Graphical User Interface/Icons Style 4/Style 4 Icon 053.png using Guid(2d15333824c9d53479ae366be1689792) Importer(815301076,1909f56bfc062723c751e8b465ee728b)  -> (artifact id: '588170bba95d145b0dbb7448533e42da') in 0.013316 seconds
Number of updated asset objects reloaded before import = 0
Number of asset objects unloaded after import = 3
========================================================================
Received Import Request.
  Time since last request: 0.009621 seconds.
  path: Assets/Pixelart Graphical User Interface/Pixelart Graphical User Interface/Icons Style 4/Style 4 Icon 058.png
  artifactKey: Guid(6e8046e923a934a45a6a750c69df52c4) Importer(815301076,1909f56bfc062723c751e8b465ee728b)
Start importing Assets/Pixelart Graphical User Interface/Pixelart Graphical User Interface/Icons Style 4/Style 4 Icon 058.png using Guid(6e8046e923a934a45a6a750c69df52c4) Importer(815301076,1909f56bfc062723c751e8b465ee728b)  -> (artifact id: '15b9f5176f6f2b0e8d387544b0bea19e') in 0.022355 seconds
Number of updated asset objects reloaded before import = 0
Number of asset objects unloaded after import = 3
========================================================================
Received Import Request.
  Time since last request: 0.362438 seconds.
  path: Assets/Pixelart Graphical User Interface/Pixelart Graphical User Interface/Icons Style 4/Style 4 Icon 064.png
  artifactKey: Guid(ab75993514080fc4484a49916180c40a) Importer(815301076,1909f56bfc062723c751e8b465ee728b)
Start importing Assets/Pixelart Graphical User Interface/Pixelart Graphical User Interface/Icons Style 4/Style 4 Icon 064.png using Guid(ab75993514080fc4484a49916180c40a) Importer(815301076,1909f56bfc062723c751e8b465ee728b)  -> (artifact id: '322fdcd6c5f924e261cb8c367bbe87e4') in 0.024332 seconds
Number of updated asset objects reloaded before import = 0
Number of asset objects unloaded after import = 3
========================================================================
Received Import Request.
  Time since last request: 0.001470 seconds.
  path: Assets/Pixelart Graphical User Interface/Pixelart Graphical User Interface/Icons Style 4/Style 4 Icon 069.png
  artifactKey: Guid(a6a4aec8eefb5104ea3d5b0bf858ac7e) Importer(815301076,1909f56bfc062723c751e8b465ee728b)
Start importing Assets/Pixelart Graphical User Interface/Pixelart Graphical User Interface/Icons Style 4/Style 4 Icon 069.png using Guid(a6a4aec8eefb5104ea3d5b0bf858ac7e) Importer(815301076,1909f56bfc062723c751e8b465ee728b)  -> (artifact id: 'db28d65d776323f02d8b72d9c6fe3721') in 0.026021 seconds
Number of updated asset objects reloaded before import = 0
Number of asset objects unloaded after import = 3
========================================================================
Received Import Request.
  Time since last request: 0.766788 seconds.
  path: Assets/Pixelart Graphical User Interface/Pixelart Graphical User Interface/Icons Style 4/Style 4 Icon 076.png
  artifactKey: Guid(f538a54b9c34f664c9802118d2436e63) Importer(815301076,1909f56bfc062723c751e8b465ee728b)
Start importing Assets/Pixelart Graphical User Interface/Pixelart Graphical User Interface/Icons Style 4/Style 4 Icon 076.png using Guid(f538a54b9c34f664c9802118d2436e63) Importer(815301076,1909f56bfc062723c751e8b465ee728b)  -> (artifact id: '8e11773557ac16a9aaae65845c1e608e') in 0.022879 seconds
Number of updated asset objects reloaded before import = 0
Number of asset objects unloaded after import = 3
========================================================================
Received Import Request.
  Time since last request: 0.002059 seconds.
  path: Assets/Pixelart Graphical User Interface/Pixelart Graphical User Interface/Icons Style 4/Style 4 Icon 081.png
  artifactKey: Guid(d342bf37dedf83b4593938f859791052) Importer(815301076,1909f56bfc062723c751e8b465ee728b)
Start importing Assets/Pixelart Graphical User Interface/Pixelart Graphical User Interface/Icons Style 4/Style 4 Icon 081.png using Guid(d342bf37dedf83b4593938f859791052) Importer(815301076,1909f56bfc062723c751e8b465ee728b)  -> (artifact id: '2e5a9b7ce13bf055259cc9dbef131615') in 0.023118 seconds
Number of updated asset objects reloaded before import = 0
Number of asset objects unloaded after import = 3
========================================================================
Received Import Request.
  Time since last request: 0.839257 seconds.
  path: Assets/Pixelart Graphical User Interface/Pixelart Graphical User Interface/Icons Style 4/Style 4 Icon 088.png
  artifactKey: Guid(e95a9a3f2874643419693850a824e8ea) Importer(815301076,1909f56bfc062723c751e8b465ee728b)
Start importing Assets/Pixelart Graphical User Interface/Pixelart Graphical User Interface/Icons Style 4/Style 4 Icon 088.png using Guid(e95a9a3f2874643419693850a824e8ea) Importer(815301076,1909f56bfc062723c751e8b465ee728b)  -> (artifact id: '9ba3b258a6061fb66e6eaef0bcf0af20') in 0.022902 seconds
Number of updated asset objects reloaded before import = 0
Number of asset objects unloaded after import = 3
========================================================================
Received Import Request.
  Time since last request: 0.000019 seconds.
  path: Assets/Pixelart Graphical User Interface/Pixelart Graphical User Interface/Icons Style 4/Style 4 Icon 093.png
  artifactKey: Guid(67d26f26c6d64d4408fd194a21122ef4) Importer(815301076,1909f56bfc062723c751e8b465ee728b)
Start importing Assets/Pixelart Graphical User Interface/Pixelart Graphical User Interface/Icons Style 4/Style 4 Icon 093.png using Guid(67d26f26c6d64d4408fd194a21122ef4) Importer(815301076,1909f56bfc062723c751e8b465ee728b)  -> (artifact id: '36c38acbadd1439b00d61b31160513a0') in 0.024285 seconds
Number of updated asset objects reloaded before import = 0
Number of asset objects unloaded after import = 3
========================================================================
Received Import Request.
  Time since last request: 0.452985 seconds.
  path: Assets/Pixelart Graphical User Interface/Pixelart Graphical User Interface/Icons Style 4/Style 4 Icon 100.png
  artifactKey: Guid(d50464ba81f01e143b78b15d9e05c30f) Importer(815301076,1909f56bfc062723c751e8b465ee728b)
Start importing Assets/Pixelart Graphical User Interface/Pixelart Graphical User Interface/Icons Style 4/Style 4 Icon 100.png using Guid(d50464ba81f01e143b78b15d9e05c30f) Importer(815301076,1909f56bfc062723c751e8b465ee728b)  -> (artifact id: '5da40751e05d19490f962c7139bb3ef6') in 0.023457 seconds
Number of updated asset objects reloaded before import = 0
Number of asset objects unloaded after import = 3
========================================================================
Received Import Request.
  Time since last request: 0.001254 seconds.
  path: Assets/Pixelart Graphical User Interface/Pixelart Graphical User Interface/Icons Style 4/Style 4 Icon 105.png
  artifactKey: Guid(64c10ebf4394ed1418f0e0584fec42de) Importer(815301076,1909f56bfc062723c751e8b465ee728b)
Start importing Assets/Pixelart Graphical User Interface/Pixelart Graphical User Interface/Icons Style 4/Style 4 Icon 105.png using Guid(64c10ebf4394ed1418f0e0584fec42de) Importer(815301076,1909f56bfc062723c751e8b465ee728b)  -> (artifact id: '7ccdb878755ef52a7a80c9945a3b3791') in 0.021691 seconds
Number of updated asset objects reloaded before import = 0
Number of asset objects unloaded after import = 3
========================================================================
Received Import Request.
  Time since last request: 1.048546 seconds.
  path: Assets/Pixelart Graphical User Interface/Pixelart Graphical User Interface/Icons Style 4/Style 4 Icon 112.png
  artifactKey: Guid(e18caa3d8ef41d54fbe7de2cf048380a) Importer(815301076,1909f56bfc062723c751e8b465ee728b)
Start importing Assets/Pixelart Graphical User Interface/Pixelart Graphical User Interface/Icons Style 4/Style 4 Icon 112.png using Guid(e18caa3d8ef41d54fbe7de2cf048380a) Importer(815301076,1909f56bfc062723c751e8b465ee728b)  -> (artifact id: 'e9899d02f6c184e8fb5f1d86578007ff') in 0.019478 seconds
Number of updated asset objects reloaded before import = 0
Number of asset objects unloaded after import = 3
========================================================================
Received Import Request.
  Time since last request: 0.006635 seconds.
  path: Assets/Pixelart Graphical User Interface/Pixelart Graphical User Interface/Icons Style 4/Style 4 Icon 117.png
  artifactKey: Guid(52f5e81afbfd217408a73c9de93464e0) Importer(815301076,1909f56bfc062723c751e8b465ee728b)
Start importing Assets/Pixelart Graphical User Interface/Pixelart Graphical User Interface/Icons Style 4/Style 4 Icon 117.png using Guid(52f5e81afbfd217408a73c9de93464e0) Importer(815301076,1909f56bfc062723c751e8b465ee728b)  -> (artifact id: 'f0493020e1df4bc5cb7997da4400ad79') in 0.024824 seconds
Number of updated asset objects reloaded before import = 0
Number of asset objects unloaded after import = 3
========================================================================
Received Import Request.
  Time since last request: 1.099347 seconds.
  path: Assets/Pixelart Graphical User Interface/Pixelart Graphical User Interface/Icons Style 4/Style 4 Icon 124.png
  artifactKey: Guid(c4ccfd77e45858c4683a0d9c375f6b3d) Importer(815301076,1909f56bfc062723c751e8b465ee728b)
Start importing Assets/Pixelart Graphical User Interface/Pixelart Graphical User Interface/Icons Style 4/Style 4 Icon 124.png using Guid(c4ccfd77e45858c4683a0d9c375f6b3d) Importer(815301076,1909f56bfc062723c751e8b465ee728b)  -> (artifact id: 'ab27cb03bc18edbcaf21b9821ce92802') in 0.023867 seconds
Number of updated asset objects reloaded before import = 0
Number of asset objects unloaded after import = 3
========================================================================
Received Import Request.
  Time since last request: 0.000022 seconds.
  path: Assets/Pixelart Graphical User Interface/Pixelart Graphical User Interface/Icons Style 4/Style 4 Icon 129.png
  artifactKey: Guid(78026891a819d6c468d87a318dfa92fc) Importer(815301076,1909f56bfc062723c751e8b465ee728b)
Start importing Assets/Pixelart Graphical User Interface/Pixelart Graphical User Interface/Icons Style 4/Style 4 Icon 129.png using Guid(78026891a819d6c468d87a318dfa92fc) Importer(815301076,1909f56bfc062723c751e8b465ee728b)  -> (artifact id: 'a2fd72c43bf0cf5090707b442413a69b') in 0.027182 seconds
Number of updated asset objects reloaded before import = 0
Number of asset objects unloaded after import = 3
========================================================================
Received Import Request.
  Time since last request: 0.367774 seconds.
  path: Assets/Pixelart Graphical User Interface/Pixelart Graphical User Interface/Icons Style 4/Style 4 Icon 136.png
  artifactKey: Guid(a06a514f7a863bb4dbf158b3d9e76d22) Importer(815301076,1909f56bfc062723c751e8b465ee728b)
Start importing Assets/Pixelart Graphical User Interface/Pixelart Graphical User Interface/Icons Style 4/Style 4 Icon 136.png using Guid(a06a514f7a863bb4dbf158b3d9e76d22) Importer(815301076,1909f56bfc062723c751e8b465ee728b)  -> (artifact id: '1d287c0a8da446346f7bd091d3bfa5a8') in 0.023629 seconds
Number of updated asset objects reloaded before import = 0
Number of asset objects unloaded after import = 3
========================================================================
Received Import Request.
  Time since last request: 0.000019 seconds.
  path: Assets/Pixelart Graphical User Interface/Pixelart Graphical User Interface/Icons Style 4/Style 4 Icon 141.png
  artifactKey: Guid(30a69a962f8ea7448ae08086953d0844) Importer(815301076,1909f56bfc062723c751e8b465ee728b)
Start importing Assets/Pixelart Graphical User Interface/Pixelart Graphical User Interface/Icons Style 4/Style 4 Icon 141.png using Guid(30a69a962f8ea7448ae08086953d0844) Importer(815301076,1909f56bfc062723c751e8b465ee728b)  -> (artifact id: '271d30e75dc788f78af3254412408c12') in 0.022488 seconds
Number of updated asset objects reloaded before import = 0
Number of asset objects unloaded after import = 3
========================================================================
Received Import Request.
  Time since last request: 0.463773 seconds.
  path: Assets/Pixelart Graphical User Interface/Pixelart Graphical User Interface/Icons Style 4/Style 4 Icon 148.png
  artifactKey: Guid(3d7824927325c9541827f2a438ec5d74) Importer(815301076,1909f56bfc062723c751e8b465ee728b)
Start importing Assets/Pixelart Graphical User Interface/Pixelart Graphical User Interface/Icons Style 4/Style 4 Icon 148.png using Guid(3d7824927325c9541827f2a438ec5d74) Importer(815301076,1909f56bfc062723c751e8b465ee728b)  -> (artifact id: '05dfb3b935d942080e65104eedb1a64a') in 0.025998 seconds
Number of updated asset objects reloaded before import = 0
Number of asset objects unloaded after import = 3
========================================================================
Received Import Request.
  Time since last request: 0.000031 seconds.
  path: Assets/Pixelart Graphical User Interface/Pixelart Graphical User Interface/Icons Style 4/Style 4 Icon 153.png
  artifactKey: Guid(9c00d4bf0f0251f45bd40e079f1c0ad7) Importer(815301076,1909f56bfc062723c751e8b465ee728b)
Start importing Assets/Pixelart Graphical User Interface/Pixelart Graphical User Interface/Icons Style 4/Style 4 Icon 153.png using Guid(9c00d4bf0f0251f45bd40e079f1c0ad7) Importer(815301076,1909f56bfc062723c751e8b465ee728b)  -> (artifact id: '6f735c534de9c522a9a8d519c52a2130') in 0.023562 seconds
Number of updated asset objects reloaded before import = 0
Number of asset objects unloaded after import = 3
========================================================================
Received Import Request.
  Time since last request: 0.472510 seconds.
  path: Assets/Pixelart Graphical User Interface/Pixelart Graphical User Interface/Icons Style 4/Style 4 Icon 160.png
  artifactKey: Guid(eb22bf3f6779c044bb2836fd268c7752) Importer(815301076,1909f56bfc062723c751e8b465ee728b)
Start importing Assets/Pixelart Graphical User Interface/Pixelart Graphical User Interface/Icons Style 4/Style 4 Icon 160.png using Guid(eb22bf3f6779c044bb2836fd268c7752) Importer(815301076,1909f56bfc062723c751e8b465ee728b)  -> (artifact id: '1be7824a826cec89784cf6091954d8af') in 0.020414 seconds
Number of updated asset objects reloaded before import = 0
Number of asset objects unloaded after import = 3
========================================================================
Received Import Request.
  Time since last request: 0.006793 seconds.
  path: Assets/Pixelart Graphical User Interface/Pixelart Graphical User Interface/Icons Style 4/Style 4 Icon 165.png
  artifactKey: Guid(de5649cbcf807984eb1b11f3cbdac3dd) Importer(815301076,1909f56bfc062723c751e8b465ee728b)
Start importing Assets/Pixelart Graphical User Interface/Pixelart Graphical User Interface/Icons Style 4/Style 4 Icon 165.png using Guid(de5649cbcf807984eb1b11f3cbdac3dd) Importer(815301076,1909f56bfc062723c751e8b465ee728b)  -> (artifact id: 'df1866fb840ae367f6af00173de5ae0a') in 0.023635 seconds
Number of updated asset objects reloaded before import = 0
Number of asset objects unloaded after import = 3
========================================================================
Received Import Request.
  Time since last request: 1.352743 seconds.
  path: Assets/Pixelart Graphical User Interface/Pixelart Graphical User Interface/Icons Style 4/Style 4 Icon 172.png
  artifactKey: Guid(ccc8dbaec133b64419a5a21971b3ad7c) Importer(815301076,1909f56bfc062723c751e8b465ee728b)
Start importing Assets/Pixelart Graphical User Interface/Pixelart Graphical User Interface/Icons Style 4/Style 4 Icon 172.png using Guid(ccc8dbaec133b64419a5a21971b3ad7c) Importer(815301076,1909f56bfc062723c751e8b465ee728b)  -> (artifact id: 'b60a278778399523e3dcc7a75d9bb461') in 0.022816 seconds
Number of updated asset objects reloaded before import = 0
Number of asset objects unloaded after import = 3
========================================================================
Received Import Request.
  Time since last request: 0.001893 seconds.
  path: Assets/Pixelart Graphical User Interface/Pixelart Graphical User Interface/Icons Style 4/Style 4 Icon 177.png
  artifactKey: Guid(e633ea09a5129f146988d884ba684c99) Importer(815301076,1909f56bfc062723c751e8b465ee728b)
Start importing Assets/Pixelart Graphical User Interface/Pixelart Graphical User Interface/Icons Style 4/Style 4 Icon 177.png using Guid(e633ea09a5129f146988d884ba684c99) Importer(815301076,1909f56bfc062723c751e8b465ee728b)  -> (artifact id: '8584991d11112cc4e6800037cdc99e8e') in 0.023980 seconds
Number of updated asset objects reloaded before import = 0
Number of asset objects unloaded after import = 3
========================================================================
Received Import Request.
  Time since last request: 0.857177 seconds.
  path: Assets/Pixelart Graphical User Interface/Pixelart Graphical User Interface/Icons Style 4/Style 4 Icon 184.png
  artifactKey: Guid(fe0d388e6063d8b4682341320c5eb31a) Importer(815301076,1909f56bfc062723c751e8b465ee728b)
Start importing Assets/Pixelart Graphical User Interface/Pixelart Graphical User Interface/Icons Style 4/Style 4 Icon 184.png using Guid(fe0d388e6063d8b4682341320c5eb31a) Importer(815301076,1909f56bfc062723c751e8b465ee728b)  -> (artifact id: 'e710eb53e709ea3d3f2d00aa4b6187d8') in 0.020666 seconds
Number of updated asset objects reloaded before import = 0
Number of asset objects unloaded after import = 3
========================================================================
Received Import Request.
  Time since last request: 0.001235 seconds.
  path: Assets/Pixelart Graphical User Interface/Pixelart Graphical User Interface/Icons Style 4/Style 4 Icon 189.png
  artifactKey: Guid(561df099427bb7245b1fa57014c6594a) Importer(815301076,1909f56bfc062723c751e8b465ee728b)
Start importing Assets/Pixelart Graphical User Interface/Pixelart Graphical User Interface/Icons Style 4/Style 4 Icon 189.png using Guid(561df099427bb7245b1fa57014c6594a) Importer(815301076,1909f56bfc062723c751e8b465ee728b)  -> (artifact id: '65891b09069c35da0b2d3a639cce6040') in 0.023260 seconds
Number of updated asset objects reloaded before import = 0
Number of asset objects unloaded after import = 3
========================================================================
Received Import Request.
  Time since last request: 0.426735 seconds.
  path: Assets/Pixelart Graphical User Interface/Pixelart Graphical User Interface/Icons Style 4/Style 4 Icon 196.png
  artifactKey: Guid(8a172b036041b8d4dbc8db0862b15a28) Importer(815301076,1909f56bfc062723c751e8b465ee728b)
Start importing Assets/Pixelart Graphical User Interface/Pixelart Graphical User Interface/Icons Style 4/Style 4 Icon 196.png using Guid(8a172b036041b8d4dbc8db0862b15a28) Importer(815301076,1909f56bfc062723c751e8b465ee728b)  -> (artifact id: '5f96ad525374aca99841785abb753ef1') in 0.020422 seconds
Number of updated asset objects reloaded before import = 0
Number of asset objects unloaded after import = 3
========================================================================
Received Import Request.
  Time since last request: 0.003989 seconds.
  path: Assets/Pixelart Graphical User Interface/Pixelart Graphical User Interface/Icons Style 4/Style 4 Icon 201.png
  artifactKey: Guid(22563443c8448304883298534747b9af) Importer(815301076,1909f56bfc062723c751e8b465ee728b)
Start importing Assets/Pixelart Graphical User Interface/Pixelart Graphical User Interface/Icons Style 4/Style 4 Icon 201.png using Guid(22563443c8448304883298534747b9af) Importer(815301076,1909f56bfc062723c751e8b465ee728b)  -> (artifact id: 'c9e912c1236bad7964c86b5988b424d5') in 0.022288 seconds
Number of updated asset objects reloaded before import = 0
Number of asset objects unloaded after import = 3
========================================================================
Received Import Request.
  Time since last request: 1.763535 seconds.
  path: Assets/Pixelart Graphical User Interface/Pixelart Graphical User Interface/Icons Style 4/Style 4 Icon 208.png
  artifactKey: Guid(0ec04724c4b18d744a5bab36c662eeee) Importer(815301076,1909f56bfc062723c751e8b465ee728b)
Start importing Assets/Pixelart Graphical User Interface/Pixelart Graphical User Interface/Icons Style 4/Style 4 Icon 208.png using Guid(0ec04724c4b18d744a5bab36c662eeee) Importer(815301076,1909f56bfc062723c751e8b465ee728b)  -> (artifact id: 'c393d31190f8249cb17e2777707c337e') in 0.022516 seconds
Number of updated asset objects reloaded before import = 0
Number of asset objects unloaded after import = 3
========================================================================
Received Import Request.
  Time since last request: 0.002413 seconds.
  path: Assets/Pixelart Graphical User Interface/Pixelart Graphical User Interface/Icons Style 4/Style 4 Icon 213.png
  artifactKey: Guid(0176cff936d31254f96950e90e246013) Importer(815301076,1909f56bfc062723c751e8b465ee728b)
Start importing Assets/Pixelart Graphical User Interface/Pixelart Graphical User Interface/Icons Style 4/Style 4 Icon 213.png using Guid(0176cff936d31254f96950e90e246013) Importer(815301076,1909f56bfc062723c751e8b465ee728b)  -> (artifact id: '88711b884e55e6a006a5a895ee3960c4') in 0.025496 seconds
Number of updated asset objects reloaded before import = 0
Number of asset objects unloaded after import = 3
========================================================================
Received Import Request.
  Time since last request: 0.893307 seconds.
  path: Assets/Pixelart Graphical User Interface/Pixelart Graphical User Interface/Icons Style 4/Style 4 Icon 220.png
  artifactKey: Guid(d205c33f38248dd42b2ff65de7aa8f12) Importer(815301076,1909f56bfc062723c751e8b465ee728b)
Start importing Assets/Pixelart Graphical User Interface/Pixelart Graphical User Interface/Icons Style 4/Style 4 Icon 220.png using Guid(d205c33f38248dd42b2ff65de7aa8f12) Importer(815301076,1909f56bfc062723c751e8b465ee728b)  -> (artifact id: '5cfd56e562481ec1aae2c5b41fb4caac') in 0.023425 seconds
Number of updated asset objects reloaded before import = 0
Number of asset objects unloaded after import = 3
========================================================================
Received Import Request.
  Time since last request: 0.000016 seconds.
  path: Assets/Pixelart Graphical User Interface/Pixelart Graphical User Interface/Icons Style 4/Style 4 Icon 225.png
  artifactKey: Guid(aaa420e2cde2a9a429a7b32be5ac96b7) Importer(815301076,1909f56bfc062723c751e8b465ee728b)
Start importing Assets/Pixelart Graphical User Interface/Pixelart Graphical User Interface/Icons Style 4/Style 4 Icon 225.png using Guid(aaa420e2cde2a9a429a7b32be5ac96b7) Importer(815301076,1909f56bfc062723c751e8b465ee728b)  -> (artifact id: 'e94098420c4f264ebe378bc464274c2d') in 0.022502 seconds
Number of updated asset objects reloaded before import = 0
Number of asset objects unloaded after import = 3
========================================================================
Received Import Request.
  Time since last request: 0.462067 seconds.
  path: Assets/Pixelart Graphical User Interface/Pixelart Graphical User Interface/Icons Style 4/Style 4 Icon 232.png
  artifactKey: Guid(5b3a9f2ad6071d3428468ca7132886b6) Importer(815301076,1909f56bfc062723c751e8b465ee728b)
Start importing Assets/Pixelart Graphical User Interface/Pixelart Graphical User Interface/Icons Style 4/Style 4 Icon 232.png using Guid(5b3a9f2ad6071d3428468ca7132886b6) Importer(815301076,1909f56bfc062723c751e8b465ee728b)  -> (artifact id: '936c0b471f95bbc5ea1627b7780916d6') in 0.024349 seconds
Number of updated asset objects reloaded before import = 0
Number of asset objects unloaded after import = 3
========================================================================
Received Import Request.
  Time since last request: 0.003673 seconds.
  path: Assets/Pixelart Graphical User Interface/Pixelart Graphical User Interface/Icons Style 4/Style 4 Icon 237.png
  artifactKey: Guid(744e0d5c832e9544bb1f67f9ac37b826) Importer(815301076,1909f56bfc062723c751e8b465ee728b)
Start importing Assets/Pixelart Graphical User Interface/Pixelart Graphical User Interface/Icons Style 4/Style 4 Icon 237.png using Guid(744e0d5c832e9544bb1f67f9ac37b826) Importer(815301076,1909f56bfc062723c751e8b465ee728b)  -> (artifact id: 'fb470c7e85d83c5209104039898de6c8') in 0.023238 seconds
Number of updated asset objects reloaded before import = 0
Number of asset objects unloaded after import = 3
========================================================================
Received Import Request.
  Time since last request: 0.517990 seconds.
  path: Assets/Pixelart Graphical User Interface/Pixelart Graphical User Interface/Icons Style 4/Style 4 Icon 244.png
  artifactKey: Guid(9a3bf9551c8b07040baa02635d169d9b) Importer(815301076,1909f56bfc062723c751e8b465ee728b)
Start importing Assets/Pixelart Graphical User Interface/Pixelart Graphical User Interface/Icons Style 4/Style 4 Icon 244.png using Guid(9a3bf9551c8b07040baa02635d169d9b) Importer(815301076,1909f56bfc062723c751e8b465ee728b)  -> (artifact id: 'e24f4d22c255bb2deacfe20c5600e3f8') in 0.023005 seconds
Number of updated asset objects reloaded before import = 0
Number of asset objects unloaded after import = 3
========================================================================
Received Import Request.
  Time since last request: 0.000020 seconds.
  path: Assets/Pixelart Graphical User Interface/Pixelart Graphical User Interface/Icons Style 4/Style 4 Icon 249.png
  artifactKey: Guid(642ce9f990aa20442bb1dbf8665c1d2f) Importer(815301076,1909f56bfc062723c751e8b465ee728b)
Start importing Assets/Pixelart Graphical User Interface/Pixelart Graphical User Interface/Icons Style 4/Style 4 Icon 249.png using Guid(642ce9f990aa20442bb1dbf8665c1d2f) Importer(815301076,1909f56bfc062723c751e8b465ee728b)  -> (artifact id: 'ddf897655a587d22d992e299c6d263b5') in 0.021219 seconds
Number of updated asset objects reloaded before import = 0
Number of asset objects unloaded after import = 3
========================================================================
Received Import Request.
  Time since last request: 1.166306 seconds.
  path: Assets/Pixelart Graphical User Interface/Pixelart Graphical User Interface/Icons Style 4/Style 4 Icon 256.png
  artifactKey: Guid(f846266a5cdb5724eb8031170effc4ae) Importer(815301076,1909f56bfc062723c751e8b465ee728b)
Start importing Assets/Pixelart Graphical User Interface/Pixelart Graphical User Interface/Icons Style 4/Style 4 Icon 256.png using Guid(f846266a5cdb5724eb8031170effc4ae) Importer(815301076,1909f56bfc062723c751e8b465ee728b)  -> (artifact id: 'a7b458fe29e752d959fb6de6097d67cb') in 0.019424 seconds
Number of updated asset objects reloaded before import = 0
Number of asset objects unloaded after import = 3
========================================================================
Received Import Request.
  Time since last request: 0.004308 seconds.
  path: Assets/Pixelart Graphical User Interface/Pixelart Graphical User Interface/Icons Style 4/Style 4 Icon 261.png
  artifactKey: Guid(64c7fb03e5e741742afa0b3522828236) Importer(815301076,1909f56bfc062723c751e8b465ee728b)
Start importing Assets/Pixelart Graphical User Interface/Pixelart Graphical User Interface/Icons Style 4/Style 4 Icon 261.png using Guid(64c7fb03e5e741742afa0b3522828236) Importer(815301076,1909f56bfc062723c751e8b465ee728b)  -> (artifact id: 'ef475a02d5c88b4115821dcceb366af1') in 0.024488 seconds
Number of updated asset objects reloaded before import = 0
Number of asset objects unloaded after import = 3
========================================================================
Received Import Request.
  Time since last request: 0.474025 seconds.
  path: Assets/Pixelart Graphical User Interface/Pixelart Graphical User Interface/Icons Style 4/Style 4 Icon 268.png
  artifactKey: Guid(46de91ac3040d14489cb37687af586ec) Importer(815301076,1909f56bfc062723c751e8b465ee728b)
Start importing Assets/Pixelart Graphical User Interface/Pixelart Graphical User Interface/Icons Style 4/Style 4 Icon 268.png using Guid(46de91ac3040d14489cb37687af586ec) Importer(815301076,1909f56bfc062723c751e8b465ee728b)  -> (artifact id: '90bf9b26f8260b0ab35091417d88f486') in 0.023644 seconds
Number of updated asset objects reloaded before import = 0
Number of asset objects unloaded after import = 3
========================================================================
Received Import Request.
  Time since last request: 0.002791 seconds.
  path: Assets/Pixelart Graphical User Interface/Pixelart Graphical User Interface/Icons Style 4/Style 4 Icon 273.png
  artifactKey: Guid(a94f1f2b7b6f7134b991dcd8a9d066e5) Importer(815301076,1909f56bfc062723c751e8b465ee728b)
Start importing Assets/Pixelart Graphical User Interface/Pixelart Graphical User Interface/Icons Style 4/Style 4 Icon 273.png using Guid(a94f1f2b7b6f7134b991dcd8a9d066e5) Importer(815301076,1909f56bfc062723c751e8b465ee728b)  -> (artifact id: '7cf823a770dc9018c7a1caad3e6bcb2e') in 0.023718 seconds
Number of updated asset objects reloaded before import = 0
Number of asset objects unloaded after import = 3
========================================================================
Received Import Request.
  Time since last request: 0.923635 seconds.
  path: Assets/Pixelart Graphical User Interface/Pixelart Graphical User Interface/Icons Style 4/Style 4 Icon 280.png
  artifactKey: Guid(429ff71b3206cb64888569150310399d) Importer(815301076,1909f56bfc062723c751e8b465ee728b)
Start importing Assets/Pixelart Graphical User Interface/Pixelart Graphical User Interface/Icons Style 4/Style 4 Icon 280.png using Guid(429ff71b3206cb64888569150310399d) Importer(815301076,1909f56bfc062723c751e8b465ee728b)  -> (artifact id: '714dc83a696c3fb9c37f6c6c712c2f24') in 0.023110 seconds
Number of updated asset objects reloaded before import = 0
Number of asset objects unloaded after import = 3
========================================================================
Received Import Request.
  Time since last request: 0.000016 seconds.
  path: Assets/Pixelart Graphical User Interface/Pixelart Graphical User Interface/Icons Style 4/Style 4 Icon 285.png
  artifactKey: Guid(27cb7997c8f37fa438e0c95ddbaa34b5) Importer(815301076,1909f56bfc062723c751e8b465ee728b)
Start importing Assets/Pixelart Graphical User Interface/Pixelart Graphical User Interface/Icons Style 4/Style 4 Icon 285.png using Guid(27cb7997c8f37fa438e0c95ddbaa34b5) Importer(815301076,1909f56bfc062723c751e8b465ee728b)  -> (artifact id: '9bd28edb37c21cf1c5d86553c68c0551') in 0.025438 seconds
Number of updated asset objects reloaded before import = 0
Number of asset objects unloaded after import = 3
========================================================================
Received Import Request.
  Time since last request: 0.970228 seconds.
  path: Assets/Pixelart Graphical User Interface/Pixelart Graphical User Interface/Icons Style 4/Style 4 Icon 292.png
  artifactKey: Guid(aea3aaa0c333dcd498f5f75c4d6f6eb4) Importer(815301076,1909f56bfc062723c751e8b465ee728b)
Start importing Assets/Pixelart Graphical User Interface/Pixelart Graphical User Interface/Icons Style 4/Style 4 Icon 292.png using Guid(aea3aaa0c333dcd498f5f75c4d6f6eb4) Importer(815301076,1909f56bfc062723c751e8b465ee728b)  -> (artifact id: '50206af0ca223a98d3286c61ac77a31c') in 0.026656 seconds
Number of updated asset objects reloaded before import = 0
Number of asset objects unloaded after import = 3
========================================================================
Received Import Request.
  Time since last request: 0.000019 seconds.
  path: Assets/Pixelart Graphical User Interface/Pixelart Graphical User Interface/Icons Style 4/Style 4 Icon 297.png
  artifactKey: Guid(7a06558747bbe3346a619d1946ceaa04) Importer(815301076,1909f56bfc062723c751e8b465ee728b)
Start importing Assets/Pixelart Graphical User Interface/Pixelart Graphical User Interface/Icons Style 4/Style 4 Icon 297.png using Guid(7a06558747bbe3346a619d1946ceaa04) Importer(815301076,1909f56bfc062723c751e8b465ee728b)  -> (artifact id: '823b33ca44b88e316ee698ffb6298835') in 0.022870 seconds
Number of updated asset objects reloaded before import = 0
Number of asset objects unloaded after import = 3
========================================================================
Received Import Request.
  Time since last request: 0.480490 seconds.
  path: Assets/Pixelart Graphical User Interface/Pixelart Graphical User Interface/Icons Style 4/Style 4 Icon 304.png
  artifactKey: Guid(3e78603aead759c438666ee32a85ec96) Importer(815301076,1909f56bfc062723c751e8b465ee728b)
Start importing Assets/Pixelart Graphical User Interface/Pixelart Graphical User Interface/Icons Style 4/Style 4 Icon 304.png using Guid(3e78603aead759c438666ee32a85ec96) Importer(815301076,1909f56bfc062723c751e8b465ee728b)  -> (artifact id: 'bb4849aed79cb7888994d23a547918b3') in 0.024446 seconds
Number of updated asset objects reloaded before import = 0
Number of asset objects unloaded after import = 3
========================================================================
Received Import Request.
  Time since last request: 0.000026 seconds.
  path: Assets/Pixelart Graphical User Interface/Pixelart Graphical User Interface/Icons Style 4/Style 4 Icon 309.png
  artifactKey: Guid(6063c818bee27904086ba0014830aa6a) Importer(815301076,1909f56bfc062723c751e8b465ee728b)
Start importing Assets/Pixelart Graphical User Interface/Pixelart Graphical User Interface/Icons Style 4/Style 4 Icon 309.png using Guid(6063c818bee27904086ba0014830aa6a) Importer(815301076,1909f56bfc062723c751e8b465ee728b)  -> (artifact id: '5e88d81a6e1d7865823ce06750f4ad07') in 0.022235 seconds
Number of updated asset objects reloaded before import = 0
Number of asset objects unloaded after import = 3
========================================================================
Received Import Request.
  Time since last request: 0.568780 seconds.
  path: Assets/Pixelart Graphical User Interface/Pixelart Graphical User Interface/Icons Style 4/Style 4 Icon 316.png
  artifactKey: Guid(7989c4a8643872541a33451c3a587f2b) Importer(815301076,1909f56bfc062723c751e8b465ee728b)
Start importing Assets/Pixelart Graphical User Interface/Pixelart Graphical User Interface/Icons Style 4/Style 4 Icon 316.png using Guid(7989c4a8643872541a33451c3a587f2b) Importer(815301076,1909f56bfc062723c751e8b465ee728b)  -> (artifact id: 'ff756142be06cbf06fd156b505a8b997') in 0.026462 seconds
Number of updated asset objects reloaded before import = 0
Number of asset objects unloaded after import = 3
========================================================================
Received Import Request.
  Time since last request: 0.000023 seconds.
  path: Assets/Pixelart Graphical User Interface/Pixelart Graphical User Interface/Icons Style 4/Style 4 Icon 321.png
  artifactKey: Guid(a310f2d1d1180e54b8401cce20a202f0) Importer(815301076,1909f56bfc062723c751e8b465ee728b)
Start importing Assets/Pixelart Graphical User Interface/Pixelart Graphical User Interface/Icons Style 4/Style 4 Icon 321.png using Guid(a310f2d1d1180e54b8401cce20a202f0) Importer(815301076,1909f56bfc062723c751e8b465ee728b)  -> (artifact id: '110c9d4c7bf8138abe646c559281d9ad') in 0.025304 seconds
Number of updated asset objects reloaded before import = 0
Number of asset objects unloaded after import = 3
Editor requested this worker to shutdown with reason: Scaling down because of idle timeout
TcpMessagingSession - receive error: operation aborted. errorcode: 995, details: The I/O operation has been aborted because of either a thread exit or an application request.
AssetImportWorker is now disconnected from the server
Process exiting
Exiting without the bug reporter. Application will terminate with return code 0