Using pre-set license
Built from '2022.3/staging' branch; Version is '2022.3.9f1 (ea401c316338) revision 15351836'; Using compiler version '192829333'; Build Type 'Release'
OS: 'Windows 11  (10.0.22631) 64bit Core' Language: 'en' Physical Memory: 15557 MB
BatchMode: 1, IsHumanControllingUs: 0, StartBugReporterOnCrash: 0, Is64bit: 1, IsPro: 1

COMMAND LINE ARGUMENTS:
C:\Program Files\Unity 2022.3.9f1\Editor\Unity.exe
-adb2
-batchMode
-noUpm
-name
AssetImportWorker7
-projectPath
C:/Users/garet/OneDrive/Desktop/EmberShadows
-logFile
Logs/AssetImportWorker7.log
-srvPort
50746
Successfully changed project path to: C:/Users/garet/OneDrive/Desktop/EmberShadows
C:/Users/garet/OneDrive/Desktop/EmberShadows
[UnityMemory] Configuration Parameters - Can be set up in boot.config
    "memorysetup-bucket-allocator-granularity=16"
    "memorysetup-bucket-allocator-bucket-count=8"
    "memorysetup-bucket-allocator-block-size=33554432"
    "memorysetup-bucket-allocator-block-count=8"
    "memorysetup-main-allocator-block-size=16777216"
    "memorysetup-thread-allocator-block-size=16777216"
    "memorysetup-gfx-main-allocator-block-size=16777216"
    "memorysetup-gfx-thread-allocator-block-size=16777216"
    "memorysetup-cache-allocator-block-size=4194304"
    "memorysetup-typetree-allocator-block-size=2097152"
    "memorysetup-profiler-bucket-allocator-granularity=16"
    "memorysetup-profiler-bucket-allocator-bucket-count=8"
    "memorysetup-profiler-bucket-allocator-block-size=33554432"
    "memorysetup-profiler-bucket-allocator-block-count=8"
    "memorysetup-profiler-allocator-block-size=16777216"
    "memorysetup-profiler-editor-allocator-block-size=1048576"
    "memorysetup-temp-allocator-size-main=16777216"
    "memorysetup-job-temp-allocator-block-size=2097152"
    "memorysetup-job-temp-allocator-block-size-background=1048576"
    "memorysetup-job-temp-allocator-reduction-small-platforms=262144"
    "memorysetup-allocator-temp-initial-block-size-main=262144"
    "memorysetup-allocator-temp-initial-block-size-worker=262144"
    "memorysetup-temp-allocator-size-background-worker=32768"
    "memorysetup-temp-allocator-size-job-worker=262144"
    "memorysetup-temp-allocator-size-preload-manager=33554432"
    "memorysetup-temp-allocator-size-nav-mesh-worker=65536"
    "memorysetup-temp-allocator-size-audio-worker=65536"
    "memorysetup-temp-allocator-size-cloud-worker=32768"
    "memorysetup-temp-allocator-size-gi-baking-worker=262144"
    "memorysetup-temp-allocator-size-gfx=262144"
Player connection [26496] Host "[IP] 172.20.10.2 [Port] 0 [Flags] 2 [Guid] 2131471077 [EditorId] 2131471077 [Version] 1048832 [Id] WindowsEditor(7,GarethsLaptop) [Debug] 1 [PackageName] WindowsEditor [ProjectName] Editor" joined multi-casting on [225.0.0.222:54997]...

Player connection [26496] Host "[IP] 172.20.10.2 [Port] 0 [Flags] 2 [Guid] 2131471077 [EditorId] 2131471077 [Version] 1048832 [Id] WindowsEditor(7,GarethsLaptop) [Debug] 1 [PackageName] WindowsEditor [ProjectName] Editor" joined alternative multi-casting on [225.0.0.222:34997]...

[Physics::Module] Initialized MultithreadedJobDispatcher with 15 workers.
Refreshing native plugins compatible for Editor in 13.27 ms, found 4 plugins.
Preloading 0 native plugins for Editor in 0.00 ms.
Initialize engine version: 2022.3.9f1 (ea401c316338)
[Subsystems] Discovering subsystems at path C:/Program Files/Unity 2022.3.9f1/Editor/Data/Resources/UnitySubsystems
[Subsystems] Discovering subsystems at path C:/Users/garet/OneDrive/Desktop/EmberShadows/Assets
GfxDevice: creating device client; threaded=0; jobified=0
Direct3D:
    Version:  Direct3D 11.0 [level 11.1]
    Renderer: NVIDIA GeForce RTX 3050 Laptop GPU (ID=0x25a2)
    Vendor:   NVIDIA
    VRAM:     3977 MB
    Driver:   31.0.15.3770
Initialize mono
Mono path[0] = 'C:/Program Files/Unity 2022.3.9f1/Editor/Data/Managed'
Mono path[1] = 'C:/Program Files/Unity 2022.3.9f1/Editor/Data/MonoBleedingEdge/lib/mono/unityjit-win32'
Mono config path = 'C:/Program Files/Unity 2022.3.9f1/Editor/Data/MonoBleedingEdge/etc'
Using monoOptions --debugger-agent=transport=dt_socket,embedding=1,server=y,suspend=n,address=127.0.0.1:56680
Begin MonoManager ReloadAssembly
Registering precompiled unity dll's ...
Register platform support module: C:/Program Files/Unity 2022.3.9f1/Editor/Data/PlaybackEngines/WindowsStandaloneSupport/UnityEditor.WindowsStandalone.Extensions.dll
Registered in 0.004820 seconds.
- Loaded All Assemblies, in  0.271 seconds
Native extension for WindowsStandalone target not found
Mono: successfully reloaded assembly
- Finished resetting the current domain, in  0.201 seconds
Domain Reload Profiling: 471ms
	BeginReloadAssembly (90ms)
		ExecutionOrderSort (0ms)
		DisableScriptedObjects (0ms)
		BackupInstance (0ms)
		ReleaseScriptingObjects (0ms)
		CreateAndSetChildDomain (1ms)
	RebuildCommonClasses (24ms)
	RebuildNativeTypeToScriptingClass (7ms)
	initialDomainReloadingComplete (46ms)
	LoadAllAssembliesAndSetupDomain (102ms)
		LoadAssemblies (88ms)
		RebuildTransferFunctionScriptingTraits (0ms)
		AnalyzeDomain (100ms)
			TypeCache.Refresh (99ms)
				TypeCache.ScanAssembly (88ms)
			ScanForSourceGeneratedMonoScriptInfo (0ms)
			ResolveRequiredComponents (0ms)
	FinalizeReload (202ms)
		ReleaseScriptCaches (0ms)
		RebuildScriptCaches (0ms)
		SetupLoadedEditorAssemblies (151ms)
			LogAssemblyErrors (0ms)
			InitializePlatformSupportModulesInManaged (7ms)
			SetLoadedEditorAssemblies (6ms)
			RefreshPlugins (0ms)
			BeforeProcessingInitializeOnLoad (2ms)
			ProcessInitializeOnLoadAttributes (100ms)
			ProcessInitializeOnLoadMethodAttributes (36ms)
			AfterProcessingInitializeOnLoad (0ms)
			EditorAssembliesLoaded (0ms)
		ExecutionOrderSort2 (0ms)
		AwakeInstancesAfterBackupRestoration (0ms)
========================================================================
Worker process is ready to serve import requests
Begin MonoManager ReloadAssembly
- Loaded All Assemblies, in  0.578 seconds
Refreshing native plugins compatible for Editor in 6.55 ms, found 4 plugins.
Native extension for WindowsStandalone target not found
Package Manager log level set to [2]
[Package Manager] Server::EnsureServerProcessIsRunning -- launch failed, reason: Unity was launched with the -noUpm command-line argument
[Package Manager] UpmClient::Send -- Unable to send message (not connected to UPM process).
[Package Manager] Cannot connect to Unity Package Manager local server
Mono: successfully reloaded assembly
- Finished resetting the current domain, in  0.553 seconds
Domain Reload Profiling: 1128ms
	BeginReloadAssembly (122ms)
		ExecutionOrderSort (0ms)
		DisableScriptedObjects (4ms)
		BackupInstance (0ms)
		ReleaseScriptingObjects (0ms)
		CreateAndSetChildDomain (21ms)
	RebuildCommonClasses (23ms)
	RebuildNativeTypeToScriptingClass (7ms)
	initialDomainReloadingComplete (37ms)
	LoadAllAssembliesAndSetupDomain (384ms)
		LoadAssemblies (289ms)
		RebuildTransferFunctionScriptingTraits (0ms)
		AnalyzeDomain (162ms)
			TypeCache.Refresh (132ms)
				TypeCache.ScanAssembly (119ms)
			ScanForSourceGeneratedMonoScriptInfo (21ms)
			ResolveRequiredComponents (8ms)
	FinalizeReload (554ms)
		ReleaseScriptCaches (0ms)
		RebuildScriptCaches (0ms)
		SetupLoadedEditorAssemblies (426ms)
			LogAssemblyErrors (0ms)
			InitializePlatformSupportModulesInManaged (6ms)
			SetLoadedEditorAssemblies (5ms)
			RefreshPlugins (0ms)
			BeforeProcessingInitializeOnLoad (75ms)
			ProcessInitializeOnLoadAttributes (271ms)
			ProcessInitializeOnLoadMethodAttributes (62ms)
			AfterProcessingInitializeOnLoad (7ms)
			EditorAssembliesLoaded (0ms)
		ExecutionOrderSort2 (0ms)
		AwakeInstancesAfterBackupRestoration (5ms)
Launched and connected shader compiler UnityShaderCompiler.exe after 0.05 seconds
Refreshing native plugins compatible for Editor in 5.21 ms, found 4 plugins.
Preloading 0 native plugins for Editor in 0.00 ms.
Unloading 5680 Unused Serialized files (Serialized files now loaded: 0)
Unloading 99 unused Assets / (0.9 MB). Loaded Objects now: 6126.
Memory consumption went from 216.9 MB to 216.0 MB.
Total: 3.880600 ms (FindLiveObjects: 0.418800 ms CreateObjectMapping: 0.342000 ms MarkObjects: 2.569700 ms  DeleteObjects: 0.548400 ms)

AssetImportParameters requested are different than current active one (requested -> active):
  custom:container-demuxer-ogg: 62fdf1f143b41e24485cea50d1cbac27 -> 
  custom:video-codec-MediaFoundation-h265: 746d11721c4dcdbdad8f713fa42b33f4 -> 
  custom:video-decoder-ogg-theora: a1e56fd34408186e4bbccfd4996cb3dc -> 
  custom:framework-win-MediaFoundation: 216162199b28c13a410421893ffa2e32 -> 
  custom:CustomObjectIndexerAttribute: a3ef5dd2817f97addfee359851a9dba5 -> 
  custom:container-demuxer-webm: 4f35f7cbe854078d1ac9338744f61a02 -> 
  custom:container-muxer-webm: aa71ff27fc2769a1b78a27578f13a17b -> 
  custom:video-decoder-webm-vp8: 9c59270c3fd7afecdb556c50c9e8de78 -> 
  custom:SearchIndexIgnoredProperties: e643bd26f0fe6173181afceb89e7c659 -> 
  custom:AudioImporter_EditorPlatform: d09bf68614088b80899f8185d706f6e7 -> 
  custom:video-encoder-webm-vp8: eb34c28f22e8b96e1ab97ce403110664 -> 
  custom:audio-decoder-ogg-vorbis: bf7c407c2cedff20999df2af8eb42d56 -> 
  custom:audio-encoder-webm-vorbis: bf7c407c2cedff20999df2af8eb42d56 -> 
========================================================================
Received Import Request.
  Time since last request: 116911.002472 seconds.
  path: Assets/Pixelart Graphical User Interface/Pixelart Graphical User Interface/Icons Style 2/Style 2 Icon 004.png
  artifactKey: Guid(5cdaa9385b3cfbe4c8065cf3c9322ed8) Importer(815301076,1909f56bfc062723c751e8b465ee728b)
Start importing Assets/Pixelart Graphical User Interface/Pixelart Graphical User Interface/Icons Style 2/Style 2 Icon 004.png using Guid(5cdaa9385b3cfbe4c8065cf3c9322ed8) Importer(815301076,1909f56bfc062723c751e8b465ee728b)  -> (artifact id: '5cb71264c2d53ea888aaf3b1dc956aab') in 0.110988 seconds
Number of updated asset objects reloaded before import = 0
Number of asset objects unloaded after import = 3
========================================================================
Received Import Request.
  Time since last request: 0.000018 seconds.
  path: Assets/Pixelart Graphical User Interface/Pixelart Graphical User Interface/Icons Style 2/Style 2 Icon 021.png
  artifactKey: Guid(63e0eee675ffee64299be6b6e0cea51d) Importer(815301076,1909f56bfc062723c751e8b465ee728b)
Start importing Assets/Pixelart Graphical User Interface/Pixelart Graphical User Interface/Icons Style 2/Style 2 Icon 021.png using Guid(63e0eee675ffee64299be6b6e0cea51d) Importer(815301076,1909f56bfc062723c751e8b465ee728b)  -> (artifact id: '2e37ad0443a38df9e5c2b5169a8e8056') in 0.020842 seconds
Number of updated asset objects reloaded before import = 0
Number of asset objects unloaded after import = 3
========================================================================
Received Import Request.
  Time since last request: 0.000019 seconds.
  path: Assets/Pixelart Graphical User Interface/Pixelart Graphical User Interface/Icons Style 2/Style 2 Icon 026.png
  artifactKey: Guid(33cfbd255a88fba45a34c548a83c86c3) Importer(815301076,1909f56bfc062723c751e8b465ee728b)
Start importing Assets/Pixelart Graphical User Interface/Pixelart Graphical User Interface/Icons Style 2/Style 2 Icon 026.png using Guid(33cfbd255a88fba45a34c548a83c86c3) Importer(815301076,1909f56bfc062723c751e8b465ee728b)  -> (artifact id: 'e39edc00fbd5ee8804fa5605b0d2c219') in 0.023401 seconds
Number of updated asset objects reloaded before import = 0
Number of asset objects unloaded after import = 3
========================================================================
Received Import Request.
  Time since last request: 0.000021 seconds.
  path: Assets/Pixelart Graphical User Interface/Pixelart Graphical User Interface/Icons Style 2/Style 2 Icon 028.png
  artifactKey: Guid(6a06ef251b04c214ea31be9ab5786475) Importer(815301076,1909f56bfc062723c751e8b465ee728b)
Start importing Assets/Pixelart Graphical User Interface/Pixelart Graphical User Interface/Icons Style 2/Style 2 Icon 028.png using Guid(6a06ef251b04c214ea31be9ab5786475) Importer(815301076,1909f56bfc062723c751e8b465ee728b)  -> (artifact id: '7612c830ba2ab6e1e4b2db9b8dbae06c') in 0.024337 seconds
Number of updated asset objects reloaded before import = 0
Number of asset objects unloaded after import = 3
========================================================================
Received Import Request.
  Time since last request: 0.000027 seconds.
  path: Assets/Pixelart Graphical User Interface/Pixelart Graphical User Interface/Icons Style 2/Style 2 Icon 036.png
  artifactKey: Guid(aecd3139cf0760645bab7271bd86f93d) Importer(815301076,1909f56bfc062723c751e8b465ee728b)
Start importing Assets/Pixelart Graphical User Interface/Pixelart Graphical User Interface/Icons Style 2/Style 2 Icon 036.png using Guid(aecd3139cf0760645bab7271bd86f93d) Importer(815301076,1909f56bfc062723c751e8b465ee728b)  -> (artifact id: '01a3af0d7315db87729d115fa2620967') in 0.028249 seconds
Number of updated asset objects reloaded before import = 0
Number of asset objects unloaded after import = 3
========================================================================
Received Import Request.
  Time since last request: 1.927034 seconds.
  path: Assets/Pixelart Graphical User Interface/Pixelart Graphical User Interface/Icons Style 3/Style 3 Icon 004.png
  artifactKey: Guid(6ff0aa737afb53b409542da4f8435f91) Importer(815301076,1909f56bfc062723c751e8b465ee728b)
Start importing Assets/Pixelart Graphical User Interface/Pixelart Graphical User Interface/Icons Style 3/Style 3 Icon 004.png using Guid(6ff0aa737afb53b409542da4f8435f91) Importer(815301076,1909f56bfc062723c751e8b465ee728b)  -> (artifact id: '303e1606aede2667ebf9af16fea34ce9') in 0.019726 seconds
Number of updated asset objects reloaded before import = 0
Number of asset objects unloaded after import = 3
========================================================================
Received Import Request.
  Time since last request: 0.002424 seconds.
  path: Assets/Pixelart Graphical User Interface/Pixelart Graphical User Interface/Icons Style 3/Style 3 Icon 009.png
  artifactKey: Guid(97a9b5689a37646429afe54d658c9be0) Importer(815301076,1909f56bfc062723c751e8b465ee728b)
Start importing Assets/Pixelart Graphical User Interface/Pixelart Graphical User Interface/Icons Style 3/Style 3 Icon 009.png using Guid(97a9b5689a37646429afe54d658c9be0) Importer(815301076,1909f56bfc062723c751e8b465ee728b)  -> (artifact id: 'a584453823a40865b19312777272746a') in 0.022777 seconds
Number of updated asset objects reloaded before import = 0
Number of asset objects unloaded after import = 3
========================================================================
Received Import Request.
  Time since last request: 0.000020 seconds.
  path: Assets/Pixelart Graphical User Interface/Pixelart Graphical User Interface/Icons Style 3/Style 3 Icon 014.png
  artifactKey: Guid(48c205751e739764ca885fe1b9fb583b) Importer(815301076,1909f56bfc062723c751e8b465ee728b)
Start importing Assets/Pixelart Graphical User Interface/Pixelart Graphical User Interface/Icons Style 3/Style 3 Icon 014.png using Guid(48c205751e739764ca885fe1b9fb583b) Importer(815301076,1909f56bfc062723c751e8b465ee728b)  -> (artifact id: '5e70a79eb85c0a4c6d0cf58d3fbcf65a') in 0.021646 seconds
Number of updated asset objects reloaded before import = 0
Number of asset objects unloaded after import = 3
========================================================================
Received Import Request.
  Time since last request: 0.000017 seconds.
  path: Assets/Pixelart Graphical User Interface/Pixelart Graphical User Interface/Icons Style 3/Style 3 Icon 019.png
  artifactKey: Guid(5707f514056044747a43d540e4ea84cc) Importer(815301076,1909f56bfc062723c751e8b465ee728b)
Start importing Assets/Pixelart Graphical User Interface/Pixelart Graphical User Interface/Icons Style 3/Style 3 Icon 019.png using Guid(5707f514056044747a43d540e4ea84cc) Importer(815301076,1909f56bfc062723c751e8b465ee728b)  -> (artifact id: '52075f1499eae0991ee8f72066c9d215') in 0.024090 seconds
Number of updated asset objects reloaded before import = 0
Number of asset objects unloaded after import = 3
========================================================================
Received Import Request.
  Time since last request: 0.000023 seconds.
  path: Assets/Pixelart Graphical User Interface/Pixelart Graphical User Interface/Icons Style 3/Style 3 Icon 024.png
  artifactKey: Guid(8e0b74622f222c841a05c9fa4382476a) Importer(815301076,1909f56bfc062723c751e8b465ee728b)
Start importing Assets/Pixelart Graphical User Interface/Pixelart Graphical User Interface/Icons Style 3/Style 3 Icon 024.png using Guid(8e0b74622f222c841a05c9fa4382476a) Importer(815301076,1909f56bfc062723c751e8b465ee728b)  -> (artifact id: 'cec85325f4ce3646a139dcc8c8e75bc2') in 0.022477 seconds
Number of updated asset objects reloaded before import = 0
Number of asset objects unloaded after import = 3
========================================================================
Received Import Request.
  Time since last request: 0.000032 seconds.
  path: Assets/Pixelart Graphical User Interface/Pixelart Graphical User Interface/Icons Style 3/Style 3 Icon 029.png
  artifactKey: Guid(2d7fa9892db7daf458f95aaf5f61c3cb) Importer(815301076,1909f56bfc062723c751e8b465ee728b)
Start importing Assets/Pixelart Graphical User Interface/Pixelart Graphical User Interface/Icons Style 3/Style 3 Icon 029.png using Guid(2d7fa9892db7daf458f95aaf5f61c3cb) Importer(815301076,1909f56bfc062723c751e8b465ee728b)  -> (artifact id: 'fd674fa7a5d7cb09b055cc6daff5666d') in 0.021250 seconds
Number of updated asset objects reloaded before import = 0
Number of asset objects unloaded after import = 3
========================================================================
Received Import Request.
  Time since last request: 0.000016 seconds.
  path: Assets/Pixelart Graphical User Interface/Pixelart Graphical User Interface/Icons Style 3/Style 3 Icon 033.png
  artifactKey: Guid(b2285dee02fc0744b8bd6bfeaec62dae) Importer(815301076,1909f56bfc062723c751e8b465ee728b)
Start importing Assets/Pixelart Graphical User Interface/Pixelart Graphical User Interface/Icons Style 3/Style 3 Icon 033.png using Guid(b2285dee02fc0744b8bd6bfeaec62dae) Importer(815301076,1909f56bfc062723c751e8b465ee728b)  -> (artifact id: '9559f8e8d8a15886524aaa5052121046') in 0.025609 seconds
Number of updated asset objects reloaded before import = 0
Number of asset objects unloaded after import = 3
========================================================================
Received Import Request.
  Time since last request: 1.568928 seconds.
  path: Assets/Pixelart Graphical User Interface/Pixelart Graphical User Interface/Icons Style 3/Style 3 Icon 041.png
  artifactKey: Guid(b6ff498af965f7b43897ab069159ee7c) Importer(815301076,1909f56bfc062723c751e8b465ee728b)
Start importing Assets/Pixelart Graphical User Interface/Pixelart Graphical User Interface/Icons Style 3/Style 3 Icon 041.png using Guid(b6ff498af965f7b43897ab069159ee7c) Importer(815301076,1909f56bfc062723c751e8b465ee728b)  -> (artifact id: 'd2fbf01016a6eaa2d84d2ccb04c5cf2b') in 0.021983 seconds
Number of updated asset objects reloaded before import = 0
Number of asset objects unloaded after import = 3
========================================================================
Received Import Request.
  Time since last request: 0.002384 seconds.
  path: Assets/Pixelart Graphical User Interface/Pixelart Graphical User Interface/Icons Style 3/Style 3 Icon 046.png
  artifactKey: Guid(7cd980cd2528607449ee7b55b5402b33) Importer(815301076,1909f56bfc062723c751e8b465ee728b)
Start importing Assets/Pixelart Graphical User Interface/Pixelart Graphical User Interface/Icons Style 3/Style 3 Icon 046.png using Guid(7cd980cd2528607449ee7b55b5402b33) Importer(815301076,1909f56bfc062723c751e8b465ee728b)  -> (artifact id: 'edb439567a67302565d3e101d6f37480') in 0.023813 seconds
Number of updated asset objects reloaded before import = 0
Number of asset objects unloaded after import = 3
========================================================================
Received Import Request.
  Time since last request: 0.392135 seconds.
  path: Assets/Pixelart Graphical User Interface/Pixelart Graphical User Interface/Icons Style 3/Style 3 Icon 053.png
  artifactKey: Guid(ba8d1af65963d7f4ebfd5edcc570813c) Importer(815301076,1909f56bfc062723c751e8b465ee728b)
Start importing Assets/Pixelart Graphical User Interface/Pixelart Graphical User Interface/Icons Style 3/Style 3 Icon 053.png using Guid(ba8d1af65963d7f4ebfd5edcc570813c) Importer(815301076,1909f56bfc062723c751e8b465ee728b)  -> (artifact id: '4a076cc13f21cc59cd6f0ba43172d35b') in 0.012038 seconds
Number of updated asset objects reloaded before import = 0
Number of asset objects unloaded after import = 3
========================================================================
Received Import Request.
  Time since last request: 0.004689 seconds.
  path: Assets/Pixelart Graphical User Interface/Pixelart Graphical User Interface/Icons Style 3/Style 3 Icon 057.png
  artifactKey: Guid(2acd867fc633a284982481062d824054) Importer(815301076,1909f56bfc062723c751e8b465ee728b)
Start importing Assets/Pixelart Graphical User Interface/Pixelart Graphical User Interface/Icons Style 3/Style 3 Icon 057.png using Guid(2acd867fc633a284982481062d824054) Importer(815301076,1909f56bfc062723c751e8b465ee728b)  -> (artifact id: 'd9201da51deade00bfa8109f4cb797b4') in 0.023778 seconds
Number of updated asset objects reloaded before import = 0
Number of asset objects unloaded after import = 3
========================================================================
Received Import Request.
  Time since last request: 0.319456 seconds.
  path: Assets/Pixelart Graphical User Interface/Pixelart Graphical User Interface/Icons Style 3/Style 3 Icon 065.png
  artifactKey: Guid(1c4f517c094834c40b641a7d0b6f3fa3) Importer(815301076,1909f56bfc062723c751e8b465ee728b)
Start importing Assets/Pixelart Graphical User Interface/Pixelart Graphical User Interface/Icons Style 3/Style 3 Icon 065.png using Guid(1c4f517c094834c40b641a7d0b6f3fa3) Importer(815301076,1909f56bfc062723c751e8b465ee728b)  -> (artifact id: 'd9f319ce1b1d7f678b365aaf9411a7ba') in 0.025240 seconds
Number of updated asset objects reloaded before import = 0
Number of asset objects unloaded after import = 3
========================================================================
Received Import Request.
  Time since last request: 0.000596 seconds.
  path: Assets/Pixelart Graphical User Interface/Pixelart Graphical User Interface/Icons Style 3/Style 3 Icon 070.png
  artifactKey: Guid(4dd84d9b50877b543be5710405da418c) Importer(815301076,1909f56bfc062723c751e8b465ee728b)
Start importing Assets/Pixelart Graphical User Interface/Pixelart Graphical User Interface/Icons Style 3/Style 3 Icon 070.png using Guid(4dd84d9b50877b543be5710405da418c) Importer(815301076,1909f56bfc062723c751e8b465ee728b)  -> (artifact id: '83daca89a50c4448cccf4f880ed9fb6d') in 0.021555 seconds
Number of updated asset objects reloaded before import = 0
Number of asset objects unloaded after import = 3
========================================================================
Received Import Request.
  Time since last request: 0.340313 seconds.
  path: Assets/Pixelart Graphical User Interface/Pixelart Graphical User Interface/Icons Style 3/Style 3 Icon 077.png
  artifactKey: Guid(fe35c708c3bf3f048936677a9d413d90) Importer(815301076,1909f56bfc062723c751e8b465ee728b)
Start importing Assets/Pixelart Graphical User Interface/Pixelart Graphical User Interface/Icons Style 3/Style 3 Icon 077.png using Guid(fe35c708c3bf3f048936677a9d413d90) Importer(815301076,1909f56bfc062723c751e8b465ee728b)  -> (artifact id: '45a56b8b390ff72d164d236a01f1fa0f') in 0.024517 seconds
Number of updated asset objects reloaded before import = 0
Number of asset objects unloaded after import = 3
========================================================================
Received Import Request.
  Time since last request: 0.000020 seconds.
  path: Assets/Pixelart Graphical User Interface/Pixelart Graphical User Interface/Icons Style 3/Style 3 Icon 082.png
  artifactKey: Guid(9d4f0bc3b2ccd05488b762920ad66b78) Importer(815301076,1909f56bfc062723c751e8b465ee728b)
Start importing Assets/Pixelart Graphical User Interface/Pixelart Graphical User Interface/Icons Style 3/Style 3 Icon 082.png using Guid(9d4f0bc3b2ccd05488b762920ad66b78) Importer(815301076,1909f56bfc062723c751e8b465ee728b)  -> (artifact id: 'd9d9acb5a0842e95d6a9108475cf72f3') in 0.027492 seconds
Number of updated asset objects reloaded before import = 0
Number of asset objects unloaded after import = 3
========================================================================
Received Import Request.
  Time since last request: 0.316926 seconds.
  path: Assets/Pixelart Graphical User Interface/Pixelart Graphical User Interface/Icons Style 3/Style 3 Icon 089.png
  artifactKey: Guid(cc43679a8d1a0384a9172eba03535904) Importer(815301076,1909f56bfc062723c751e8b465ee728b)
Start importing Assets/Pixelart Graphical User Interface/Pixelart Graphical User Interface/Icons Style 3/Style 3 Icon 089.png using Guid(cc43679a8d1a0384a9172eba03535904) Importer(815301076,1909f56bfc062723c751e8b465ee728b)  -> (artifact id: 'a8a90a83bcefb7b845dde7b69427908f') in 0.023715 seconds
Number of updated asset objects reloaded before import = 0
Number of asset objects unloaded after import = 3
========================================================================
Received Import Request.
  Time since last request: 0.000018 seconds.
  path: Assets/Pixelart Graphical User Interface/Pixelart Graphical User Interface/Icons Style 3/Style 3 Icon 094.png
  artifactKey: Guid(78ff3c45941849b4890321b7ea4ab37a) Importer(815301076,1909f56bfc062723c751e8b465ee728b)
Start importing Assets/Pixelart Graphical User Interface/Pixelart Graphical User Interface/Icons Style 3/Style 3 Icon 094.png using Guid(78ff3c45941849b4890321b7ea4ab37a) Importer(815301076,1909f56bfc062723c751e8b465ee728b)  -> (artifact id: 'd536734934005ac49fb3511fa7131058') in 0.029369 seconds
Number of updated asset objects reloaded before import = 0
Number of asset objects unloaded after import = 3
========================================================================
Received Import Request.
  Time since last request: 0.015296 seconds.
  path: Assets/Pixelart Graphical User Interface/Pixelart Graphical User Interface/Icons Style 3/Style 3 Icon 101.png
  artifactKey: Guid(49aee1f9c2911624c9310ac7205528f5) Importer(815301076,1909f56bfc062723c751e8b465ee728b)
Start importing Assets/Pixelart Graphical User Interface/Pixelart Graphical User Interface/Icons Style 3/Style 3 Icon 101.png using Guid(49aee1f9c2911624c9310ac7205528f5) Importer(815301076,1909f56bfc062723c751e8b465ee728b)  -> (artifact id: '1db88aabdcffc99111ea8b6a445e558c') in 0.022822 seconds
Number of updated asset objects reloaded before import = 0
Number of asset objects unloaded after import = 3
========================================================================
Received Import Request.
  Time since last request: 0.000017 seconds.
  path: Assets/Pixelart Graphical User Interface/Pixelart Graphical User Interface/Icons Style 3/Style 3 Icon 106.png
  artifactKey: Guid(ee6c52b0728686444b201893be6bc15c) Importer(815301076,1909f56bfc062723c751e8b465ee728b)
Start importing Assets/Pixelart Graphical User Interface/Pixelart Graphical User Interface/Icons Style 3/Style 3 Icon 106.png using Guid(ee6c52b0728686444b201893be6bc15c) Importer(815301076,1909f56bfc062723c751e8b465ee728b)  -> (artifact id: '147a29fe7011e2af6674900bd266538a') in 0.024824 seconds
Number of updated asset objects reloaded before import = 0
Number of asset objects unloaded after import = 3
========================================================================
Received Import Request.
  Time since last request: 0.268773 seconds.
  path: Assets/Pixelart Graphical User Interface/Pixelart Graphical User Interface/Icons Style 3/Style 3 Icon 113.png
  artifactKey: Guid(e02849609e881ad4f8bd6b242a7c3e92) Importer(815301076,1909f56bfc062723c751e8b465ee728b)
Start importing Assets/Pixelart Graphical User Interface/Pixelart Graphical User Interface/Icons Style 3/Style 3 Icon 113.png using Guid(e02849609e881ad4f8bd6b242a7c3e92) Importer(815301076,1909f56bfc062723c751e8b465ee728b)  -> (artifact id: '4a669790909772bf7c79b05487114e3c') in 0.027610 seconds
Number of updated asset objects reloaded before import = 0
Number of asset objects unloaded after import = 3
========================================================================
Received Import Request.
  Time since last request: 0.000016 seconds.
  path: Assets/Pixelart Graphical User Interface/Pixelart Graphical User Interface/Icons Style 3/Style 3 Icon 118.png
  artifactKey: Guid(eacd790280bbb4047b979f1ee5690645) Importer(815301076,1909f56bfc062723c751e8b465ee728b)
Start importing Assets/Pixelart Graphical User Interface/Pixelart Graphical User Interface/Icons Style 3/Style 3 Icon 118.png using Guid(eacd790280bbb4047b979f1ee5690645) Importer(815301076,1909f56bfc062723c751e8b465ee728b)  -> (artifact id: '8ed6d632cae9132d7bdb5e99905398b5') in 0.026794 seconds
Number of updated asset objects reloaded before import = 0
Number of asset objects unloaded after import = 3
========================================================================
Received Import Request.
  Time since last request: 0.336170 seconds.
  path: Assets/Pixelart Graphical User Interface/Pixelart Graphical User Interface/Icons Style 3/Style 3 Icon 125.png
  artifactKey: Guid(845d0d1a91e1efa48b03dd07af8ff309) Importer(815301076,1909f56bfc062723c751e8b465ee728b)
Start importing Assets/Pixelart Graphical User Interface/Pixelart Graphical User Interface/Icons Style 3/Style 3 Icon 125.png using Guid(845d0d1a91e1efa48b03dd07af8ff309) Importer(815301076,1909f56bfc062723c751e8b465ee728b)  -> (artifact id: 'c21c96d8be10ad28e9a30ef87862da15') in 0.024231 seconds
Number of updated asset objects reloaded before import = 0
Number of asset objects unloaded after import = 3
========================================================================
Received Import Request.
  Time since last request: 0.000892 seconds.
  path: Assets/Pixelart Graphical User Interface/Pixelart Graphical User Interface/Icons Style 3/Style 3 Icon 130.png
  artifactKey: Guid(60dfb6ce04fdb85448dccec089c572e9) Importer(815301076,1909f56bfc062723c751e8b465ee728b)
Start importing Assets/Pixelart Graphical User Interface/Pixelart Graphical User Interface/Icons Style 3/Style 3 Icon 130.png using Guid(60dfb6ce04fdb85448dccec089c572e9) Importer(815301076,1909f56bfc062723c751e8b465ee728b)  -> (artifact id: 'f679871da403c2c7508d817daf4cd406') in 0.021028 seconds
Number of updated asset objects reloaded before import = 0
Number of asset objects unloaded after import = 3
========================================================================
Received Import Request.
  Time since last request: 0.289098 seconds.
  path: Assets/Pixelart Graphical User Interface/Pixelart Graphical User Interface/Icons Style 3/Style 3 Icon 137.png
  artifactKey: Guid(80215dafd2a715a48aa3f8b7eb02410e) Importer(815301076,1909f56bfc062723c751e8b465ee728b)
Start importing Assets/Pixelart Graphical User Interface/Pixelart Graphical User Interface/Icons Style 3/Style 3 Icon 137.png using Guid(80215dafd2a715a48aa3f8b7eb02410e) Importer(815301076,1909f56bfc062723c751e8b465ee728b)  -> (artifact id: '589159e54c29af08e43fbd0e7465ab39') in 0.028140 seconds
Number of updated asset objects reloaded before import = 0
Number of asset objects unloaded after import = 3
========================================================================
Received Import Request.
  Time since last request: 0.000019 seconds.
  path: Assets/Pixelart Graphical User Interface/Pixelart Graphical User Interface/Icons Style 3/Style 3 Icon 142.png
  artifactKey: Guid(5527fedf85552ad43a6992e7f7542391) Importer(815301076,1909f56bfc062723c751e8b465ee728b)
Start importing Assets/Pixelart Graphical User Interface/Pixelart Graphical User Interface/Icons Style 3/Style 3 Icon 142.png using Guid(5527fedf85552ad43a6992e7f7542391) Importer(815301076,1909f56bfc062723c751e8b465ee728b)  -> (artifact id: 'c4c3bdbda73e716ce3ad51b99ab0bb08') in 0.025506 seconds
Number of updated asset objects reloaded before import = 0
Number of asset objects unloaded after import = 3
========================================================================
Received Import Request.
  Time since last request: 1.560991 seconds.
  path: Assets/Pixelart Graphical User Interface/Pixelart Graphical User Interface/Icons Style 3/Style 3 Icon 149.png
  artifactKey: Guid(619274d45eb0f0e4ba46f7c64e33cb93) Importer(815301076,1909f56bfc062723c751e8b465ee728b)
Start importing Assets/Pixelart Graphical User Interface/Pixelart Graphical User Interface/Icons Style 3/Style 3 Icon 149.png using Guid(619274d45eb0f0e4ba46f7c64e33cb93) Importer(815301076,1909f56bfc062723c751e8b465ee728b)  -> (artifact id: '3b334c46a29be73bffff0fdc0a183147') in 0.021931 seconds
Number of updated asset objects reloaded before import = 0
Number of asset objects unloaded after import = 3
========================================================================
Received Import Request.
  Time since last request: 0.002766 seconds.
  path: Assets/Pixelart Graphical User Interface/Pixelart Graphical User Interface/Icons Style 3/Style 3 Icon 154.png
  artifactKey: Guid(ad4a6e022c58c014c85e22f639c9d801) Importer(815301076,1909f56bfc062723c751e8b465ee728b)
Start importing Assets/Pixelart Graphical User Interface/Pixelart Graphical User Interface/Icons Style 3/Style 3 Icon 154.png using Guid(ad4a6e022c58c014c85e22f639c9d801) Importer(815301076,1909f56bfc062723c751e8b465ee728b)  -> (artifact id: 'ba56c183e5ecfafe72cf049bab6ba3d8') in 0.021352 seconds
Number of updated asset objects reloaded before import = 0
Number of asset objects unloaded after import = 3
========================================================================
Received Import Request.
  Time since last request: 0.461514 seconds.
  path: Assets/Pixelart Graphical User Interface/Pixelart Graphical User Interface/Icons Style 3/Style 3 Icon 161.png
  artifactKey: Guid(233023bc0aa1d894497976eb0d3d2568) Importer(815301076,1909f56bfc062723c751e8b465ee728b)
Start importing Assets/Pixelart Graphical User Interface/Pixelart Graphical User Interface/Icons Style 3/Style 3 Icon 161.png using Guid(233023bc0aa1d894497976eb0d3d2568) Importer(815301076,1909f56bfc062723c751e8b465ee728b)  -> (artifact id: '5f7c9d27bdf67d295d26324458e58307') in 0.021343 seconds
Number of updated asset objects reloaded before import = 0
Number of asset objects unloaded after import = 3
========================================================================
Received Import Request.
  Time since last request: 0.001081 seconds.
  path: Assets/Pixelart Graphical User Interface/Pixelart Graphical User Interface/Icons Style 3/Style 3 Icon 166.png
  artifactKey: Guid(0c4ad21ec8daa2f49a9e84519873d5b2) Importer(815301076,1909f56bfc062723c751e8b465ee728b)
Start importing Assets/Pixelart Graphical User Interface/Pixelart Graphical User Interface/Icons Style 3/Style 3 Icon 166.png using Guid(0c4ad21ec8daa2f49a9e84519873d5b2) Importer(815301076,1909f56bfc062723c751e8b465ee728b)  -> (artifact id: '9980a1bf35d6f4fb67917250020b724f') in 0.022597 seconds
Number of updated asset objects reloaded before import = 0
Number of asset objects unloaded after import = 3
========================================================================
Received Import Request.
  Time since last request: 1.304108 seconds.
  path: Assets/Pixelart Graphical User Interface/Pixelart Graphical User Interface/Icons Style 3/Style 3 Icon 173.png
  artifactKey: Guid(905e25fc80d16374889e4795e4bc2029) Importer(815301076,1909f56bfc062723c751e8b465ee728b)
Start importing Assets/Pixelart Graphical User Interface/Pixelart Graphical User Interface/Icons Style 3/Style 3 Icon 173.png using Guid(905e25fc80d16374889e4795e4bc2029) Importer(815301076,1909f56bfc062723c751e8b465ee728b)  -> (artifact id: 'd0752348978396e68572a35580a6cc55') in 0.025050 seconds
Number of updated asset objects reloaded before import = 0
Number of asset objects unloaded after import = 3
========================================================================
Received Import Request.
  Time since last request: 0.000039 seconds.
  path: Assets/Pixelart Graphical User Interface/Pixelart Graphical User Interface/Icons Style 3/Style 3 Icon 178.png
  artifactKey: Guid(c94c9b990f0e9fa47ae545095914e183) Importer(815301076,1909f56bfc062723c751e8b465ee728b)
Start importing Assets/Pixelart Graphical User Interface/Pixelart Graphical User Interface/Icons Style 3/Style 3 Icon 178.png using Guid(c94c9b990f0e9fa47ae545095914e183) Importer(815301076,1909f56bfc062723c751e8b465ee728b)  -> (artifact id: 'e467daf20c16682975bc9f6f7827ec67') in 0.024921 seconds
Number of updated asset objects reloaded before import = 0
Number of asset objects unloaded after import = 3
========================================================================
Received Import Request.
  Time since last request: 0.498781 seconds.
  path: Assets/Pixelart Graphical User Interface/Pixelart Graphical User Interface/Icons Style 3/Style 3 Icon 185.png
  artifactKey: Guid(7abdd595681bff34eafc79c1f4d34c53) Importer(815301076,1909f56bfc062723c751e8b465ee728b)
Start importing Assets/Pixelart Graphical User Interface/Pixelart Graphical User Interface/Icons Style 3/Style 3 Icon 185.png using Guid(7abdd595681bff34eafc79c1f4d34c53) Importer(815301076,1909f56bfc062723c751e8b465ee728b)  -> (artifact id: '952123a23c736fb3abc10dfe3d71ba1b') in 0.024878 seconds
Number of updated asset objects reloaded before import = 0
Number of asset objects unloaded after import = 3
========================================================================
Received Import Request.
  Time since last request: 0.000015 seconds.
  path: Assets/Pixelart Graphical User Interface/Pixelart Graphical User Interface/Icons Style 3/Style 3 Icon 190.png
  artifactKey: Guid(d8005a6023bb8ce45964a5080c27fd82) Importer(815301076,1909f56bfc062723c751e8b465ee728b)
Start importing Assets/Pixelart Graphical User Interface/Pixelart Graphical User Interface/Icons Style 3/Style 3 Icon 190.png using Guid(d8005a6023bb8ce45964a5080c27fd82) Importer(815301076,1909f56bfc062723c751e8b465ee728b)  -> (artifact id: '6eae2495d3927127c6cdeb11efc2e48a') in 0.026871 seconds
Number of updated asset objects reloaded before import = 0
Number of asset objects unloaded after import = 3
========================================================================
Received Import Request.
  Time since last request: 0.489334 seconds.
  path: Assets/Pixelart Graphical User Interface/Pixelart Graphical User Interface/Icons Style 3/Style 3 Icon 197.png
  artifactKey: Guid(db7e9d45bddb7b04a8e93b615bf3d6b4) Importer(815301076,1909f56bfc062723c751e8b465ee728b)
Start importing Assets/Pixelart Graphical User Interface/Pixelart Graphical User Interface/Icons Style 3/Style 3 Icon 197.png using Guid(db7e9d45bddb7b04a8e93b615bf3d6b4) Importer(815301076,1909f56bfc062723c751e8b465ee728b)  -> (artifact id: '8434b3c2368d3a11f6662280513aeefd') in 0.021277 seconds
Number of updated asset objects reloaded before import = 0
Number of asset objects unloaded after import = 3
========================================================================
Received Import Request.
  Time since last request: 0.005954 seconds.
  path: Assets/Pixelart Graphical User Interface/Pixelart Graphical User Interface/Icons Style 3/Style 3 Icon 202.png
  artifactKey: Guid(11e237bab3c3e8a4ba523952747bf15a) Importer(815301076,1909f56bfc062723c751e8b465ee728b)
Start importing Assets/Pixelart Graphical User Interface/Pixelart Graphical User Interface/Icons Style 3/Style 3 Icon 202.png using Guid(11e237bab3c3e8a4ba523952747bf15a) Importer(815301076,1909f56bfc062723c751e8b465ee728b)  -> (artifact id: '1c5426394047d49f7749caa54b2484ce') in 0.028232 seconds
Number of updated asset objects reloaded before import = 0
Number of asset objects unloaded after import = 3
========================================================================
Received Import Request.
  Time since last request: 0.963307 seconds.
  path: Assets/Pixelart Graphical User Interface/Pixelart Graphical User Interface/Icons Style 3/Style 3 Icon 209.png
  artifactKey: Guid(e1bdd174009c53e4486df942e14e41d0) Importer(815301076,1909f56bfc062723c751e8b465ee728b)
Start importing Assets/Pixelart Graphical User Interface/Pixelart Graphical User Interface/Icons Style 3/Style 3 Icon 209.png using Guid(e1bdd174009c53e4486df942e14e41d0) Importer(815301076,1909f56bfc062723c751e8b465ee728b)  -> (artifact id: 'a5188e619e18e2659ff2c414567abf57') in 0.021662 seconds
Number of updated asset objects reloaded before import = 0
Number of asset objects unloaded after import = 3
========================================================================
Received Import Request.
  Time since last request: 0.003096 seconds.
  path: Assets/Pixelart Graphical User Interface/Pixelart Graphical User Interface/Icons Style 3/Style 3 Icon 214.png
  artifactKey: Guid(637b2de86c79a5b4db088e562947fad6) Importer(815301076,1909f56bfc062723c751e8b465ee728b)
Start importing Assets/Pixelart Graphical User Interface/Pixelart Graphical User Interface/Icons Style 3/Style 3 Icon 214.png using Guid(637b2de86c79a5b4db088e562947fad6) Importer(815301076,1909f56bfc062723c751e8b465ee728b)  -> (artifact id: '841ab4cfe2a640e842fd8bc1dcb6c337') in 0.022670 seconds
Number of updated asset objects reloaded before import = 0
Number of asset objects unloaded after import = 3
========================================================================
Received Import Request.
  Time since last request: 1.165403 seconds.
  path: Assets/Pixelart Graphical User Interface/Pixelart Graphical User Interface/Icons Style 3/Style 3 Icon 221.png
  artifactKey: Guid(936e0447f026d5f4cb0d44b773bb6749) Importer(815301076,1909f56bfc062723c751e8b465ee728b)
Start importing Assets/Pixelart Graphical User Interface/Pixelart Graphical User Interface/Icons Style 3/Style 3 Icon 221.png using Guid(936e0447f026d5f4cb0d44b773bb6749) Importer(815301076,1909f56bfc062723c751e8b465ee728b)  -> (artifact id: 'b5a0e72afb69e991412d68570897ccb3') in 0.024291 seconds
Number of updated asset objects reloaded before import = 0
Number of asset objects unloaded after import = 3
========================================================================
Received Import Request.
  Time since last request: 0.000021 seconds.
  path: Assets/Pixelart Graphical User Interface/Pixelart Graphical User Interface/Icons Style 3/Style 3 Icon 226.png
  artifactKey: Guid(e56734fe371933b4f8f497dfcf633868) Importer(815301076,1909f56bfc062723c751e8b465ee728b)
Start importing Assets/Pixelart Graphical User Interface/Pixelart Graphical User Interface/Icons Style 3/Style 3 Icon 226.png using Guid(e56734fe371933b4f8f497dfcf633868) Importer(815301076,1909f56bfc062723c751e8b465ee728b)  -> (artifact id: '265d05e03bf23070e1dbeb606a7a28c6') in 0.027167 seconds
Number of updated asset objects reloaded before import = 0
Number of asset objects unloaded after import = 3
Editor requested this worker to shutdown with reason: Scaling down because of idle timeout
TcpMessagingSession - receive error: operation aborted. errorcode: 995, details: The I/O operation has been aborted because of either a thread exit or an application request.
AssetImportWorker is now disconnected from the server
Process exiting
Exiting without the bug reporter. Application will terminate with return code 0