Using pre-set license
Built from '2022.3/staging' branch; Version is '2022.3.9f1 (ea401c316338) revision 15351836'; Using compiler version '192829333'; Build Type 'Release'
OS: 'Windows 10  (10.0.19045) 64bit Enterprise' Language: 'en' Physical Memory: 32477 MB
BatchMode: 1, IsHumanControllingUs: 0, StartBugReporterOnCrash: 0, Is64bit: 1, IsPro: 1

COMMAND LINE ARGUMENTS:
C:\Program Files\Unity 2022.3.9f1\Editor\Unity.exe
-adb2
-batchMode
-noUpm
-name
AssetImportWorker4
-projectPath
C:/Users/a00307309/Desktop/EmberShadows
-logFile
Logs/AssetImportWorker4.log
-srvPort
59119
Successfully changed project path to: C:/Users/a00307309/Desktop/EmberShadows
C:/Users/a00307309/Desktop/EmberShadows
[UnityMemory] Configuration Parameters - Can be set up in boot.config
    "memorysetup-bucket-allocator-granularity=16"
    "memorysetup-bucket-allocator-bucket-count=8"
    "memorysetup-bucket-allocator-block-size=33554432"
    "memorysetup-bucket-allocator-block-count=8"
    "memorysetup-main-allocator-block-size=16777216"
    "memorysetup-thread-allocator-block-size=16777216"
    "memorysetup-gfx-main-allocator-block-size=16777216"
    "memorysetup-gfx-thread-allocator-block-size=16777216"
    "memorysetup-cache-allocator-block-size=4194304"
    "memorysetup-typetree-allocator-block-size=2097152"
    "memorysetup-profiler-bucket-allocator-granularity=16"
    "memorysetup-profiler-bucket-allocator-bucket-count=8"
    "memorysetup-profiler-bucket-allocator-block-size=33554432"
    "memorysetup-profiler-bucket-allocator-block-count=8"
    "memorysetup-profiler-allocator-block-size=16777216"
    "memorysetup-profiler-editor-allocator-block-size=1048576"
    "memorysetup-temp-allocator-size-main=16777216"
    "memorysetup-job-temp-allocator-block-size=2097152"
    "memorysetup-job-temp-allocator-block-size-background=1048576"
    "memorysetup-job-temp-allocator-reduction-small-platforms=262144"
    "memorysetup-allocator-temp-initial-block-size-main=262144"
    "memorysetup-allocator-temp-initial-block-size-worker=262144"
    "memorysetup-temp-allocator-size-background-worker=32768"
    "memorysetup-temp-allocator-size-job-worker=262144"
    "memorysetup-temp-allocator-size-preload-manager=33554432"
    "memorysetup-temp-allocator-size-nav-mesh-worker=65536"
    "memorysetup-temp-allocator-size-audio-worker=65536"
    "memorysetup-temp-allocator-size-cloud-worker=32768"
    "memorysetup-temp-allocator-size-gi-baking-worker=262144"
    "memorysetup-temp-allocator-size-gfx=262144"
Player connection [2628] Host "[IP] 192.168.23.136 [Port] 0 [Flags] 2 [Guid] 2944426120 [EditorId] 2944426120 [Version] 1048832 [Id] WindowsEditor(7,AT-X207-09) [Debug] 1 [PackageName] WindowsEditor [ProjectName] Editor" joined multi-casting on [225.0.0.222:54997]...

Player connection [2628] Host "[IP] 192.168.23.136 [Port] 0 [Flags] 2 [Guid] 2944426120 [EditorId] 2944426120 [Version] 1048832 [Id] WindowsEditor(7,AT-X207-09) [Debug] 1 [PackageName] WindowsEditor [ProjectName] Editor" joined alternative multi-casting on [225.0.0.222:34997]...

[Physics::Module] Initialized MultithreadedJobDispatcher with 19 workers.
Refreshing native plugins compatible for Editor in 10.92 ms, found 4 plugins.
Preloading 0 native plugins for Editor in 0.00 ms.
Initialize engine version: 2022.3.9f1 (ea401c316338)
[Subsystems] Discovering subsystems at path C:/Program Files/Unity 2022.3.9f1/Editor/Data/Resources/UnitySubsystems
[Subsystems] Discovering subsystems at path C:/Users/a00307309/Desktop/EmberShadows/Assets
GfxDevice: creating device client; threaded=0; jobified=0
Direct3D:
    Version:  Direct3D 11.0 [level 11.1]
    Renderer: NVIDIA GeForce RTX 3080 (ID=0x2216)
    Vendor:   NVIDIA
    VRAM:     10067 MB
    Driver:   31.0.15.2824
Initialize mono
Mono path[0] = 'C:/Program Files/Unity 2022.3.9f1/Editor/Data/Managed'
Mono path[1] = 'C:/Program Files/Unity 2022.3.9f1/Editor/Data/MonoBleedingEdge/lib/mono/unityjit-win32'
Mono config path = 'C:/Program Files/Unity 2022.3.9f1/Editor/Data/MonoBleedingEdge/etc'
Using monoOptions --debugger-agent=transport=dt_socket,embedding=1,server=y,suspend=n,address=127.0.0.1:56984
Begin MonoManager ReloadAssembly
Registering precompiled unity dll's ...
Register platform support module: C:/Program Files/Unity 2022.3.9f1/Editor/Data/PlaybackEngines/WindowsStandaloneSupport/UnityEditor.WindowsStandalone.Extensions.dll
Registered in 0.006439 seconds.
- Loaded All Assemblies, in  0.337 seconds
Native extension for WindowsStandalone target not found
Mono: successfully reloaded assembly
- Finished resetting the current domain, in  0.270 seconds
Domain Reload Profiling: 605ms
	BeginReloadAssembly (101ms)
		ExecutionOrderSort (0ms)
		DisableScriptedObjects (0ms)
		BackupInstance (0ms)
		ReleaseScriptingObjects (0ms)
		CreateAndSetChildDomain (1ms)
	RebuildCommonClasses (33ms)
	RebuildNativeTypeToScriptingClass (11ms)
	initialDomainReloadingComplete (54ms)
	LoadAllAssembliesAndSetupDomain (137ms)
		LoadAssemblies (99ms)
		RebuildTransferFunctionScriptingTraits (0ms)
		AnalyzeDomain (135ms)
			TypeCache.Refresh (134ms)
				TypeCache.ScanAssembly (120ms)
			ScanForSourceGeneratedMonoScriptInfo (0ms)
			ResolveRequiredComponents (0ms)
	FinalizeReload (270ms)
		ReleaseScriptCaches (0ms)
		RebuildScriptCaches (0ms)
		SetupLoadedEditorAssemblies (200ms)
			LogAssemblyErrors (0ms)
			InitializePlatformSupportModulesInManaged (10ms)
			SetLoadedEditorAssemblies (9ms)
			RefreshPlugins (0ms)
			BeforeProcessingInitializeOnLoad (2ms)
			ProcessInitializeOnLoadAttributes (132ms)
			ProcessInitializeOnLoadMethodAttributes (46ms)
			AfterProcessingInitializeOnLoad (0ms)
			EditorAssembliesLoaded (0ms)
		ExecutionOrderSort2 (0ms)
		AwakeInstancesAfterBackupRestoration (0ms)
========================================================================
Worker process is ready to serve import requests
Begin MonoManager ReloadAssembly
- Loaded All Assemblies, in  0.756 seconds
Refreshing native plugins compatible for Editor in 3.73 ms, found 4 plugins.
Native extension for WindowsStandalone target not found
Package Manager log level set to [2]
[Package Manager] Server::EnsureServerProcessIsRunning -- launch failed, reason: Unity was launched with the -noUpm command-line argument
[Package Manager] UpmClient::Send -- Unable to send message (not connected to UPM process).
[Package Manager] Cannot connect to Unity Package Manager local server
Mono: successfully reloaded assembly
- Finished resetting the current domain, in  0.643 seconds
Domain Reload Profiling: 1396ms
	BeginReloadAssembly (153ms)
		ExecutionOrderSort (0ms)
		DisableScriptedObjects (5ms)
		BackupInstance (0ms)
		ReleaseScriptingObjects (0ms)
		CreateAndSetChildDomain (32ms)
	RebuildCommonClasses (31ms)
	RebuildNativeTypeToScriptingClass (10ms)
	initialDomainReloadingComplete (37ms)
	LoadAllAssembliesAndSetupDomain (522ms)
		LoadAssemblies (405ms)
		RebuildTransferFunctionScriptingTraits (0ms)
		AnalyzeDomain (194ms)
			TypeCache.Refresh (158ms)
				TypeCache.ScanAssembly (143ms)
			ScanForSourceGeneratedMonoScriptInfo (26ms)
			ResolveRequiredComponents (8ms)
	FinalizeReload (643ms)
		ReleaseScriptCaches (0ms)
		RebuildScriptCaches (0ms)
		SetupLoadedEditorAssemblies (502ms)
			LogAssemblyErrors (0ms)
			InitializePlatformSupportModulesInManaged (5ms)
			SetLoadedEditorAssemblies (3ms)
			RefreshPlugins (0ms)
			BeforeProcessingInitializeOnLoad (91ms)
			ProcessInitializeOnLoadAttributes (328ms)
			ProcessInitializeOnLoadMethodAttributes (69ms)
			AfterProcessingInitializeOnLoad (6ms)
			EditorAssembliesLoaded (0ms)
		ExecutionOrderSort2 (0ms)
		AwakeInstancesAfterBackupRestoration (6ms)
Launched and connected shader compiler UnityShaderCompiler.exe after 0.08 seconds
Refreshing native plugins compatible for Editor in 4.14 ms, found 4 plugins.
Preloading 0 native plugins for Editor in 0.00 ms.
Unloading 5632 Unused Serialized files (Serialized files now loaded: 0)
Unloading 99 unused Assets / (0.9 MB). Loaded Objects now: 6077.
Memory consumption went from 212.1 MB to 211.2 MB.
Total: 10.063300 ms (FindLiveObjects: 0.902700 ms CreateObjectMapping: 1.003900 ms MarkObjects: 7.177600 ms  DeleteObjects: 0.977200 ms)

AssetImportParameters requested are different than current active one (requested -> active):
  custom:container-demuxer-ogg: 62fdf1f143b41e24485cea50d1cbac27 -> 
  custom:video-decoder-ogg-theora: a1e56fd34408186e4bbccfd4996cb3dc -> 
  custom:framework-win-MediaFoundation: 216162199b28c13a410421893ffa2e32 -> 
  custom:CustomObjectIndexerAttribute: a3ef5dd2817f97addfee359851a9dba5 -> 
  custom:container-demuxer-webm: 4f35f7cbe854078d1ac9338744f61a02 -> 
  custom:container-muxer-webm: aa71ff27fc2769a1b78a27578f13a17b -> 
  custom:video-decoder-webm-vp8: 9c59270c3fd7afecdb556c50c9e8de78 -> 
  custom:SearchIndexIgnoredProperties: e643bd26f0fe6173181afceb89e7c659 -> 
  custom:AudioImporter_EditorPlatform: d09bf68614088b80899f8185d706f6e7 -> 
  custom:video-encoder-webm-vp8: eb34c28f22e8b96e1ab97ce403110664 -> 
  custom:audio-decoder-ogg-vorbis: bf7c407c2cedff20999df2af8eb42d56 -> 
  custom:audio-encoder-webm-vorbis: bf7c407c2cedff20999df2af8eb42d56 -> 
========================================================================
Received Import Request.
  Time since last request: 98597.775698 seconds.
  path: Assets/Pixelart Graphical User Interface/Pixelart Graphical User Interface/Icons Style 1
  artifactKey: Guid(e601e3362204e6e4f8b80116a39b9712) Importer(815301076,1909f56bfc062723c751e8b465ee728b)
Start importing Assets/Pixelart Graphical User Interface/Pixelart Graphical User Interface/Icons Style 1 using Guid(e601e3362204e6e4f8b80116a39b9712) Importer(815301076,1909f56bfc062723c751e8b465ee728b)  -> (artifact id: 'f840c9c127d5f3919354667a58299cad') in 0.002278 seconds
Number of updated asset objects reloaded before import = 0
Number of asset objects unloaded after import = 0
========================================================================
Received Import Request.
  Time since last request: 0.079848 seconds.
  path: Assets/Pixelart Graphical User Interface/Pixelart Graphical User Interface/Icons Style 1/Style 1 Icon 000.png
  artifactKey: Guid(aab12bb8fc72d764a88df8847220e719) Importer(815301076,1909f56bfc062723c751e8b465ee728b)
Start importing Assets/Pixelart Graphical User Interface/Pixelart Graphical User Interface/Icons Style 1/Style 1 Icon 000.png using Guid(aab12bb8fc72d764a88df8847220e719) Importer(815301076,1909f56bfc062723c751e8b465ee728b)  -> (artifact id: 'f17f809efc563de547a43aec885d5ca3') in 0.100748 seconds
Number of updated asset objects reloaded before import = 0
Number of asset objects unloaded after import = 3
========================================================================
Received Import Request.
  Time since last request: 0.000020 seconds.
  path: Assets/Pixelart Graphical User Interface/Pixelart Graphical User Interface/Icons Style 1/Style 1 Icon 017.png
  artifactKey: Guid(4716d4ed3083a7f40a4b631042668467) Importer(815301076,1909f56bfc062723c751e8b465ee728b)
Start importing Assets/Pixelart Graphical User Interface/Pixelart Graphical User Interface/Icons Style 1/Style 1 Icon 017.png using Guid(4716d4ed3083a7f40a4b631042668467) Importer(815301076,1909f56bfc062723c751e8b465ee728b)  -> (artifact id: '8950265cfccf0e4507cb01f073f2490a') in 0.022905 seconds
Number of updated asset objects reloaded before import = 0
Number of asset objects unloaded after import = 3
========================================================================
Received Import Request.
  Time since last request: 0.000020 seconds.
  path: Assets/Pixelart Graphical User Interface/Pixelart Graphical User Interface/Icons Style 1/Style 1 Icon 035.png
  artifactKey: Guid(eb05090c115a5ca44a18b3abd9ee0499) Importer(815301076,1909f56bfc062723c751e8b465ee728b)
Start importing Assets/Pixelart Graphical User Interface/Pixelart Graphical User Interface/Icons Style 1/Style 1 Icon 035.png using Guid(eb05090c115a5ca44a18b3abd9ee0499) Importer(815301076,1909f56bfc062723c751e8b465ee728b)  -> (artifact id: '50302f46666da0100c67c1c676faa9c0') in 0.022052 seconds
Number of updated asset objects reloaded before import = 0
Number of asset objects unloaded after import = 3
========================================================================
Received Import Request.
  Time since last request: 0.000017 seconds.
  path: Assets/Pixelart Graphical User Interface/Pixelart Graphical User Interface/Icons Style 1/Style 1 Icon 025.png
  artifactKey: Guid(3135ce89a1b8b3c4d8a91bc0b952d31e) Importer(815301076,1909f56bfc062723c751e8b465ee728b)
Start importing Assets/Pixelart Graphical User Interface/Pixelart Graphical User Interface/Icons Style 1/Style 1 Icon 025.png using Guid(3135ce89a1b8b3c4d8a91bc0b952d31e) Importer(815301076,1909f56bfc062723c751e8b465ee728b)  -> (artifact id: '64634b7185a7a583b952c6e13887c852') in 0.022216 seconds
Number of updated asset objects reloaded before import = 0
Number of asset objects unloaded after import = 3
========================================================================
Received Import Request.
  Time since last request: 0.000020 seconds.
  path: Assets/Pixelart Graphical User Interface/Pixelart Graphical User Interface/Icons Style 1/Style 1 Icon 070.png
  artifactKey: Guid(42e045c8cafd3ee43bf2c615749ca5ac) Importer(815301076,1909f56bfc062723c751e8b465ee728b)
Start importing Assets/Pixelart Graphical User Interface/Pixelart Graphical User Interface/Icons Style 1/Style 1 Icon 070.png using Guid(42e045c8cafd3ee43bf2c615749ca5ac) Importer(815301076,1909f56bfc062723c751e8b465ee728b)  -> (artifact id: '487c6b9774aa501676a50943a1c30062') in 0.023551 seconds
Number of updated asset objects reloaded before import = 0
Number of asset objects unloaded after import = 3
========================================================================
Received Import Request.
  Time since last request: 0.000029 seconds.
  path: Assets/Pixelart Graphical User Interface/Pixelart Graphical User Interface/Icons Style 1/Style 1 Icon 010.png
  artifactKey: Guid(0ba264fe406a90e418b5cbb4795275d4) Importer(815301076,1909f56bfc062723c751e8b465ee728b)
Start importing Assets/Pixelart Graphical User Interface/Pixelart Graphical User Interface/Icons Style 1/Style 1 Icon 010.png using Guid(0ba264fe406a90e418b5cbb4795275d4) Importer(815301076,1909f56bfc062723c751e8b465ee728b)  -> (artifact id: '5a0623497911569f441c8d56c556a885') in 0.020542 seconds
Number of updated asset objects reloaded before import = 0
Number of asset objects unloaded after import = 3
========================================================================
Received Import Request.
  Time since last request: 0.000016 seconds.
  path: Assets/Pixelart Graphical User Interface/Pixelart Graphical User Interface/Icons Style 1/Style 1 Icon 048.png
  artifactKey: Guid(e8db4519fb9dcef45a0abb24da1873c6) Importer(815301076,1909f56bfc062723c751e8b465ee728b)
Start importing Assets/Pixelart Graphical User Interface/Pixelart Graphical User Interface/Icons Style 1/Style 1 Icon 048.png using Guid(e8db4519fb9dcef45a0abb24da1873c6) Importer(815301076,1909f56bfc062723c751e8b465ee728b)  -> (artifact id: '856a6918d129242927f1759b8953ecc4') in 0.026872 seconds
Number of updated asset objects reloaded before import = 0
Number of asset objects unloaded after import = 3
========================================================================
Received Import Request.
  Time since last request: 0.000017 seconds.
  path: Assets/Pixelart Graphical User Interface/Pixelart Graphical User Interface/Icons Style 1/Style 1 Icon 051.png
  artifactKey: Guid(2e07c555826e1b14bb26201fa938d2c2) Importer(815301076,1909f56bfc062723c751e8b465ee728b)
Start importing Assets/Pixelart Graphical User Interface/Pixelart Graphical User Interface/Icons Style 1/Style 1 Icon 051.png using Guid(2e07c555826e1b14bb26201fa938d2c2) Importer(815301076,1909f56bfc062723c751e8b465ee728b)  -> (artifact id: '31a519b0d18563986fa10bbb5e75ad83') in 0.026857 seconds
Number of updated asset objects reloaded before import = 0
Number of asset objects unloaded after import = 3
========================================================================
Received Import Request.
  Time since last request: 0.000017 seconds.
  path: Assets/Pixelart Graphical User Interface/Pixelart Graphical User Interface/Icons Style 1/Style 1 Icon 040.png
  artifactKey: Guid(f634f4668ecbd5245a47f2bed252c042) Importer(815301076,1909f56bfc062723c751e8b465ee728b)
Start importing Assets/Pixelart Graphical User Interface/Pixelart Graphical User Interface/Icons Style 1/Style 1 Icon 040.png using Guid(f634f4668ecbd5245a47f2bed252c042) Importer(815301076,1909f56bfc062723c751e8b465ee728b)  -> (artifact id: '08a7dd0c3e1b19532266de966c096de6') in 0.025265 seconds
Number of updated asset objects reloaded before import = 0
Number of asset objects unloaded after import = 3
========================================================================
Received Import Request.
  Time since last request: 0.000018 seconds.
  path: Assets/Pixelart Graphical User Interface/Pixelart Graphical User Interface/Icons Style 1/Style 1 Icon 036.png
  artifactKey: Guid(a4d81cf0cfc028743b5faa91f8c0832c) Importer(815301076,1909f56bfc062723c751e8b465ee728b)
Start importing Assets/Pixelart Graphical User Interface/Pixelart Graphical User Interface/Icons Style 1/Style 1 Icon 036.png using Guid(a4d81cf0cfc028743b5faa91f8c0832c) Importer(815301076,1909f56bfc062723c751e8b465ee728b)  -> (artifact id: '332b0fc689c85c2548a4a84300f59707') in 0.023025 seconds
Number of updated asset objects reloaded before import = 0
Number of asset objects unloaded after import = 3
========================================================================
Received Import Request.
  Time since last request: 0.000018 seconds.
  path: Assets/Pixelart Graphical User Interface/Pixelart Graphical User Interface/Icons Style 1/Style 1 Icon 072.png
  artifactKey: Guid(d55d4d72cd6038d41909818247c7405c) Importer(815301076,1909f56bfc062723c751e8b465ee728b)
Start importing Assets/Pixelart Graphical User Interface/Pixelart Graphical User Interface/Icons Style 1/Style 1 Icon 072.png using Guid(d55d4d72cd6038d41909818247c7405c) Importer(815301076,1909f56bfc062723c751e8b465ee728b)  -> (artifact id: 'e1eadf4a8e116540debd3c77a4f3b5ea') in 0.027725 seconds
Number of updated asset objects reloaded before import = 0
Number of asset objects unloaded after import = 3
========================================================================
Received Import Request.
  Time since last request: 0.000017 seconds.
  path: Assets/Pixelart Graphical User Interface/Pixelart Graphical User Interface/Icons Style 1/Style 1 Icon 041.png
  artifactKey: Guid(d7b3094ac077d1d4e9c8e54fe69c80fe) Importer(815301076,1909f56bfc062723c751e8b465ee728b)
Start importing Assets/Pixelart Graphical User Interface/Pixelart Graphical User Interface/Icons Style 1/Style 1 Icon 041.png using Guid(d7b3094ac077d1d4e9c8e54fe69c80fe) Importer(815301076,1909f56bfc062723c751e8b465ee728b)  -> (artifact id: '5fca67552dc2bfecbb2a923dee5936a6') in 0.031145 seconds
Number of updated asset objects reloaded before import = 0
Number of asset objects unloaded after import = 3
========================================================================
Received Import Request.
  Time since last request: 0.000019 seconds.
  path: Assets/Pixelart Graphical User Interface/Pixelart Graphical User Interface/Icons Style 1/Style 1 Icon 021.png
  artifactKey: Guid(121fa994553769949af135cf796803f3) Importer(815301076,1909f56bfc062723c751e8b465ee728b)
Start importing Assets/Pixelart Graphical User Interface/Pixelart Graphical User Interface/Icons Style 1/Style 1 Icon 021.png using Guid(121fa994553769949af135cf796803f3) Importer(815301076,1909f56bfc062723c751e8b465ee728b)  -> (artifact id: '6cbffc09259dd35f52bf7ce16471b6ef') in 0.021753 seconds
Number of updated asset objects reloaded before import = 0
Number of asset objects unloaded after import = 3
========================================================================
Received Import Request.
  Time since last request: 0.000026 seconds.
  path: Assets/Pixelart Graphical User Interface/Pixelart Graphical User Interface/Icons Style 1/Style 1 Icon 068.png
  artifactKey: Guid(cb2590018ebec1040a6ed7482566d86c) Importer(815301076,1909f56bfc062723c751e8b465ee728b)
Start importing Assets/Pixelart Graphical User Interface/Pixelart Graphical User Interface/Icons Style 1/Style 1 Icon 068.png using Guid(cb2590018ebec1040a6ed7482566d86c) Importer(815301076,1909f56bfc062723c751e8b465ee728b)  -> (artifact id: '0b8a872920c39b02fe20a65cb035f9ca') in 0.022536 seconds
Number of updated asset objects reloaded before import = 0
Number of asset objects unloaded after import = 3
========================================================================
Received Import Request.
  Time since last request: 0.000020 seconds.
  path: Assets/Pixelart Graphical User Interface/Pixelart Graphical User Interface/Icons Style 1/Style 1 Icon 050.png
  artifactKey: Guid(c23dee7ff91d92a469f06e9141859732) Importer(815301076,1909f56bfc062723c751e8b465ee728b)
Start importing Assets/Pixelart Graphical User Interface/Pixelart Graphical User Interface/Icons Style 1/Style 1 Icon 050.png using Guid(c23dee7ff91d92a469f06e9141859732) Importer(815301076,1909f56bfc062723c751e8b465ee728b)  -> (artifact id: '4cfc1fc894d4ea566ccd39b52c7e1cbc') in 0.021896 seconds
Number of updated asset objects reloaded before import = 0
Number of asset objects unloaded after import = 3
========================================================================
Received Import Request.
  Time since last request: 0.000018 seconds.
  path: Assets/Pixelart Graphical User Interface/Pixelart Graphical User Interface/Icons Style 1/Style 1 Icon 061.png
  artifactKey: Guid(076f974795d89384d8f7c81204423ec9) Importer(815301076,1909f56bfc062723c751e8b465ee728b)
Start importing Assets/Pixelart Graphical User Interface/Pixelart Graphical User Interface/Icons Style 1/Style 1 Icon 061.png using Guid(076f974795d89384d8f7c81204423ec9) Importer(815301076,1909f56bfc062723c751e8b465ee728b)  -> (artifact id: '249e5d5a48a85c7c0660d28653c3fcac') in 0.021297 seconds
Number of updated asset objects reloaded before import = 0
Number of asset objects unloaded after import = 3
========================================================================
Received Import Request.
  Time since last request: 0.000016 seconds.
  path: Assets/Pixelart Graphical User Interface/Pixelart Graphical User Interface/Icons Style 1/Style 1 Icon 066.png
  artifactKey: Guid(a8865a6623c3c2c4a808a9b7ba3d35d0) Importer(815301076,1909f56bfc062723c751e8b465ee728b)
Start importing Assets/Pixelart Graphical User Interface/Pixelart Graphical User Interface/Icons Style 1/Style 1 Icon 066.png using Guid(a8865a6623c3c2c4a808a9b7ba3d35d0) Importer(815301076,1909f56bfc062723c751e8b465ee728b)  -> (artifact id: '9aeb30f60db61328a28a32b6fa2afd46') in 0.022317 seconds
Number of updated asset objects reloaded before import = 0
Number of asset objects unloaded after import = 3
========================================================================
Received Import Request.
  Time since last request: 0.000020 seconds.
  path: Assets/Pixelart Graphical User Interface/Pixelart Graphical User Interface/Icons Style 1/Style 1 Icon 003.png
  artifactKey: Guid(fb8ea69b7f185414d82f67f7d06fbefc) Importer(815301076,1909f56bfc062723c751e8b465ee728b)
Start importing Assets/Pixelart Graphical User Interface/Pixelart Graphical User Interface/Icons Style 1/Style 1 Icon 003.png using Guid(fb8ea69b7f185414d82f67f7d06fbefc) Importer(815301076,1909f56bfc062723c751e8b465ee728b)  -> (artifact id: '36a1e5075b2d4e86231f580bb7a18110') in 0.020929 seconds
Number of updated asset objects reloaded before import = 0
Number of asset objects unloaded after import = 3
========================================================================
Received Import Request.
  Time since last request: 0.000022 seconds.
  path: Assets/Pixelart Graphical User Interface/Pixelart Graphical User Interface/Icons Style 1/Style 1 Icon 075.png
  artifactKey: Guid(946b6606214a64b4a9a62a70c1df4c27) Importer(815301076,1909f56bfc062723c751e8b465ee728b)
Start importing Assets/Pixelart Graphical User Interface/Pixelart Graphical User Interface/Icons Style 1/Style 1 Icon 075.png using Guid(946b6606214a64b4a9a62a70c1df4c27) Importer(815301076,1909f56bfc062723c751e8b465ee728b)  -> (artifact id: '11fe5566685eac7fc06967853393de7d') in 0.020362 seconds
Number of updated asset objects reloaded before import = 0
Number of asset objects unloaded after import = 3
========================================================================
Received Import Request.
  Time since last request: 0.000021 seconds.
  path: Assets/Pixelart Graphical User Interface/Pixelart Graphical User Interface/Icons Style 1/Style 1 Icon 020.png
  artifactKey: Guid(4b327935f63fa2f4d9b7a8650d88a8d4) Importer(815301076,1909f56bfc062723c751e8b465ee728b)
Start importing Assets/Pixelart Graphical User Interface/Pixelart Graphical User Interface/Icons Style 1/Style 1 Icon 020.png using Guid(4b327935f63fa2f4d9b7a8650d88a8d4) Importer(815301076,1909f56bfc062723c751e8b465ee728b)  -> (artifact id: '48ea4ebe97cef061671a6f71d0f10229') in 0.020628 seconds
Number of updated asset objects reloaded before import = 0
Number of asset objects unloaded after import = 3
========================================================================
Received Import Request.
  Time since last request: 0.000019 seconds.
  path: Assets/Pixelart Graphical User Interface/Pixelart Graphical User Interface/Icons Style 1/Style 1 Icon 064.png
  artifactKey: Guid(f57c75ab5cad2c444a1314f9569b3160) Importer(815301076,1909f56bfc062723c751e8b465ee728b)
Start importing Assets/Pixelart Graphical User Interface/Pixelart Graphical User Interface/Icons Style 1/Style 1 Icon 064.png using Guid(f57c75ab5cad2c444a1314f9569b3160) Importer(815301076,1909f56bfc062723c751e8b465ee728b)  -> (artifact id: '605f1851141f5ef60a391d63eeab6d15') in 0.019558 seconds
Number of updated asset objects reloaded before import = 0
Number of asset objects unloaded after import = 3
========================================================================
Received Import Request.
  Time since last request: 0.000027 seconds.
  path: Assets/Pixelart Graphical User Interface/Pixelart Graphical User Interface/Icons Style 1/Style 1 Icon 014.png
  artifactKey: Guid(96dcb03f366c2364cb98851d9e170aed) Importer(815301076,1909f56bfc062723c751e8b465ee728b)
Start importing Assets/Pixelart Graphical User Interface/Pixelart Graphical User Interface/Icons Style 1/Style 1 Icon 014.png using Guid(96dcb03f366c2364cb98851d9e170aed) Importer(815301076,1909f56bfc062723c751e8b465ee728b)  -> (artifact id: '6b4c1476cd53f046324052d517007a75') in 0.020153 seconds
Number of updated asset objects reloaded before import = 0
Number of asset objects unloaded after import = 3
========================================================================
Received Import Request.
  Time since last request: 0.000021 seconds.
  path: Assets/Pixelart Graphical User Interface/Pixelart Graphical User Interface/Icons Style 1/Style 1 Icon 008.png
  artifactKey: Guid(832637a482a481745a55f9634c532562) Importer(815301076,1909f56bfc062723c751e8b465ee728b)
Start importing Assets/Pixelart Graphical User Interface/Pixelart Graphical User Interface/Icons Style 1/Style 1 Icon 008.png using Guid(832637a482a481745a55f9634c532562) Importer(815301076,1909f56bfc062723c751e8b465ee728b)  -> (artifact id: '0d87be242cf3f7f758cbaaba13d1c277') in 0.020139 seconds
Number of updated asset objects reloaded before import = 0
Number of asset objects unloaded after import = 3
========================================================================
Received Import Request.
  Time since last request: 0.000021 seconds.
  path: Assets/Pixelart Graphical User Interface/Pixelart Graphical User Interface/Icons Style 1/Style 1 Icon 034.png
  artifactKey: Guid(39d67acfab303c845902c5dc4bcf4c1c) Importer(815301076,1909f56bfc062723c751e8b465ee728b)
Start importing Assets/Pixelart Graphical User Interface/Pixelart Graphical User Interface/Icons Style 1/Style 1 Icon 034.png using Guid(39d67acfab303c845902c5dc4bcf4c1c) Importer(815301076,1909f56bfc062723c751e8b465ee728b)  -> (artifact id: '0ce411cb8e3e1fc2370b17437251acf1') in 0.021009 seconds
Number of updated asset objects reloaded before import = 0
Number of asset objects unloaded after import = 3
========================================================================
Received Import Request.
  Time since last request: 0.000017 seconds.
  path: Assets/Pixelart Graphical User Interface/Pixelart Graphical User Interface/Icons Style 1/Style 1 Icon 030.png
  artifactKey: Guid(27f641a55c733f142aa23ad76f78f15b) Importer(815301076,1909f56bfc062723c751e8b465ee728b)
Start importing Assets/Pixelart Graphical User Interface/Pixelart Graphical User Interface/Icons Style 1/Style 1 Icon 030.png using Guid(27f641a55c733f142aa23ad76f78f15b) Importer(815301076,1909f56bfc062723c751e8b465ee728b)  -> (artifact id: '6c4148b93c6eb21bd94a2bdeb73ed5ec') in 0.021301 seconds
Number of updated asset objects reloaded before import = 0
Number of asset objects unloaded after import = 3
========================================================================
Received Import Request.
  Time since last request: 0.000017 seconds.
  path: Assets/Pixelart Graphical User Interface/Pixelart Graphical User Interface/Icons Style 1/Style 1 Icon 059.png
  artifactKey: Guid(b3a4791a04ff42947bd77b7ad07a9ec0) Importer(815301076,1909f56bfc062723c751e8b465ee728b)
Start importing Assets/Pixelart Graphical User Interface/Pixelart Graphical User Interface/Icons Style 1/Style 1 Icon 059.png using Guid(b3a4791a04ff42947bd77b7ad07a9ec0) Importer(815301076,1909f56bfc062723c751e8b465ee728b)  -> (artifact id: 'fa78c0c4dba330c64799b06cb1276656') in 0.020648 seconds
Number of updated asset objects reloaded before import = 0
Number of asset objects unloaded after import = 3
========================================================================
Received Import Request.
  Time since last request: 4.083524 seconds.
  path: Assets/Pixelart Graphical User Interface/Pixelart Graphical User Interface/Icons Style 2
  artifactKey: Guid(0f733ea0917d80948bd45ff7a0d938f5) Importer(815301076,1909f56bfc062723c751e8b465ee728b)
Start importing Assets/Pixelart Graphical User Interface/Pixelart Graphical User Interface/Icons Style 2 using Guid(0f733ea0917d80948bd45ff7a0d938f5) Importer(815301076,1909f56bfc062723c751e8b465ee728b)  -> (artifact id: 'd6feff8812135b590a15445f8e476680') in 0.000819 seconds
Number of updated asset objects reloaded before import = 0
Number of asset objects unloaded after import = 0
========================================================================
Received Import Request.
  Time since last request: 1.423775 seconds.
  path: Assets/Pixelart Graphical User Interface/Pixelart Graphical User Interface/Icons Style 2/Style 2 Icon 000.png
  artifactKey: Guid(3fd5d38784cc0c34593dea4bded501ca) Importer(815301076,1909f56bfc062723c751e8b465ee728b)
Start importing Assets/Pixelart Graphical User Interface/Pixelart Graphical User Interface/Icons Style 2/Style 2 Icon 000.png using Guid(3fd5d38784cc0c34593dea4bded501ca) Importer(815301076,1909f56bfc062723c751e8b465ee728b)  -> (artifact id: 'e6e165ea20d725fcf7bb966cd5579636') in 0.038656 seconds
Number of updated asset objects reloaded before import = 0
Number of asset objects unloaded after import = 3
========================================================================
Received Import Request.
  Time since last request: 0.000036 seconds.
  path: Assets/Pixelart Graphical User Interface/Pixelart Graphical User Interface/Icons Style 2/Style 2 Icon 058.png
  artifactKey: Guid(d736f130e790c63438fea189a7280a07) Importer(815301076,1909f56bfc062723c751e8b465ee728b)
Start importing Assets/Pixelart Graphical User Interface/Pixelart Graphical User Interface/Icons Style 2/Style 2 Icon 058.png using Guid(d736f130e790c63438fea189a7280a07) Importer(815301076,1909f56bfc062723c751e8b465ee728b)  -> (artifact id: '1c3b99f812d45b838c6cf6fe6a9908fb') in 0.031503 seconds
Number of updated asset objects reloaded before import = 0
Number of asset objects unloaded after import = 3
========================================================================
Received Import Request.
  Time since last request: 0.000033 seconds.
  path: Assets/Pixelart Graphical User Interface/Pixelart Graphical User Interface/Icons Style 2/Style 2 Icon 056.png
  artifactKey: Guid(78b4ef490d9b0af4bb93a0ed881444c3) Importer(815301076,1909f56bfc062723c751e8b465ee728b)
Start importing Assets/Pixelart Graphical User Interface/Pixelart Graphical User Interface/Icons Style 2/Style 2 Icon 056.png using Guid(78b4ef490d9b0af4bb93a0ed881444c3) Importer(815301076,1909f56bfc062723c751e8b465ee728b)  -> (artifact id: 'c3d53df1480426c16273d94c84eebc1e') in 0.033133 seconds
Number of updated asset objects reloaded before import = 0
Number of asset objects unloaded after import = 3
========================================================================
Received Import Request.
  Time since last request: 0.000022 seconds.
  path: Assets/Pixelart Graphical User Interface/Pixelart Graphical User Interface/Icons Style 2/Style 2 Icon 067.png
  artifactKey: Guid(7e14b678131fb5b4486c7bf9d00e6c7e) Importer(815301076,1909f56bfc062723c751e8b465ee728b)
Start importing Assets/Pixelart Graphical User Interface/Pixelart Graphical User Interface/Icons Style 2/Style 2 Icon 067.png using Guid(7e14b678131fb5b4486c7bf9d00e6c7e) Importer(815301076,1909f56bfc062723c751e8b465ee728b)  -> (artifact id: '7ba42ab7558631eb1eb69556ffec7a8f') in 0.029080 seconds
Number of updated asset objects reloaded before import = 0
Number of asset objects unloaded after import = 3
========================================================================
Received Import Request.
  Time since last request: 0.000017 seconds.
  path: Assets/Pixelart Graphical User Interface/Pixelart Graphical User Interface/Icons Style 2/Style 2 Icon 044.png
  artifactKey: Guid(06b5d4e1e5a89a94f911c865b0145c29) Importer(815301076,1909f56bfc062723c751e8b465ee728b)
Start importing Assets/Pixelart Graphical User Interface/Pixelart Graphical User Interface/Icons Style 2/Style 2 Icon 044.png using Guid(06b5d4e1e5a89a94f911c865b0145c29) Importer(815301076,1909f56bfc062723c751e8b465ee728b)  -> (artifact id: '4d9356797b648af3c63a091ec93372e1') in 0.045456 seconds
Number of updated asset objects reloaded before import = 0
Number of asset objects unloaded after import = 3
========================================================================
Received Import Request.
  Time since last request: 0.000018 seconds.
  path: Assets/Pixelart Graphical User Interface/Pixelart Graphical User Interface/Icons Style 2/Style 2 Icon 077.png
  artifactKey: Guid(3029aba75a1821641add1cda532e6f78) Importer(815301076,1909f56bfc062723c751e8b465ee728b)
Start importing Assets/Pixelart Graphical User Interface/Pixelart Graphical User Interface/Icons Style 2/Style 2 Icon 077.png using Guid(3029aba75a1821641add1cda532e6f78) Importer(815301076,1909f56bfc062723c751e8b465ee728b)  -> (artifact id: 'eaee4de7fad370ec33a27a74079f3896') in 0.021701 seconds
Number of updated asset objects reloaded before import = 0
Number of asset objects unloaded after import = 3
========================================================================
Received Import Request.
  Time since last request: 0.000021 seconds.
  path: Assets/Pixelart Graphical User Interface/Pixelart Graphical User Interface/Icons Style 2/Style 2 Icon 009.png
  artifactKey: Guid(e2c26d12313119d469bc9bd6ef011196) Importer(815301076,1909f56bfc062723c751e8b465ee728b)
Start importing Assets/Pixelart Graphical User Interface/Pixelart Graphical User Interface/Icons Style 2/Style 2 Icon 009.png using Guid(e2c26d12313119d469bc9bd6ef011196) Importer(815301076,1909f56bfc062723c751e8b465ee728b)  -> (artifact id: '371b07b1acd275444aed79df6bc32cc5') in 0.027238 seconds
Number of updated asset objects reloaded before import = 0
Number of asset objects unloaded after import = 3
========================================================================
Received Import Request.
  Time since last request: 0.000017 seconds.
  path: Assets/Pixelart Graphical User Interface/Pixelart Graphical User Interface/Icons Style 2/Style 2 Icon 068.png
  artifactKey: Guid(c2856fb4ded7a8c43b31acf7b0973783) Importer(815301076,1909f56bfc062723c751e8b465ee728b)
Start importing Assets/Pixelart Graphical User Interface/Pixelart Graphical User Interface/Icons Style 2/Style 2 Icon 068.png using Guid(c2856fb4ded7a8c43b31acf7b0973783) Importer(815301076,1909f56bfc062723c751e8b465ee728b)  -> (artifact id: '371a8d596a239a351d8b93326b170d05') in 0.022435 seconds
Number of updated asset objects reloaded before import = 0
Number of asset objects unloaded after import = 3
========================================================================
Received Import Request.
  Time since last request: 0.000021 seconds.
  path: Assets/Pixelart Graphical User Interface/Pixelart Graphical User Interface/Icons Style 2/Style 2 Icon 011.png
  artifactKey: Guid(8afef2a58d3ae3f4b998c64df94238b8) Importer(815301076,1909f56bfc062723c751e8b465ee728b)
Start importing Assets/Pixelart Graphical User Interface/Pixelart Graphical User Interface/Icons Style 2/Style 2 Icon 011.png using Guid(8afef2a58d3ae3f4b998c64df94238b8) Importer(815301076,1909f56bfc062723c751e8b465ee728b)  -> (artifact id: '9ab2ade2bc8890887e2a7525e0507cc1') in 0.020209 seconds
Number of updated asset objects reloaded before import = 0
Number of asset objects unloaded after import = 3
========================================================================
Received Import Request.
  Time since last request: 0.000028 seconds.
  path: Assets/Pixelart Graphical User Interface/Pixelart Graphical User Interface/Icons Style 2/Style 2 Icon 021.png
  artifactKey: Guid(63e0eee675ffee64299be6b6e0cea51d) Importer(815301076,1909f56bfc062723c751e8b465ee728b)
Start importing Assets/Pixelart Graphical User Interface/Pixelart Graphical User Interface/Icons Style 2/Style 2 Icon 021.png using Guid(63e0eee675ffee64299be6b6e0cea51d) Importer(815301076,1909f56bfc062723c751e8b465ee728b)  -> (artifact id: '2e37ad0443a38df9e5c2b5169a8e8056') in 0.019994 seconds
Number of updated asset objects reloaded before import = 0
Number of asset objects unloaded after import = 3
========================================================================
Received Import Request.
  Time since last request: 0.000018 seconds.
  path: Assets/Pixelart Graphical User Interface/Pixelart Graphical User Interface/Icons Style 2/Style 2 Icon 054.png
  artifactKey: Guid(b608b54ef18f8f840a2cf6f1243e809e) Importer(815301076,1909f56bfc062723c751e8b465ee728b)
Start importing Assets/Pixelart Graphical User Interface/Pixelart Graphical User Interface/Icons Style 2/Style 2 Icon 054.png using Guid(b608b54ef18f8f840a2cf6f1243e809e) Importer(815301076,1909f56bfc062723c751e8b465ee728b)  -> (artifact id: '6402b0f84f97f289abf512f0ea628ceb') in 0.020122 seconds
Number of updated asset objects reloaded before import = 0
Number of asset objects unloaded after import = 3
========================================================================
Received Import Request.
  Time since last request: 0.000019 seconds.
  path: Assets/Pixelart Graphical User Interface/Pixelart Graphical User Interface/Icons Style 2/Style 2 Icon 042.png
  artifactKey: Guid(1abfc240fd21c8942a4429f2364c5d06) Importer(815301076,1909f56bfc062723c751e8b465ee728b)
Start importing Assets/Pixelart Graphical User Interface/Pixelart Graphical User Interface/Icons Style 2/Style 2 Icon 042.png using Guid(1abfc240fd21c8942a4429f2364c5d06) Importer(815301076,1909f56bfc062723c751e8b465ee728b)  -> (artifact id: '95a84a7d6f0a80a39abcbcfe557f4aba') in 0.019467 seconds
Number of updated asset objects reloaded before import = 0
Number of asset objects unloaded after import = 3
========================================================================
Received Import Request.
  Time since last request: 0.000018 seconds.
  path: Assets/Pixelart Graphical User Interface/Pixelart Graphical User Interface/Icons Style 2/Style 2 Icon 080.png
  artifactKey: Guid(21a3fec85dbf3884398c07da184cd656) Importer(815301076,1909f56bfc062723c751e8b465ee728b)
Start importing Assets/Pixelart Graphical User Interface/Pixelart Graphical User Interface/Icons Style 2/Style 2 Icon 080.png using Guid(21a3fec85dbf3884398c07da184cd656) Importer(815301076,1909f56bfc062723c751e8b465ee728b)  -> (artifact id: '269a34f0e100e94fa35dbdc876089ca9') in 0.020856 seconds
Number of updated asset objects reloaded before import = 0
Number of asset objects unloaded after import = 3
========================================================================
Received Import Request.
  Time since last request: 0.000017 seconds.
  path: Assets/Pixelart Graphical User Interface/Pixelart Graphical User Interface/Icons Style 2/Style 2 Icon 019.png
  artifactKey: Guid(58078801fb2eab84b90e0f1ecbbf9087) Importer(815301076,1909f56bfc062723c751e8b465ee728b)
Start importing Assets/Pixelart Graphical User Interface/Pixelart Graphical User Interface/Icons Style 2/Style 2 Icon 019.png using Guid(58078801fb2eab84b90e0f1ecbbf9087) Importer(815301076,1909f56bfc062723c751e8b465ee728b)  -> (artifact id: '7bc8967cdf5c0cd21145e196672dfa9a') in 0.019407 seconds
Number of updated asset objects reloaded before import = 0
Number of asset objects unloaded after import = 3
========================================================================
Received Import Request.
  Time since last request: 0.000017 seconds.
  path: Assets/Pixelart Graphical User Interface/Pixelart Graphical User Interface/Icons Style 2/Style 2 Icon 062.png
  artifactKey: Guid(22dbce4c348cb8f40ad78bd953a66d15) Importer(815301076,1909f56bfc062723c751e8b465ee728b)
Start importing Assets/Pixelart Graphical User Interface/Pixelart Graphical User Interface/Icons Style 2/Style 2 Icon 062.png using Guid(22dbce4c348cb8f40ad78bd953a66d15) Importer(815301076,1909f56bfc062723c751e8b465ee728b)  -> (artifact id: 'beafa2084124ed6905165a9d6725d776') in 0.020215 seconds
Number of updated asset objects reloaded before import = 0
Number of asset objects unloaded after import = 3
========================================================================
Received Import Request.
  Time since last request: 0.000018 seconds.
  path: Assets/Pixelart Graphical User Interface/Pixelart Graphical User Interface/Icons Style 2/Style 2 Icon 076.png
  artifactKey: Guid(fd31d3e57ebba2641a28c36cb9ddbcc7) Importer(815301076,1909f56bfc062723c751e8b465ee728b)
Start importing Assets/Pixelart Graphical User Interface/Pixelart Graphical User Interface/Icons Style 2/Style 2 Icon 076.png using Guid(fd31d3e57ebba2641a28c36cb9ddbcc7) Importer(815301076,1909f56bfc062723c751e8b465ee728b)  -> (artifact id: 'a7794ded912c036fb8fdcf415ef0a4a5') in 0.020541 seconds
Number of updated asset objects reloaded before import = 0
Number of asset objects unloaded after import = 3
========================================================================
Received Import Request.
  Time since last request: 0.000018 seconds.
  path: Assets/Pixelart Graphical User Interface/Pixelart Graphical User Interface/Icons Style 2/Style 2 Icon 046.png
  artifactKey: Guid(138a7d8ef157ad54fa7214aa43b630fb) Importer(815301076,1909f56bfc062723c751e8b465ee728b)
Start importing Assets/Pixelart Graphical User Interface/Pixelart Graphical User Interface/Icons Style 2/Style 2 Icon 046.png using Guid(138a7d8ef157ad54fa7214aa43b630fb) Importer(815301076,1909f56bfc062723c751e8b465ee728b)  -> (artifact id: '47b0efb668fed702922fe691a3194119') in 0.019753 seconds
Number of updated asset objects reloaded before import = 0
Number of asset objects unloaded after import = 3
========================================================================
Received Import Request.
  Time since last request: 7.197765 seconds.
  path: Assets/Pixelart Graphical User Interface/Pixelart Graphical User Interface/Icons Style 2/Style 2 Icon 081.png
  artifactKey: Guid(0301aebcb506b784caeb20cefb59a699) Importer(815301076,1909f56bfc062723c751e8b465ee728b)
Start importing Assets/Pixelart Graphical User Interface/Pixelart Graphical User Interface/Icons Style 2/Style 2 Icon 081.png using Guid(0301aebcb506b784caeb20cefb59a699) Importer(815301076,1909f56bfc062723c751e8b465ee728b)  -> (artifact id: 'e1cbfb70458cfbfa399728d5b1bba7f5') in 0.050227 seconds
Number of updated asset objects reloaded before import = 0
Number of asset objects unloaded after import = 3
========================================================================
Received Import Request.
  Time since last request: 0.000030 seconds.
  path: Assets/Pixelart Graphical User Interface/Pixelart Graphical User Interface/Icons Style 2/Style 2 Icon 093.png
  artifactKey: Guid(077ad5d53cd108d40b63d38ccc5f5eba) Importer(815301076,1909f56bfc062723c751e8b465ee728b)
Start importing Assets/Pixelart Graphical User Interface/Pixelart Graphical User Interface/Icons Style 2/Style 2 Icon 093.png using Guid(077ad5d53cd108d40b63d38ccc5f5eba) Importer(815301076,1909f56bfc062723c751e8b465ee728b)  -> (artifact id: 'd914fbe61ee24f1b71337a7d8872db77') in 0.063325 seconds
Number of updated asset objects reloaded before import = 0
Number of asset objects unloaded after import = 3
========================================================================
Received Import Request.
  Time since last request: 0.263952 seconds.
  path: Assets/Pixelart Graphical User Interface/Pixelart Graphical User Interface/Icons Style 2/Style 2 Icon 097.png
  artifactKey: Guid(0063a3eea8eb49e43bc521f73c7500a3) Importer(815301076,1909f56bfc062723c751e8b465ee728b)
Start importing Assets/Pixelart Graphical User Interface/Pixelart Graphical User Interface/Icons Style 2/Style 2 Icon 097.png using Guid(0063a3eea8eb49e43bc521f73c7500a3) Importer(815301076,1909f56bfc062723c751e8b465ee728b)  -> (artifact id: '79e11e6ddcf79c689529469a04f21fdf') in 0.049554 seconds
Number of updated asset objects reloaded before import = 0
Number of asset objects unloaded after import = 3
========================================================================
Received Import Request.
  Time since last request: 0.000029 seconds.
  path: Assets/Pixelart Graphical User Interface/Pixelart Graphical User Interface/Icons Style 2/Style 2 Icon 102.png
  artifactKey: Guid(646761e38dd4eaa41aeeaa7c08352eb7) Importer(815301076,1909f56bfc062723c751e8b465ee728b)
Start importing Assets/Pixelart Graphical User Interface/Pixelart Graphical User Interface/Icons Style 2/Style 2 Icon 102.png using Guid(646761e38dd4eaa41aeeaa7c08352eb7) Importer(815301076,1909f56bfc062723c751e8b465ee728b)  -> (artifact id: '0a35d2285663f0f83d0b115219d75185') in 0.026127 seconds
Number of updated asset objects reloaded before import = 0
Number of asset objects unloaded after import = 3
========================================================================
Received Import Request.
  Time since last request: 0.000024 seconds.
  path: Assets/Pixelart Graphical User Interface/Pixelart Graphical User Interface/Icons Style 2/Style 2 Icon 112.png
  artifactKey: Guid(60a8727fad7a8264f9670cde0fd6228a) Importer(815301076,1909f56bfc062723c751e8b465ee728b)
Start importing Assets/Pixelart Graphical User Interface/Pixelart Graphical User Interface/Icons Style 2/Style 2 Icon 112.png using Guid(60a8727fad7a8264f9670cde0fd6228a) Importer(815301076,1909f56bfc062723c751e8b465ee728b)  -> (artifact id: '6fcc7b11f699319b86423af7125665e9') in 0.022097 seconds
Number of updated asset objects reloaded before import = 0
Number of asset objects unloaded after import = 3
========================================================================
Received Import Request.
  Time since last request: 0.000023 seconds.
  path: Assets/Pixelart Graphical User Interface/Pixelart Graphical User Interface/Icons Style 2/Style 2 Icon 110.png
  artifactKey: Guid(e6aab20c9d10af54fa1bb17cbbe17a91) Importer(815301076,1909f56bfc062723c751e8b465ee728b)
Start importing Assets/Pixelart Graphical User Interface/Pixelart Graphical User Interface/Icons Style 2/Style 2 Icon 110.png using Guid(e6aab20c9d10af54fa1bb17cbbe17a91) Importer(815301076,1909f56bfc062723c751e8b465ee728b)  -> (artifact id: '032a040158bc5c80cfa6626dbbed17ba') in 0.018617 seconds
Number of updated asset objects reloaded before import = 0
Number of asset objects unloaded after import = 3
========================================================================
Received Import Request.
  Time since last request: 0.230146 seconds.
  path: Assets/Pixelart Graphical User Interface/Pixelart Graphical User Interface/Icons Style 2/Style 2 Icon 113.png
  artifactKey: Guid(f84edae8b93db0d438910e53bd4bae0a) Importer(815301076,1909f56bfc062723c751e8b465ee728b)
Start importing Assets/Pixelart Graphical User Interface/Pixelart Graphical User Interface/Icons Style 2/Style 2 Icon 113.png using Guid(f84edae8b93db0d438910e53bd4bae0a) Importer(815301076,1909f56bfc062723c751e8b465ee728b)  -> (artifact id: 'c77c0f2885f9f04fc33f59695fef7738') in 0.044912 seconds
Number of updated asset objects reloaded before import = 0
Number of asset objects unloaded after import = 3
========================================================================
Received Import Request.
  Time since last request: 0.000058 seconds.
  path: Assets/Pixelart Graphical User Interface/Pixelart Graphical User Interface/Icons Style 2/Style 2 Icon 122.png
  artifactKey: Guid(889439abfd234964c968e4e8cad6ceac) Importer(815301076,1909f56bfc062723c751e8b465ee728b)
Start importing Assets/Pixelart Graphical User Interface/Pixelart Graphical User Interface/Icons Style 2/Style 2 Icon 122.png using Guid(889439abfd234964c968e4e8cad6ceac) Importer(815301076,1909f56bfc062723c751e8b465ee728b)  -> (artifact id: '1d68a11b95778aeeff7cbc5305ef57ee') in 0.028524 seconds
Number of updated asset objects reloaded before import = 0
Number of asset objects unloaded after import = 3
========================================================================
Received Import Request.
  Time since last request: 0.000024 seconds.
  path: Assets/Pixelart Graphical User Interface/Pixelart Graphical User Interface/Icons Style 2/Style 2 Icon 131.png
  artifactKey: Guid(5ac236b835b539043bb9180b0b6327d4) Importer(815301076,1909f56bfc062723c751e8b465ee728b)
Start importing Assets/Pixelart Graphical User Interface/Pixelart Graphical User Interface/Icons Style 2/Style 2 Icon 131.png using Guid(5ac236b835b539043bb9180b0b6327d4) Importer(815301076,1909f56bfc062723c751e8b465ee728b)  -> (artifact id: 'bb69d78df7da1ba744321c6c1cf91e01') in 0.026174 seconds
Number of updated asset objects reloaded before import = 0
Number of asset objects unloaded after import = 3
========================================================================
Received Import Request.
  Time since last request: 0.000017 seconds.
  path: Assets/Pixelart Graphical User Interface/Pixelart Graphical User Interface/Icons Style 2/Style 2 Icon 144.png
  artifactKey: Guid(f7343a71b65587140996f4ef56a25581) Importer(815301076,1909f56bfc062723c751e8b465ee728b)
Start importing Assets/Pixelart Graphical User Interface/Pixelart Graphical User Interface/Icons Style 2/Style 2 Icon 144.png using Guid(f7343a71b65587140996f4ef56a25581) Importer(815301076,1909f56bfc062723c751e8b465ee728b)  -> (artifact id: '2bea073ce6ec45804377ed8531710875') in 0.022509 seconds
Number of updated asset objects reloaded before import = 0
Number of asset objects unloaded after import = 3
========================================================================
Received Import Request.
  Time since last request: 0.000017 seconds.
  path: Assets/Pixelart Graphical User Interface/Pixelart Graphical User Interface/Icons Style 2/Style 2 Icon 146.png
  artifactKey: Guid(d639c092f218ce34eb8e4cdd300779b2) Importer(815301076,1909f56bfc062723c751e8b465ee728b)
Start importing Assets/Pixelart Graphical User Interface/Pixelart Graphical User Interface/Icons Style 2/Style 2 Icon 146.png using Guid(d639c092f218ce34eb8e4cdd300779b2) Importer(815301076,1909f56bfc062723c751e8b465ee728b)  -> (artifact id: 'a36e2822de6d94358ddbed6bbcb91e22') in 0.021700 seconds
Number of updated asset objects reloaded before import = 0
Number of asset objects unloaded after import = 3
========================================================================
Received Import Request.
  Time since last request: 0.000027 seconds.
  path: Assets/Pixelart Graphical User Interface/Pixelart Graphical User Interface/Icons Style 2/Style 2 Icon 125.png
  artifactKey: Guid(fff23ff7433a906498ae669b23936367) Importer(815301076,1909f56bfc062723c751e8b465ee728b)
Start importing Assets/Pixelart Graphical User Interface/Pixelart Graphical User Interface/Icons Style 2/Style 2 Icon 125.png using Guid(fff23ff7433a906498ae669b23936367) Importer(815301076,1909f56bfc062723c751e8b465ee728b)  -> (artifact id: 'a1493b2de9f8e28a5acee6838b458201') in 0.022632 seconds
Number of updated asset objects reloaded before import = 0
Number of asset objects unloaded after import = 3
========================================================================
Received Import Request.
  Time since last request: 0.000031 seconds.
  path: Assets/Pixelart Graphical User Interface/Pixelart Graphical User Interface/Icons Style 2/Style 2 Icon 153.png
  artifactKey: Guid(d053c82890fbe0e42a59e16b5773cab9) Importer(815301076,1909f56bfc062723c751e8b465ee728b)
Start importing Assets/Pixelart Graphical User Interface/Pixelart Graphical User Interface/Icons Style 2/Style 2 Icon 153.png using Guid(d053c82890fbe0e42a59e16b5773cab9) Importer(815301076,1909f56bfc062723c751e8b465ee728b)  -> (artifact id: 'a022dca9288cd0785c81f9eedf7b08c5') in 0.021784 seconds
Number of updated asset objects reloaded before import = 0
Number of asset objects unloaded after import = 3
========================================================================
Received Import Request.
  Time since last request: 0.000021 seconds.
  path: Assets/Pixelart Graphical User Interface/Pixelart Graphical User Interface/Icons Style 2/Style 2 Icon 127.png
  artifactKey: Guid(0c255a8b450dec44e8ba02a7408b2bd2) Importer(815301076,1909f56bfc062723c751e8b465ee728b)
Start importing Assets/Pixelart Graphical User Interface/Pixelart Graphical User Interface/Icons Style 2/Style 2 Icon 127.png using Guid(0c255a8b450dec44e8ba02a7408b2bd2) Importer(815301076,1909f56bfc062723c751e8b465ee728b)  -> (artifact id: 'f2575a1a7f1681b4ad22625d90a09775') in 0.024224 seconds
Number of updated asset objects reloaded before import = 0
Number of asset objects unloaded after import = 3
========================================================================
Received Import Request.
  Time since last request: 0.000019 seconds.
  path: Assets/Pixelart Graphical User Interface/Pixelart Graphical User Interface/Icons Style 2/Style 2 Icon 121.png
  artifactKey: Guid(fee152faf4c8bc24288961960c997280) Importer(815301076,1909f56bfc062723c751e8b465ee728b)
Start importing Assets/Pixelart Graphical User Interface/Pixelart Graphical User Interface/Icons Style 2/Style 2 Icon 121.png using Guid(fee152faf4c8bc24288961960c997280) Importer(815301076,1909f56bfc062723c751e8b465ee728b)  -> (artifact id: '3faba75bff97ddb43cf242fe86d52d5d') in 0.021322 seconds
Number of updated asset objects reloaded before import = 0
Number of asset objects unloaded after import = 3
========================================================================
Received Import Request.
  Time since last request: 0.000020 seconds.
  path: Assets/Pixelart Graphical User Interface/Pixelart Graphical User Interface/Icons Style 2/Style 2 Icon 126.png
  artifactKey: Guid(48a1bf961e007134182f230e2374a1e2) Importer(815301076,1909f56bfc062723c751e8b465ee728b)
Start importing Assets/Pixelart Graphical User Interface/Pixelart Graphical User Interface/Icons Style 2/Style 2 Icon 126.png using Guid(48a1bf961e007134182f230e2374a1e2) Importer(815301076,1909f56bfc062723c751e8b465ee728b)  -> (artifact id: '2bc71616e60603a71908e062ac023602') in 0.021474 seconds
Number of updated asset objects reloaded before import = 0
Number of asset objects unloaded after import = 3
========================================================================
Received Import Request.
  Time since last request: 0.601907 seconds.
  path: Assets/Pixelart Graphical User Interface/Pixelart Graphical User Interface/Icons Style 2/Style 2 Icon 161.png
  artifactKey: Guid(bc32ff31dfb0b9c478a23f72a6e83f44) Importer(815301076,1909f56bfc062723c751e8b465ee728b)
Start importing Assets/Pixelart Graphical User Interface/Pixelart Graphical User Interface/Icons Style 2/Style 2 Icon 161.png using Guid(bc32ff31dfb0b9c478a23f72a6e83f44) Importer(815301076,1909f56bfc062723c751e8b465ee728b)  -> (artifact id: 'fdd4d946ca89963fa23eb77f9c552f1d') in 0.037049 seconds
Number of updated asset objects reloaded before import = 0
Number of asset objects unloaded after import = 3
========================================================================
Received Import Request.
  Time since last request: 0.000021 seconds.
  path: Assets/Pixelart Graphical User Interface/Pixelart Graphical User Interface/Icons Style 2/Style 2 Icon 181.png
  artifactKey: Guid(442a4744ca11f3849b2b01fb37045b1d) Importer(815301076,1909f56bfc062723c751e8b465ee728b)
Start importing Assets/Pixelart Graphical User Interface/Pixelart Graphical User Interface/Icons Style 2/Style 2 Icon 181.png using Guid(442a4744ca11f3849b2b01fb37045b1d) Importer(815301076,1909f56bfc062723c751e8b465ee728b)  -> (artifact id: 'b7d230cc2afe3cf3ce646c62317c5629') in 0.019884 seconds
Number of updated asset objects reloaded before import = 0
Number of asset objects unloaded after import = 3
========================================================================
Received Import Request.
  Time since last request: 0.000017 seconds.
  path: Assets/Pixelart Graphical User Interface/Pixelart Graphical User Interface/Icons Style 2/Style 2 Icon 179.png
  artifactKey: Guid(f9794a9a19765934894643441fc01251) Importer(815301076,1909f56bfc062723c751e8b465ee728b)
Start importing Assets/Pixelart Graphical User Interface/Pixelart Graphical User Interface/Icons Style 2/Style 2 Icon 179.png using Guid(f9794a9a19765934894643441fc01251) Importer(815301076,1909f56bfc062723c751e8b465ee728b)  -> (artifact id: '1d17cf7de4fe0112a93060e7d742479e') in 0.018854 seconds
Number of updated asset objects reloaded before import = 0
Number of asset objects unloaded after import = 3
========================================================================
Received Import Request.
  Time since last request: 0.000019 seconds.
  path: Assets/Pixelart Graphical User Interface/Pixelart Graphical User Interface/Icons Style 2/Style 2 Icon 206.png
  artifactKey: Guid(f688c9db0075bcd4fbf74b6fa4c4196b) Importer(815301076,1909f56bfc062723c751e8b465ee728b)
Start importing Assets/Pixelart Graphical User Interface/Pixelart Graphical User Interface/Icons Style 2/Style 2 Icon 206.png using Guid(f688c9db0075bcd4fbf74b6fa4c4196b) Importer(815301076,1909f56bfc062723c751e8b465ee728b)  -> (artifact id: '3dde27f9a5108071bcb5ee8b961b5d6e') in 0.021317 seconds
Number of updated asset objects reloaded before import = 0
Number of asset objects unloaded after import = 3
========================================================================
Received Import Request.
  Time since last request: 0.000032 seconds.
  path: Assets/Pixelart Graphical User Interface/Pixelart Graphical User Interface/Icons Style 2/Style 2 Icon 192.png
  artifactKey: Guid(653e2eacd231bb94dbd6b75f1b67e499) Importer(815301076,1909f56bfc062723c751e8b465ee728b)
Start importing Assets/Pixelart Graphical User Interface/Pixelart Graphical User Interface/Icons Style 2/Style 2 Icon 192.png using Guid(653e2eacd231bb94dbd6b75f1b67e499) Importer(815301076,1909f56bfc062723c751e8b465ee728b)  -> (artifact id: '6143d4b948a86d13943425a7aba840b2') in 0.019116 seconds
Number of updated asset objects reloaded before import = 0
Number of asset objects unloaded after import = 3
========================================================================
Received Import Request.
  Time since last request: 0.000018 seconds.
  path: Assets/Pixelart Graphical User Interface/Pixelart Graphical User Interface/Icons Style 2/Style 2 Icon 197.png
  artifactKey: Guid(7e277534795453c478a3026fe9dd8dd5) Importer(815301076,1909f56bfc062723c751e8b465ee728b)
Start importing Assets/Pixelart Graphical User Interface/Pixelart Graphical User Interface/Icons Style 2/Style 2 Icon 197.png using Guid(7e277534795453c478a3026fe9dd8dd5) Importer(815301076,1909f56bfc062723c751e8b465ee728b)  -> (artifact id: '3196ba4c8e3dd95ac9fa1f0630f94961') in 0.019794 seconds
Number of updated asset objects reloaded before import = 0
Number of asset objects unloaded after import = 3
========================================================================
Received Import Request.
  Time since last request: 0.000018 seconds.
  path: Assets/Pixelart Graphical User Interface/Pixelart Graphical User Interface/Icons Style 2/Style 2 Icon 166.png
  artifactKey: Guid(23f5aebd6856e584c9b6503b83b83c3f) Importer(815301076,1909f56bfc062723c751e8b465ee728b)
Start importing Assets/Pixelart Graphical User Interface/Pixelart Graphical User Interface/Icons Style 2/Style 2 Icon 166.png using Guid(23f5aebd6856e584c9b6503b83b83c3f) Importer(815301076,1909f56bfc062723c751e8b465ee728b)  -> (artifact id: 'b6b3d2bd2aaa8433102c376b9951700b') in 0.019882 seconds
Number of updated asset objects reloaded before import = 0
Number of asset objects unloaded after import = 3
========================================================================
Received Import Request.
  Time since last request: 0.000019 seconds.
  path: Assets/Pixelart Graphical User Interface/Pixelart Graphical User Interface/Icons Style 2/Style 2 Icon 176.png
  artifactKey: Guid(18384dbdcbd3b3440ac99b7f9a37aaa2) Importer(815301076,1909f56bfc062723c751e8b465ee728b)
Start importing Assets/Pixelart Graphical User Interface/Pixelart Graphical User Interface/Icons Style 2/Style 2 Icon 176.png using Guid(18384dbdcbd3b3440ac99b7f9a37aaa2) Importer(815301076,1909f56bfc062723c751e8b465ee728b)  -> (artifact id: 'a395ee4c7bfe03716fed881a70256f4c') in 0.020919 seconds
Number of updated asset objects reloaded before import = 0
Number of asset objects unloaded after import = 3
========================================================================
Received Import Request.
  Time since last request: 0.000022 seconds.
  path: Assets/Pixelart Graphical User Interface/Pixelart Graphical User Interface/Icons Style 2/Style 2 Icon 173.png
  artifactKey: Guid(5b4c00dafa88c184d9fcfb28f598023c) Importer(815301076,1909f56bfc062723c751e8b465ee728b)
Start importing Assets/Pixelart Graphical User Interface/Pixelart Graphical User Interface/Icons Style 2/Style 2 Icon 173.png using Guid(5b4c00dafa88c184d9fcfb28f598023c) Importer(815301076,1909f56bfc062723c751e8b465ee728b)  -> (artifact id: '94e8ff0661e67d79c36b0401fb926ff6') in 0.020396 seconds
Number of updated asset objects reloaded before import = 0
Number of asset objects unloaded after import = 3
========================================================================
Received Import Request.
  Time since last request: 0.000021 seconds.
  path: Assets/Pixelart Graphical User Interface/Pixelart Graphical User Interface/Icons Style 2/Style 2 Icon 185.png
  artifactKey: Guid(86ef8b1faa44f6a46a7b38ad58fecfc2) Importer(815301076,1909f56bfc062723c751e8b465ee728b)
Start importing Assets/Pixelart Graphical User Interface/Pixelart Graphical User Interface/Icons Style 2/Style 2 Icon 185.png using Guid(86ef8b1faa44f6a46a7b38ad58fecfc2) Importer(815301076,1909f56bfc062723c751e8b465ee728b)  -> (artifact id: 'ff0279a9b81010da388f1d685c6cf987') in 0.019706 seconds
Number of updated asset objects reloaded before import = 0
Number of asset objects unloaded after import = 3
========================================================================
Received Import Request.
  Time since last request: 0.176276 seconds.
  path: Assets/Pixelart Graphical User Interface/Pixelart Graphical User Interface/Icons Style 2/Style 2 Icon 209.png
  artifactKey: Guid(63915d2a0a5a5c044a42f5d2886b08a5) Importer(815301076,1909f56bfc062723c751e8b465ee728b)
Start importing Assets/Pixelart Graphical User Interface/Pixelart Graphical User Interface/Icons Style 2/Style 2 Icon 209.png using Guid(63915d2a0a5a5c044a42f5d2886b08a5) Importer(815301076,1909f56bfc062723c751e8b465ee728b)  -> (artifact id: '114482353888affaed5430090655ac06') in 0.035997 seconds
Number of updated asset objects reloaded before import = 0
Number of asset objects unloaded after import = 3
========================================================================
Received Import Request.
  Time since last request: 0.000028 seconds.
  path: Assets/Pixelart Graphical User Interface/Pixelart Graphical User Interface/Icons Style 2/Style 2 Icon 225.png
  artifactKey: Guid(77015c5f0845f67479d52b98a712891c) Importer(815301076,1909f56bfc062723c751e8b465ee728b)
Start importing Assets/Pixelart Graphical User Interface/Pixelart Graphical User Interface/Icons Style 2/Style 2 Icon 225.png using Guid(77015c5f0845f67479d52b98a712891c) Importer(815301076,1909f56bfc062723c751e8b465ee728b)  -> (artifact id: '1f167c1a8bea7617aac347d0d10a7025') in 0.022818 seconds
Number of updated asset objects reloaded before import = 0
Number of asset objects unloaded after import = 3
========================================================================
Received Import Request.
  Time since last request: 0.000020 seconds.
  path: Assets/Pixelart Graphical User Interface/Pixelart Graphical User Interface/Icons Style 2/Style 2 Icon 240.png
  artifactKey: Guid(8779e618df21a6e4ea06b9fa41cc50ff) Importer(815301076,1909f56bfc062723c751e8b465ee728b)
Start importing Assets/Pixelart Graphical User Interface/Pixelart Graphical User Interface/Icons Style 2/Style 2 Icon 240.png using Guid(8779e618df21a6e4ea06b9fa41cc50ff) Importer(815301076,1909f56bfc062723c751e8b465ee728b)  -> (artifact id: '7833cbec34fd93e9d6dc6d3e02cfbacd') in 0.021444 seconds
Number of updated asset objects reloaded before import = 0
Number of asset objects unloaded after import = 3
========================================================================
Received Import Request.
  Time since last request: 0.000025 seconds.
  path: Assets/Pixelart Graphical User Interface/Pixelart Graphical User Interface/Icons Style 2/Style 2 Icon 219.png
  artifactKey: Guid(7b35fe0266f71cc4095b9edf4379856b) Importer(815301076,1909f56bfc062723c751e8b465ee728b)
Start importing Assets/Pixelart Graphical User Interface/Pixelart Graphical User Interface/Icons Style 2/Style 2 Icon 219.png using Guid(7b35fe0266f71cc4095b9edf4379856b) Importer(815301076,1909f56bfc062723c751e8b465ee728b)  -> (artifact id: '094ee0ed3a37bb09ae1b2d8f37338eb5') in 0.021829 seconds
Number of updated asset objects reloaded before import = 0
Number of asset objects unloaded after import = 3
========================================================================
Received Import Request.
  Time since last request: 0.000020 seconds.
  path: Assets/Pixelart Graphical User Interface/Pixelart Graphical User Interface/Icons Style 2/Style 2 Icon 238.png
  artifactKey: Guid(501dfbb505d61db4695e540c74d96ab7) Importer(815301076,1909f56bfc062723c751e8b465ee728b)
Start importing Assets/Pixelart Graphical User Interface/Pixelart Graphical User Interface/Icons Style 2/Style 2 Icon 238.png using Guid(501dfbb505d61db4695e540c74d96ab7) Importer(815301076,1909f56bfc062723c751e8b465ee728b)  -> (artifact id: 'c30eca2cefe8257b8b5ec77b8454b8b5') in 0.021550 seconds
Number of updated asset objects reloaded before import = 0
Number of asset objects unloaded after import = 3
========================================================================
Received Import Request.
  Time since last request: 0.000020 seconds.
  path: Assets/Pixelart Graphical User Interface/Pixelart Graphical User Interface/Icons Style 2/Style 2 Icon 233.png
  artifactKey: Guid(b1e75b37710dfd44fa9d57b9642aaaa5) Importer(815301076,1909f56bfc062723c751e8b465ee728b)
Start importing Assets/Pixelart Graphical User Interface/Pixelart Graphical User Interface/Icons Style 2/Style 2 Icon 233.png using Guid(b1e75b37710dfd44fa9d57b9642aaaa5) Importer(815301076,1909f56bfc062723c751e8b465ee728b)  -> (artifact id: 'b70cef4e23f049cbb91405df5c84c841') in 0.022129 seconds
Number of updated asset objects reloaded before import = 0
Number of asset objects unloaded after import = 3
========================================================================
Received Import Request.
  Time since last request: 0.000019 seconds.
  path: Assets/Pixelart Graphical User Interface/Pixelart Graphical User Interface/Icons Style 2/Style 2 Icon 229.png
  artifactKey: Guid(7868f7e87336c7e44968c642291a8d5e) Importer(815301076,1909f56bfc062723c751e8b465ee728b)
Start importing Assets/Pixelart Graphical User Interface/Pixelart Graphical User Interface/Icons Style 2/Style 2 Icon 229.png using Guid(7868f7e87336c7e44968c642291a8d5e) Importer(815301076,1909f56bfc062723c751e8b465ee728b)  -> (artifact id: '51eac211f2814308eea8408654ee3e46') in 0.019617 seconds
Number of updated asset objects reloaded before import = 0
Number of asset objects unloaded after import = 3
========================================================================
Received Import Request.
  Time since last request: 0.272280 seconds.
  path: Assets/Pixelart Graphical User Interface/Pixelart Graphical User Interface/Icons Style 2/Style 2 Icon 241.png
  artifactKey: Guid(c880d17dd04ba6241890cacab629fdff) Importer(815301076,1909f56bfc062723c751e8b465ee728b)
Start importing Assets/Pixelart Graphical User Interface/Pixelart Graphical User Interface/Icons Style 2/Style 2 Icon 241.png using Guid(c880d17dd04ba6241890cacab629fdff) Importer(815301076,1909f56bfc062723c751e8b465ee728b)  -> (artifact id: '277d6497097f4acde0b441d4e1e245f7') in 0.037719 seconds
Number of updated asset objects reloaded before import = 0
Number of asset objects unloaded after import = 3
========================================================================
Received Import Request.
  Time since last request: 0.000025 seconds.
  path: Assets/Pixelart Graphical User Interface/Pixelart Graphical User Interface/Icons Style 2/Style 2 Icon 261.png
  artifactKey: Guid(108959a2df548cf49a0b80582f9a77e0) Importer(815301076,1909f56bfc062723c751e8b465ee728b)
Start importing Assets/Pixelart Graphical User Interface/Pixelart Graphical User Interface/Icons Style 2/Style 2 Icon 261.png using Guid(108959a2df548cf49a0b80582f9a77e0) Importer(815301076,1909f56bfc062723c751e8b465ee728b)  -> (artifact id: 'efba8d1099b18b2e5cd7261c40bf5b23') in 0.027320 seconds
Number of updated asset objects reloaded before import = 0
Number of asset objects unloaded after import = 3
========================================================================
Received Import Request.
  Time since last request: 0.000033 seconds.
  path: Assets/Pixelart Graphical User Interface/Pixelart Graphical User Interface/Icons Style 2/Style 2 Icon 267.png
  artifactKey: Guid(8cd3a0e2ea06bac4bb869372de0ae989) Importer(815301076,1909f56bfc062723c751e8b465ee728b)
Start importing Assets/Pixelart Graphical User Interface/Pixelart Graphical User Interface/Icons Style 2/Style 2 Icon 267.png using Guid(8cd3a0e2ea06bac4bb869372de0ae989) Importer(815301076,1909f56bfc062723c751e8b465ee728b)  -> (artifact id: 'eb2d875d616aa71e2bc44677516319db') in 0.022119 seconds
Number of updated asset objects reloaded before import = 0
Number of asset objects unloaded after import = 3
========================================================================
Received Import Request.
  Time since last request: 0.000019 seconds.
  path: Assets/Pixelart Graphical User Interface/Pixelart Graphical User Interface/Icons Style 2/Style 2 Icon 288.png
  artifactKey: Guid(b0fa517d4870ece4db6e386b3e92620d) Importer(815301076,1909f56bfc062723c751e8b465ee728b)
Start importing Assets/Pixelart Graphical User Interface/Pixelart Graphical User Interface/Icons Style 2/Style 2 Icon 288.png using Guid(b0fa517d4870ece4db6e386b3e92620d) Importer(815301076,1909f56bfc062723c751e8b465ee728b)  -> (artifact id: '592783ba188479e938263cb291e312e7') in 0.022123 seconds
Number of updated asset objects reloaded before import = 0
Number of asset objects unloaded after import = 3
========================================================================
Received Import Request.
  Time since last request: 0.000018 seconds.
  path: Assets/Pixelart Graphical User Interface/Pixelart Graphical User Interface/Icons Style 2/Style 2 Icon 248.png
  artifactKey: Guid(7c9719eaf34fb50438203b99d2bba16b) Importer(815301076,1909f56bfc062723c751e8b465ee728b)
Start importing Assets/Pixelart Graphical User Interface/Pixelart Graphical User Interface/Icons Style 2/Style 2 Icon 248.png using Guid(7c9719eaf34fb50438203b99d2bba16b) Importer(815301076,1909f56bfc062723c751e8b465ee728b)  -> (artifact id: '56da34845b74a76c7709ac730c87ee20') in 0.022956 seconds
Number of updated asset objects reloaded before import = 0
Number of asset objects unloaded after import = 3
========================================================================
Received Import Request.
  Time since last request: 0.000017 seconds.
  path: Assets/Pixelart Graphical User Interface/Pixelart Graphical User Interface/Icons Style 2/Style 2 Icon 289.png
  artifactKey: Guid(8d83609f55a3f4348a51cd1926e92d54) Importer(815301076,1909f56bfc062723c751e8b465ee728b)
Start importing Assets/Pixelart Graphical User Interface/Pixelart Graphical User Interface/Icons Style 2/Style 2 Icon 289.png using Guid(8d83609f55a3f4348a51cd1926e92d54) Importer(815301076,1909f56bfc062723c751e8b465ee728b)  -> (artifact id: '1cdac4b2b834091133821f90c4dca28a') in 0.021841 seconds
Number of updated asset objects reloaded before import = 0
Number of asset objects unloaded after import = 3
========================================================================
Received Import Request.
  Time since last request: 0.000019 seconds.
  path: Assets/Pixelart Graphical User Interface/Pixelart Graphical User Interface/Icons Style 2/Style 2 Icon 303.png
  artifactKey: Guid(cb6108613346e6d4785f7198fa83496e) Importer(815301076,1909f56bfc062723c751e8b465ee728b)
Start importing Assets/Pixelart Graphical User Interface/Pixelart Graphical User Interface/Icons Style 2/Style 2 Icon 303.png using Guid(cb6108613346e6d4785f7198fa83496e) Importer(815301076,1909f56bfc062723c751e8b465ee728b)  -> (artifact id: '2682d549f23a4be53745bd0a60a904da') in 0.023009 seconds
Number of updated asset objects reloaded before import = 0
Number of asset objects unloaded after import = 3
========================================================================
Received Import Request.
  Time since last request: 0.000018 seconds.
  path: Assets/Pixelart Graphical User Interface/Pixelart Graphical User Interface/Icons Style 2/Style 2 Icon 270.png
  artifactKey: Guid(aad47d3bcf44da6429ae7f1b2e0ca764) Importer(815301076,1909f56bfc062723c751e8b465ee728b)
Start importing Assets/Pixelart Graphical User Interface/Pixelart Graphical User Interface/Icons Style 2/Style 2 Icon 270.png using Guid(aad47d3bcf44da6429ae7f1b2e0ca764) Importer(815301076,1909f56bfc062723c751e8b465ee728b)  -> (artifact id: 'eea78bcf2e1a0851d569d18602629e68') in 0.019335 seconds
Number of updated asset objects reloaded before import = 0
Number of asset objects unloaded after import = 3
========================================================================
Received Import Request.
  Time since last request: 0.000019 seconds.
  path: Assets/Pixelart Graphical User Interface/Pixelart Graphical User Interface/Icons Style 2/Style 2 Icon 286.png
  artifactKey: Guid(a7f06e76bdd6152449c9717704435694) Importer(815301076,1909f56bfc062723c751e8b465ee728b)
Start importing Assets/Pixelart Graphical User Interface/Pixelart Graphical User Interface/Icons Style 2/Style 2 Icon 286.png using Guid(a7f06e76bdd6152449c9717704435694) Importer(815301076,1909f56bfc062723c751e8b465ee728b)  -> (artifact id: 'ffd075716358537381e7bc432bf134cd') in 0.021215 seconds
Number of updated asset objects reloaded before import = 0
Number of asset objects unloaded after import = 3
========================================================================
Received Import Request.
  Time since last request: 0.000024 seconds.
  path: Assets/Pixelart Graphical User Interface/Pixelart Graphical User Interface/Icons Style 2/Style 2 Icon 297.png
  artifactKey: Guid(53f54fdac3ef3e842a640a48e1b98a73) Importer(815301076,1909f56bfc062723c751e8b465ee728b)
Start importing Assets/Pixelart Graphical User Interface/Pixelart Graphical User Interface/Icons Style 2/Style 2 Icon 297.png using Guid(53f54fdac3ef3e842a640a48e1b98a73) Importer(815301076,1909f56bfc062723c751e8b465ee728b)  -> (artifact id: '506f6bfec7c56bcc130fe368b200f5c2') in 0.022111 seconds
Number of updated asset objects reloaded before import = 0
Number of asset objects unloaded after import = 3
========================================================================
Received Import Request.
  Time since last request: 0.000026 seconds.
  path: Assets/Pixelart Graphical User Interface/Pixelart Graphical User Interface/Icons Style 2/Style 2 Icon 293.png
  artifactKey: Guid(29fd3c14a4f312d4ba5790f8d835803c) Importer(815301076,1909f56bfc062723c751e8b465ee728b)
Start importing Assets/Pixelart Graphical User Interface/Pixelart Graphical User Interface/Icons Style 2/Style 2 Icon 293.png using Guid(29fd3c14a4f312d4ba5790f8d835803c) Importer(815301076,1909f56bfc062723c751e8b465ee728b)  -> (artifact id: '88c0fe043e5a53b7b69997ceef5e0c22') in 0.020117 seconds
Number of updated asset objects reloaded before import = 0
Number of asset objects unloaded after import = 3
========================================================================
Received Import Request.
  Time since last request: 0.000018 seconds.
  path: Assets/Pixelart Graphical User Interface/Pixelart Graphical User Interface/Icons Style 2/Style 2 Icon 275.png
  artifactKey: Guid(e04a194fa0461ed4591c67194b49e9df) Importer(815301076,1909f56bfc062723c751e8b465ee728b)
Start importing Assets/Pixelart Graphical User Interface/Pixelart Graphical User Interface/Icons Style 2/Style 2 Icon 275.png using Guid(e04a194fa0461ed4591c67194b49e9df) Importer(815301076,1909f56bfc062723c751e8b465ee728b)  -> (artifact id: 'd59bf4b15bc2d9d725e3ab86e08f21e3') in 0.019320 seconds
Number of updated asset objects reloaded before import = 0
Number of asset objects unloaded after import = 3
========================================================================
Received Import Request.
  Time since last request: 0.206374 seconds.
  path: Assets/Pixelart Graphical User Interface/Pixelart Graphical User Interface/Icons Style 2/Style 2 Icon 305.png
  artifactKey: Guid(4cbfcd206b2645c488e7542a9b451aaf) Importer(815301076,1909f56bfc062723c751e8b465ee728b)
Start importing Assets/Pixelart Graphical User Interface/Pixelart Graphical User Interface/Icons Style 2/Style 2 Icon 305.png using Guid(4cbfcd206b2645c488e7542a9b451aaf) Importer(815301076,1909f56bfc062723c751e8b465ee728b)  -> (artifact id: 'bc4f3d1142c49bfc01f2ea23d8de2d22') in 0.039323 seconds
Number of updated asset objects reloaded before import = 0
Number of asset objects unloaded after import = 3
========================================================================
Received Import Request.
  Time since last request: 0.000016 seconds.
  path: Assets/Pixelart Graphical User Interface/Pixelart Graphical User Interface/Icons Style 2/Style 2 Icon 316.png
  artifactKey: Guid(6d4d4615a12163846ae79064215f23f9) Importer(815301076,1909f56bfc062723c751e8b465ee728b)
Start importing Assets/Pixelart Graphical User Interface/Pixelart Graphical User Interface/Icons Style 2/Style 2 Icon 316.png using Guid(6d4d4615a12163846ae79064215f23f9) Importer(815301076,1909f56bfc062723c751e8b465ee728b)  -> (artifact id: 'e21fcfed47dbad406116f1cfee52e683') in 0.021559 seconds
Number of updated asset objects reloaded before import = 0
Number of asset objects unloaded after import = 3
========================================================================
Received Import Request.
  Time since last request: 0.000023 seconds.
  path: Assets/Pixelart Graphical User Interface/Pixelart Graphical User Interface/Icons Style 2/Style 2 Icon 329.png
  artifactKey: Guid(77a620d87bdab5e42bf5e2a897deed74) Importer(815301076,1909f56bfc062723c751e8b465ee728b)
Start importing Assets/Pixelart Graphical User Interface/Pixelart Graphical User Interface/Icons Style 2/Style 2 Icon 329.png using Guid(77a620d87bdab5e42bf5e2a897deed74) Importer(815301076,1909f56bfc062723c751e8b465ee728b)  -> (artifact id: 'b1dc7d86b906a55a20ae334ffd6b9405') in 0.020292 seconds
Number of updated asset objects reloaded before import = 0
Number of asset objects unloaded after import = 3
========================================================================
Received Import Request.
  Time since last request: 0.000017 seconds.
  path: Assets/Pixelart Graphical User Interface/Pixelart Graphical User Interface/Icons Style 2/Style 2 Icon 333.png
  artifactKey: Guid(d00c627cde8ab7c469161027af3d8ea6) Importer(815301076,1909f56bfc062723c751e8b465ee728b)
Start importing Assets/Pixelart Graphical User Interface/Pixelart Graphical User Interface/Icons Style 2/Style 2 Icon 333.png using Guid(d00c627cde8ab7c469161027af3d8ea6) Importer(815301076,1909f56bfc062723c751e8b465ee728b)  -> (artifact id: '32e7f8de0655a61bf1cb4c9896d727b3') in 0.020364 seconds
Number of updated asset objects reloaded before import = 0
Number of asset objects unloaded after import = 3
========================================================================
Received Import Request.
  Time since last request: 0.000023 seconds.
  path: Assets/Pixelart Graphical User Interface/Pixelart Graphical User Interface/Icons Style 2/Style 2 Icon 332.png
  artifactKey: Guid(eb6a2daf3c0f7064c977d4569f8ba14a) Importer(815301076,1909f56bfc062723c751e8b465ee728b)
Start importing Assets/Pixelart Graphical User Interface/Pixelart Graphical User Interface/Icons Style 2/Style 2 Icon 332.png using Guid(eb6a2daf3c0f7064c977d4569f8ba14a) Importer(815301076,1909f56bfc062723c751e8b465ee728b)  -> (artifact id: 'b65ca2a266dc46b0833f138b545b0574') in 0.020827 seconds
Number of updated asset objects reloaded before import = 0
Number of asset objects unloaded after import = 3
========================================================================
Received Import Request.
  Time since last request: 0.000033 seconds.
  path: Assets/Pixelart Graphical User Interface/Pixelart Graphical User Interface/Icons Style 2/Style 2 Icon 327.png
  artifactKey: Guid(aca5c25aa9b173f4194bd2d2c98ffd92) Importer(815301076,1909f56bfc062723c751e8b465ee728b)
Start importing Assets/Pixelart Graphical User Interface/Pixelart Graphical User Interface/Icons Style 2/Style 2 Icon 327.png using Guid(aca5c25aa9b173f4194bd2d2c98ffd92) Importer(815301076,1909f56bfc062723c751e8b465ee728b)  -> (artifact id: '54c34d50c896fd084bba0b0d6f5db4a3') in 0.020724 seconds
Number of updated asset objects reloaded before import = 0
Number of asset objects unloaded after import = 3
========================================================================
Received Import Request.
  Time since last request: 8.839071 seconds.
  path: Assets/Pixelart Graphical User Interface/Pixelart Graphical User Interface/User Interface 01
  artifactKey: Guid(6b7d6b7279791d9419a520b68454ce7a) Importer(815301076,1909f56bfc062723c751e8b465ee728b)
Start importing Assets/Pixelart Graphical User Interface/Pixelart Graphical User Interface/User Interface 01 using Guid(6b7d6b7279791d9419a520b68454ce7a) Importer(815301076,1909f56bfc062723c751e8b465ee728b)  -> (artifact id: '95d6877c2bfe01f3e6ccd8b945785463') in 0.000593 seconds
Number of updated asset objects reloaded before import = 0
Number of asset objects unloaded after import = 0
========================================================================
Received Import Request.
  Time since last request: 0.067521 seconds.
  path: Assets/Pixelart Graphical User Interface/Pixelart Graphical User Interface/User Interface 01/Button_Big_01.png
  artifactKey: Guid(add19f75a9b4b44478336a6e9a960384) Importer(815301076,1909f56bfc062723c751e8b465ee728b)
Start importing Assets/Pixelart Graphical User Interface/Pixelart Graphical User Interface/User Interface 01/Button_Big_01.png using Guid(add19f75a9b4b44478336a6e9a960384) Importer(815301076,1909f56bfc062723c751e8b465ee728b)  -> (artifact id: 'eb80034606e53eda6124604fd1773051') in 0.039924 seconds
Number of updated asset objects reloaded before import = 0
Number of asset objects unloaded after import = 3
========================================================================
Received Import Request.
  Time since last request: 0.000025 seconds.
  path: Assets/Pixelart Graphical User Interface/Pixelart Graphical User Interface/User Interface 01/Button_Medium_02.png
  artifactKey: Guid(fcf6ed4a0e44c7e4897d1f53952eebf1) Importer(815301076,1909f56bfc062723c751e8b465ee728b)
Start importing Assets/Pixelart Graphical User Interface/Pixelart Graphical User Interface/User Interface 01/Button_Medium_02.png using Guid(fcf6ed4a0e44c7e4897d1f53952eebf1) Importer(815301076,1909f56bfc062723c751e8b465ee728b)  -> (artifact id: '16842a147c61a5f755edbc1c4428846e') in 0.042695 seconds
Number of updated asset objects reloaded before import = 0
Number of asset objects unloaded after import = 3
========================================================================
Received Import Request.
  Time since last request: 0.000026 seconds.
  path: Assets/Pixelart Graphical User Interface/Pixelart Graphical User Interface/User Interface 01/Button_Big_07.png
  artifactKey: Guid(1f3685943dfcbfb4996252c2ad37aa6a) Importer(815301076,1909f56bfc062723c751e8b465ee728b)
Start importing Assets/Pixelart Graphical User Interface/Pixelart Graphical User Interface/User Interface 01/Button_Big_07.png using Guid(1f3685943dfcbfb4996252c2ad37aa6a) Importer(815301076,1909f56bfc062723c751e8b465ee728b)  -> (artifact id: '34309432ed950f01a36891baf2454eb6') in 0.048022 seconds
Number of updated asset objects reloaded before import = 0
Number of asset objects unloaded after import = 3
========================================================================
Received Import Request.
  Time since last request: 0.000018 seconds.
  path: Assets/Pixelart Graphical User Interface/Pixelart Graphical User Interface/User Interface 01/Button_Medium_01.png
  artifactKey: Guid(2c789975e41011e438df22981c1c82c5) Importer(815301076,1909f56bfc062723c751e8b465ee728b)
Start importing Assets/Pixelart Graphical User Interface/Pixelart Graphical User Interface/User Interface 01/Button_Medium_01.png using Guid(2c789975e41011e438df22981c1c82c5) Importer(815301076,1909f56bfc062723c751e8b465ee728b)  -> (artifact id: 'eea9aed23ca98471de4d9c1489d82156') in 0.069022 seconds
Number of updated asset objects reloaded before import = 0
Number of asset objects unloaded after import = 3
========================================================================
Received Import Request.
  Time since last request: 0.000017 seconds.
  path: Assets/Pixelart Graphical User Interface/Pixelart Graphical User Interface/User Interface 01/Inventory_9slices_06.png
  artifactKey: Guid(ee1376767a3d84942b94b4ea7ada9fda) Importer(815301076,1909f56bfc062723c751e8b465ee728b)
Start importing Assets/Pixelart Graphical User Interface/Pixelart Graphical User Interface/User Interface 01/Inventory_9slices_06.png using Guid(ee1376767a3d84942b94b4ea7ada9fda) Importer(815301076,1909f56bfc062723c751e8b465ee728b)  -> (artifact id: '12b0d97cef4f2e8129d897ac29b8e2b7') in 0.023329 seconds
Number of updated asset objects reloaded before import = 0
Number of asset objects unloaded after import = 3
========================================================================
Received Import Request.
  Time since last request: 0.000018 seconds.
  path: Assets/Pixelart Graphical User Interface/Pixelart Graphical User Interface/User Interface 01/Inventory_Slot_03.png
  artifactKey: Guid(20e1e2ea6cf40b6449fff4f96ecd97c3) Importer(815301076,1909f56bfc062723c751e8b465ee728b)
Start importing Assets/Pixelart Graphical User Interface/Pixelart Graphical User Interface/User Interface 01/Inventory_Slot_03.png using Guid(20e1e2ea6cf40b6449fff4f96ecd97c3) Importer(815301076,1909f56bfc062723c751e8b465ee728b)  -> (artifact id: 'bc09d4090e44cd17b10f80ddca4af2b6') in 0.021829 seconds
Number of updated asset objects reloaded before import = 0
Number of asset objects unloaded after import = 3
========================================================================
Received Import Request.
  Time since last request: 0.000019 seconds.
  path: Assets/Pixelart Graphical User Interface/Pixelart Graphical User Interface/User Interface 01/Health_Bar_04.png
  artifactKey: Guid(65931a10df3eb94498ad8040ce7428b5) Importer(815301076,1909f56bfc062723c751e8b465ee728b)
Start importing Assets/Pixelart Graphical User Interface/Pixelart Graphical User Interface/User Interface 01/Health_Bar_04.png using Guid(65931a10df3eb94498ad8040ce7428b5) Importer(815301076,1909f56bfc062723c751e8b465ee728b)  -> (artifact id: 'a3d152ee8fa93eb0e08852e359bb43ce') in 0.021445 seconds
Number of updated asset objects reloaded before import = 0
Number of asset objects unloaded after import = 3
========================================================================
Received Import Request.
  Time since last request: 5.181822 seconds.
  path: Assets/Pixelart Graphical User Interface/Pixelart Graphical User Interface/User Interface 01/Menu Buttons
  artifactKey: Guid(f2064d6e9150c8e44bf1ea3ba0ba2d0d) Importer(815301076,1909f56bfc062723c751e8b465ee728b)
Start importing Assets/Pixelart Graphical User Interface/Pixelart Graphical User Interface/User Interface 01/Menu Buttons using Guid(f2064d6e9150c8e44bf1ea3ba0ba2d0d) Importer(815301076,1909f56bfc062723c751e8b465ee728b)  -> (artifact id: 'b05147d2bb6bf265b1ac1b25760bb8b7') in 0.000584 seconds
Number of updated asset objects reloaded before import = 0
Number of asset objects unloaded after import = 0
========================================================================
Received Import Request.
  Time since last request: 0.054595 seconds.
  path: Assets/Pixelart Graphical User Interface/Pixelart Graphical User Interface/User Interface 01/Menu Buttons/Menu Buttons 1.png
  artifactKey: Guid(10ca82bbb19b334499c53797fa37ccb2) Importer(815301076,1909f56bfc062723c751e8b465ee728b)
Start importing Assets/Pixelart Graphical User Interface/Pixelart Graphical User Interface/User Interface 01/Menu Buttons/Menu Buttons 1.png using Guid(10ca82bbb19b334499c53797fa37ccb2) Importer(815301076,1909f56bfc062723c751e8b465ee728b)  -> (artifact id: '1cacd36c23d4faa448ddbfbfd3f087e0') in 0.039665 seconds
Number of updated asset objects reloaded before import = 0
Number of asset objects unloaded after import = 3
========================================================================
Received Import Request.
  Time since last request: 0.000031 seconds.
  path: Assets/Pixelart Graphical User Interface/Pixelart Graphical User Interface/User Interface 01/Menu Buttons/Menu Buttons 29.png
  artifactKey: Guid(eefe3afde7963654aa59bbd5c3140f65) Importer(815301076,1909f56bfc062723c751e8b465ee728b)
Start importing Assets/Pixelart Graphical User Interface/Pixelart Graphical User Interface/User Interface 01/Menu Buttons/Menu Buttons 29.png using Guid(eefe3afde7963654aa59bbd5c3140f65) Importer(815301076,1909f56bfc062723c751e8b465ee728b)  -> (artifact id: 'cf43622ed33a9cc932b894ca4c92c773') in 0.035547 seconds
Number of updated asset objects reloaded before import = 0
Number of asset objects unloaded after import = 3
========================================================================
Received Import Request.
  Time since last request: 0.000026 seconds.
  path: Assets/Pixelart Graphical User Interface/Pixelart Graphical User Interface/User Interface 01/Menu Buttons/Menu Buttons 12.png
  artifactKey: Guid(bf5ecd5d441a4114fbf64af8601db5b8) Importer(815301076,1909f56bfc062723c751e8b465ee728b)
Start importing Assets/Pixelart Graphical User Interface/Pixelart Graphical User Interface/User Interface 01/Menu Buttons/Menu Buttons 12.png using Guid(bf5ecd5d441a4114fbf64af8601db5b8) Importer(815301076,1909f56bfc062723c751e8b465ee728b)  -> (artifact id: 'ce15608935cb39d3e3427d264be8b34a') in 0.027172 seconds
Number of updated asset objects reloaded before import = 0
Number of asset objects unloaded after import = 3
========================================================================
Received Import Request.
  Time since last request: 0.000015 seconds.
  path: Assets/Pixelart Graphical User Interface/Pixelart Graphical User Interface/User Interface 01/Menu Buttons/Menu Buttons 14.png
  artifactKey: Guid(ac2c321c7ca6d27479f160e97bd0726c) Importer(815301076,1909f56bfc062723c751e8b465ee728b)
Start importing Assets/Pixelart Graphical User Interface/Pixelart Graphical User Interface/User Interface 01/Menu Buttons/Menu Buttons 14.png using Guid(ac2c321c7ca6d27479f160e97bd0726c) Importer(815301076,1909f56bfc062723c751e8b465ee728b)  -> (artifact id: '43ea14fe52c8547ea1f09f5b0a1d2628') in 0.027339 seconds
Number of updated asset objects reloaded before import = 0
Number of asset objects unloaded after import = 3
========================================================================
Received Import Request.
  Time since last request: 0.000025 seconds.
  path: Assets/Pixelart Graphical User Interface/Pixelart Graphical User Interface/User Interface 01/Menu Buttons/Menu Buttons Spritesheet.png
  artifactKey: Guid(08be5200e5816c94282bfcb373245638) Importer(815301076,1909f56bfc062723c751e8b465ee728b)
Start importing Assets/Pixelart Graphical User Interface/Pixelart Graphical User Interface/User Interface 01/Menu Buttons/Menu Buttons Spritesheet.png using Guid(08be5200e5816c94282bfcb373245638) Importer(815301076,1909f56bfc062723c751e8b465ee728b)  -> (artifact id: '2b456ad6d5715334d5ca454e71204307') in 0.034648 seconds
Number of updated asset objects reloaded before import = 0
Number of asset objects unloaded after import = 3
========================================================================
Received Import Request.
  Time since last request: 0.000017 seconds.
  path: Assets/Pixelart Graphical User Interface/Pixelart Graphical User Interface/User Interface 01/Menu Buttons/Menu Buttons 8.png
  artifactKey: Guid(6fa511ec08b137442970a8368231dc24) Importer(815301076,1909f56bfc062723c751e8b465ee728b)
Start importing Assets/Pixelart Graphical User Interface/Pixelart Graphical User Interface/User Interface 01/Menu Buttons/Menu Buttons 8.png using Guid(6fa511ec08b137442970a8368231dc24) Importer(815301076,1909f56bfc062723c751e8b465ee728b)  -> (artifact id: '99f0a72bf0baf26f9f14ddf971314e70') in 0.025405 seconds
Number of updated asset objects reloaded before import = 0
Number of asset objects unloaded after import = 3
========================================================================
Received Import Request.
  Time since last request: 0.000017 seconds.
  path: Assets/Pixelart Graphical User Interface/Pixelart Graphical User Interface/User Interface 01/Menu Buttons/Menu Buttons 51.png
  artifactKey: Guid(4cca98f162ace0448a26055e425f41c8) Importer(815301076,1909f56bfc062723c751e8b465ee728b)
Start importing Assets/Pixelart Graphical User Interface/Pixelart Graphical User Interface/User Interface 01/Menu Buttons/Menu Buttons 51.png using Guid(4cca98f162ace0448a26055e425f41c8) Importer(815301076,1909f56bfc062723c751e8b465ee728b)  -> (artifact id: 'af463f91eafc6180f39da2fd47fc9d31') in 0.019947 seconds
Number of updated asset objects reloaded before import = 0
Number of asset objects unloaded after import = 3
========================================================================
Received Import Request.
  Time since last request: 0.000017 seconds.
  path: Assets/Pixelart Graphical User Interface/Pixelart Graphical User Interface/User Interface 01/Menu Buttons/Menu Buttons 33.png
  artifactKey: Guid(08a25884aea61cf46b78deba64130d37) Importer(815301076,1909f56bfc062723c751e8b465ee728b)
Start importing Assets/Pixelart Graphical User Interface/Pixelart Graphical User Interface/User Interface 01/Menu Buttons/Menu Buttons 33.png using Guid(08a25884aea61cf46b78deba64130d37) Importer(815301076,1909f56bfc062723c751e8b465ee728b)  -> (artifact id: '3e6a64bdeca55fe962e1453ddb0d58e3') in 0.020483 seconds
Number of updated asset objects reloaded before import = 0
Number of asset objects unloaded after import = 3
========================================================================
Received Import Request.
  Time since last request: 0.000018 seconds.
  path: Assets/Pixelart Graphical User Interface/Pixelart Graphical User Interface/User Interface 01/Menu Buttons/Menu Buttons 22.png
  artifactKey: Guid(7bc7ff1a2dd1fdf488fa9d3fdbc9781f) Importer(815301076,1909f56bfc062723c751e8b465ee728b)
Start importing Assets/Pixelart Graphical User Interface/Pixelart Graphical User Interface/User Interface 01/Menu Buttons/Menu Buttons 22.png using Guid(7bc7ff1a2dd1fdf488fa9d3fdbc9781f) Importer(815301076,1909f56bfc062723c751e8b465ee728b)  -> (artifact id: 'a805aafe66d2b76faff7a3a047251eb1') in 0.020529 seconds
Number of updated asset objects reloaded before import = 0
Number of asset objects unloaded after import = 3
========================================================================
Received Import Request.
  Time since last request: 0.000021 seconds.
  path: Assets/Pixelart Graphical User Interface/Pixelart Graphical User Interface/User Interface 01/Menu Buttons/Menu Buttons 20.png
  artifactKey: Guid(335e40d0378ba15469e0937f9ae983dc) Importer(815301076,1909f56bfc062723c751e8b465ee728b)
Start importing Assets/Pixelart Graphical User Interface/Pixelart Graphical User Interface/User Interface 01/Menu Buttons/Menu Buttons 20.png using Guid(335e40d0378ba15469e0937f9ae983dc) Importer(815301076,1909f56bfc062723c751e8b465ee728b)  -> (artifact id: '5305f9516ee93690e57366ae9dca6655') in 0.020068 seconds
Number of updated asset objects reloaded before import = 0
Number of asset objects unloaded after import = 3
========================================================================
Received Import Request.
  Time since last request: 0.000032 seconds.
  path: Assets/Pixelart Graphical User Interface/Pixelart Graphical User Interface/User Interface 01/Menu Buttons/Menu Buttons 53.png
  artifactKey: Guid(a86e0524279fb764bae0372bfa065ccd) Importer(815301076,1909f56bfc062723c751e8b465ee728b)
Start importing Assets/Pixelart Graphical User Interface/Pixelart Graphical User Interface/User Interface 01/Menu Buttons/Menu Buttons 53.png using Guid(a86e0524279fb764bae0372bfa065ccd) Importer(815301076,1909f56bfc062723c751e8b465ee728b)  -> (artifact id: '2ddfb5c58f668053f1044c80076dac46') in 0.026048 seconds
Number of updated asset objects reloaded before import = 0
Number of asset objects unloaded after import = 3
Editor requested this worker to shutdown with reason: Scaling down because of idle timeout
TcpMessagingSession - receive error: operation aborted. errorcode: 995, details: The I/O operation has been aborted because of either a thread exit or an application request.
AssetImportWorker is now disconnected from the server
Process exiting
Exiting without the bug reporter. Application will terminate with return code 0