Using pre-set license
Built from '2022.3/staging' branch; Version is '2022.3.9f1 (ea401c316338) revision 15351836'; Using compiler version '192829333'; Build Type 'Release'
OS: 'Windows 10  (10.0.19045) 64bit Enterprise' Language: 'en' Physical Memory: 32477 MB
BatchMode: 1, IsHumanControllingUs: 0, StartBugReporterOnCrash: 0, Is64bit: 1, IsPro: 1

COMMAND LINE ARGUMENTS:
C:\Program Files\Unity 2022.3.9f1\Editor\Unity.exe
-adb2
-batchMode
-noUpm
-name
AssetImportWorker2
-projectPath
C:/Users/a00307309/Desktop/EmberShadows
-logFile
Logs/AssetImportWorker2.log
-srvPort
63019
Successfully changed project path to: C:/Users/a00307309/Desktop/EmberShadows
C:/Users/a00307309/Desktop/EmberShadows
[UnityMemory] Configuration Parameters - Can be set up in boot.config
    "memorysetup-bucket-allocator-granularity=16"
    "memorysetup-bucket-allocator-bucket-count=8"
    "memorysetup-bucket-allocator-block-size=33554432"
    "memorysetup-bucket-allocator-block-count=8"
    "memorysetup-main-allocator-block-size=16777216"
    "memorysetup-thread-allocator-block-size=16777216"
    "memorysetup-gfx-main-allocator-block-size=16777216"
    "memorysetup-gfx-thread-allocator-block-size=16777216"
    "memorysetup-cache-allocator-block-size=4194304"
    "memorysetup-typetree-allocator-block-size=2097152"
    "memorysetup-profiler-bucket-allocator-granularity=16"
    "memorysetup-profiler-bucket-allocator-bucket-count=8"
    "memorysetup-profiler-bucket-allocator-block-size=33554432"
    "memorysetup-profiler-bucket-allocator-block-count=8"
    "memorysetup-profiler-allocator-block-size=16777216"
    "memorysetup-profiler-editor-allocator-block-size=1048576"
    "memorysetup-temp-allocator-size-main=16777216"
    "memorysetup-job-temp-allocator-block-size=2097152"
    "memorysetup-job-temp-allocator-block-size-background=1048576"
    "memorysetup-job-temp-allocator-reduction-small-platforms=262144"
    "memorysetup-allocator-temp-initial-block-size-main=262144"
    "memorysetup-allocator-temp-initial-block-size-worker=262144"
    "memorysetup-temp-allocator-size-background-worker=32768"
    "memorysetup-temp-allocator-size-job-worker=262144"
    "memorysetup-temp-allocator-size-preload-manager=33554432"
    "memorysetup-temp-allocator-size-nav-mesh-worker=65536"
    "memorysetup-temp-allocator-size-audio-worker=65536"
    "memorysetup-temp-allocator-size-cloud-worker=32768"
    "memorysetup-temp-allocator-size-gi-baking-worker=262144"
    "memorysetup-temp-allocator-size-gfx=262144"
Player connection [12184] Host "[IP] 192.168.23.136 [Port] 0 [Flags] 2 [Guid] 4103416570 [EditorId] 4103416570 [Version] 1048832 [Id] WindowsEditor(7,AT-X207-09) [Debug] 1 [PackageName] WindowsEditor [ProjectName] Editor" joined multi-casting on [225.0.0.222:54997]...

Player connection [12184] Host "[IP] 192.168.23.136 [Port] 0 [Flags] 2 [Guid] 4103416570 [EditorId] 4103416570 [Version] 1048832 [Id] WindowsEditor(7,AT-X207-09) [Debug] 1 [PackageName] WindowsEditor [ProjectName] Editor" joined alternative multi-casting on [225.0.0.222:34997]...

[Physics::Module] Initialized MultithreadedJobDispatcher with 19 workers.
Refreshing native plugins compatible for Editor in 22.15 ms, found 4 plugins.
Preloading 0 native plugins for Editor in 0.00 ms.
Initialize engine version: 2022.3.9f1 (ea401c316338)
[Subsystems] Discovering subsystems at path C:/Program Files/Unity 2022.3.9f1/Editor/Data/Resources/UnitySubsystems
[Subsystems] Discovering subsystems at path C:/Users/a00307309/Desktop/EmberShadows/Assets
GfxDevice: creating device client; threaded=0; jobified=0
Direct3D:
    Version:  Direct3D 11.0 [level 11.1]
    Renderer: NVIDIA GeForce RTX 3080 (ID=0x2216)
    Vendor:   NVIDIA
    VRAM:     10067 MB
    Driver:   31.0.15.2824
Initialize mono
Mono path[0] = 'C:/Program Files/Unity 2022.3.9f1/Editor/Data/Managed'
Mono path[1] = 'C:/Program Files/Unity 2022.3.9f1/Editor/Data/MonoBleedingEdge/lib/mono/unityjit-win32'
Mono config path = 'C:/Program Files/Unity 2022.3.9f1/Editor/Data/MonoBleedingEdge/etc'
Using monoOptions --debugger-agent=transport=dt_socket,embedding=1,server=y,suspend=n,address=127.0.0.1:56800
Begin MonoManager ReloadAssembly
Registering precompiled unity dll's ...
Register platform support module: C:/Program Files/Unity 2022.3.9f1/Editor/Data/PlaybackEngines/WindowsStandaloneSupport/UnityEditor.WindowsStandalone.Extensions.dll
Registered in 0.006640 seconds.
- Loaded All Assemblies, in  0.364 seconds
Native extension for WindowsStandalone target not found
Mono: successfully reloaded assembly
- Finished resetting the current domain, in  0.251 seconds
Domain Reload Profiling: 612ms
	BeginReloadAssembly (117ms)
		ExecutionOrderSort (0ms)
		DisableScriptedObjects (0ms)
		BackupInstance (0ms)
		ReleaseScriptingObjects (0ms)
		CreateAndSetChildDomain (1ms)
	RebuildCommonClasses (39ms)
	RebuildNativeTypeToScriptingClass (11ms)
	initialDomainReloadingComplete (57ms)
	LoadAllAssembliesAndSetupDomain (136ms)
		LoadAssemblies (115ms)
		RebuildTransferFunctionScriptingTraits (0ms)
		AnalyzeDomain (134ms)
			TypeCache.Refresh (133ms)
				TypeCache.ScanAssembly (119ms)
			ScanForSourceGeneratedMonoScriptInfo (0ms)
			ResolveRequiredComponents (0ms)
	FinalizeReload (251ms)
		ReleaseScriptCaches (0ms)
		RebuildScriptCaches (0ms)
		SetupLoadedEditorAssemblies (191ms)
			LogAssemblyErrors (0ms)
			InitializePlatformSupportModulesInManaged (9ms)
			SetLoadedEditorAssemblies (9ms)
			RefreshPlugins (0ms)
			BeforeProcessingInitializeOnLoad (2ms)
			ProcessInitializeOnLoadAttributes (125ms)
			ProcessInitializeOnLoadMethodAttributes (46ms)
			AfterProcessingInitializeOnLoad (0ms)
			EditorAssembliesLoaded (0ms)
		ExecutionOrderSort2 (0ms)
		AwakeInstancesAfterBackupRestoration (0ms)
========================================================================
Worker process is ready to serve import requests
Begin MonoManager ReloadAssembly
- Loaded All Assemblies, in  0.806 seconds
Refreshing native plugins compatible for Editor in 11.09 ms, found 4 plugins.
Native extension for WindowsStandalone target not found
Package Manager log level set to [2]
[Package Manager] Server::EnsureServerProcessIsRunning -- launch failed, reason: Unity was launched with the -noUpm command-line argument
[Package Manager] UpmClient::Send -- Unable to send message (not connected to UPM process).
[Package Manager] Cannot connect to Unity Package Manager local server
Mono: successfully reloaded assembly
- Finished resetting the current domain, in  1.028 seconds
Domain Reload Profiling: 1832ms
	BeginReloadAssembly (154ms)
		ExecutionOrderSort (0ms)
		DisableScriptedObjects (5ms)
		BackupInstance (0ms)
		ReleaseScriptingObjects (0ms)
		CreateAndSetChildDomain (27ms)
	RebuildCommonClasses (32ms)
	RebuildNativeTypeToScriptingClass (10ms)
	initialDomainReloadingComplete (39ms)
	LoadAllAssembliesAndSetupDomain (567ms)
		LoadAssemblies (360ms)
		RebuildTransferFunctionScriptingTraits (0ms)
		AnalyzeDomain (289ms)
			TypeCache.Refresh (230ms)
				TypeCache.ScanAssembly (208ms)
			ScanForSourceGeneratedMonoScriptInfo (39ms)
			ResolveRequiredComponents (16ms)
	FinalizeReload (1029ms)
		ReleaseScriptCaches (0ms)
		RebuildScriptCaches (0ms)
		SetupLoadedEditorAssemblies (805ms)
			LogAssemblyErrors (0ms)
			InitializePlatformSupportModulesInManaged (7ms)
			SetLoadedEditorAssemblies (7ms)
			RefreshPlugins (0ms)
			BeforeProcessingInitializeOnLoad (164ms)
			ProcessInitializeOnLoadAttributes (517ms)
			ProcessInitializeOnLoadMethodAttributes (102ms)
			AfterProcessingInitializeOnLoad (8ms)
			EditorAssembliesLoaded (0ms)
		ExecutionOrderSort2 (0ms)
		AwakeInstancesAfterBackupRestoration (6ms)
Launched and connected shader compiler UnityShaderCompiler.exe after 0.04 seconds
Refreshing native plugins compatible for Editor in 6.53 ms, found 4 plugins.
Preloading 0 native plugins for Editor in 0.00 ms.
Unloading 5727 Unused Serialized files (Serialized files now loaded: 0)
Unloading 111 unused Assets / (0.9 MB). Loaded Objects now: 6174.
Memory consumption went from 224.6 MB to 223.6 MB.
Total: 7.790800 ms (FindLiveObjects: 0.744500 ms CreateObjectMapping: 0.687400 ms MarkObjects: 5.667900 ms  DeleteObjects: 0.689800 ms)

AssetImportParameters requested are different than current active one (requested -> active):
  custom:container-demuxer-ogg: 62fdf1f143b41e24485cea50d1cbac27 -> 
  custom:video-decoder-ogg-theora: a1e56fd34408186e4bbccfd4996cb3dc -> 
  custom:framework-win-MediaFoundation: 216162199b28c13a410421893ffa2e32 -> 
  custom:container-demuxer-webm: 4f35f7cbe854078d1ac9338744f61a02 -> 
  custom:container-muxer-webm: aa71ff27fc2769a1b78a27578f13a17b -> 
  custom:video-decoder-webm-vp8: 9c59270c3fd7afecdb556c50c9e8de78 -> 
  custom:AudioImporter_EditorPlatform: d09bf68614088b80899f8185d706f6e7 -> 
  custom:video-encoder-webm-vp8: eb34c28f22e8b96e1ab97ce403110664 -> 
  custom:audio-decoder-ogg-vorbis: bf7c407c2cedff20999df2af8eb42d56 -> 
  custom:audio-encoder-webm-vorbis: bf7c407c2cedff20999df2af8eb42d56 -> 
========================================================================
Received Import Request.
  Time since last request: 1207904.361008 seconds.
  path: Assets/Jason/Jason/Scenes/RA_Atlantis_16.asset
  artifactKey: Guid(cded2bf907552b142ba57fadbadc3719) Importer(815301076,1909f56bfc062723c751e8b465ee728b)
Start importing Assets/Jason/Jason/Scenes/RA_Atlantis_16.asset using Guid(cded2bf907552b142ba57fadbadc3719) Importer(815301076,1909f56bfc062723c751e8b465ee728b)  -> (artifact id: 'ac07936cdf0a7363917f522e9d4212a8') in 0.093064 seconds
Number of updated asset objects reloaded before import = 0
Number of asset objects unloaded after import = 3
========================================================================
Received Import Request.
  Time since last request: 0.000029 seconds.
  path: Assets/Jason/Jason/RA_Atlantis_17.asset
  artifactKey: Guid(7bc7297df59ca2142b3cb23617287201) Importer(815301076,1909f56bfc062723c751e8b465ee728b)
Start importing Assets/Jason/Jason/RA_Atlantis_17.asset using Guid(7bc7297df59ca2142b3cb23617287201) Importer(815301076,1909f56bfc062723c751e8b465ee728b)  -> (artifact id: '4c29b0f2742453d7f7bce53726bafd62') in 0.003991 seconds
Number of updated asset objects reloaded before import = 0
Number of asset objects unloaded after import = 1
========================================================================
Received Import Request.
  Time since last request: 0.000015 seconds.
  path: Assets/Jason/Jason/RA_Atlantis_50.asset
  artifactKey: Guid(bd04bec2c6c85a94a8131849a4a13734) Importer(815301076,1909f56bfc062723c751e8b465ee728b)
Start importing Assets/Jason/Jason/RA_Atlantis_50.asset using Guid(bd04bec2c6c85a94a8131849a4a13734) Importer(815301076,1909f56bfc062723c751e8b465ee728b)  -> (artifact id: 'af63890954d1ff06c34e0c268f76ae5f') in 0.002887 seconds
Number of updated asset objects reloaded before import = 0
Number of asset objects unloaded after import = 1
========================================================================
Received Import Request.
  Time since last request: 0.000014 seconds.
  path: Assets/Jason/Jason/Scenes/RA_Atlantis_10.asset
  artifactKey: Guid(a4fe2d9e4c3ec694da8fe238c6c20098) Importer(815301076,1909f56bfc062723c751e8b465ee728b)
Start importing Assets/Jason/Jason/Scenes/RA_Atlantis_10.asset using Guid(a4fe2d9e4c3ec694da8fe238c6c20098) Importer(815301076,1909f56bfc062723c751e8b465ee728b)  -> (artifact id: '79431afb475dc693d1034f5e8b3bd4f1') in 0.015820 seconds
Number of updated asset objects reloaded before import = 0
Number of asset objects unloaded after import = 3
========================================================================
Received Import Request.
  Time since last request: 0.000018 seconds.
  path: Assets/Jason/Jason/Scenes/RA_Atlantis_57.asset
  artifactKey: Guid(8c2fab15c14a02642936e9defc2a63c3) Importer(815301076,1909f56bfc062723c751e8b465ee728b)
Start importing Assets/Jason/Jason/Scenes/RA_Atlantis_57.asset using Guid(8c2fab15c14a02642936e9defc2a63c3) Importer(815301076,1909f56bfc062723c751e8b465ee728b)  -> (artifact id: '0c1363d0f45d4cff2baa482c5fd73652') in 0.018575 seconds
Number of updated asset objects reloaded before import = 0
Number of asset objects unloaded after import = 3
========================================================================
Received Import Request.
  Time since last request: 0.000018 seconds.
  path: Assets/Jason/Jason/RA_Atlantis_55.asset
  artifactKey: Guid(67905e99dd009124887abe2e830cb7cb) Importer(815301076,1909f56bfc062723c751e8b465ee728b)
Start importing Assets/Jason/Jason/RA_Atlantis_55.asset using Guid(67905e99dd009124887abe2e830cb7cb) Importer(815301076,1909f56bfc062723c751e8b465ee728b)  -> (artifact id: '3252967f1a32aa66740dc359b4c9d3c3') in 0.002965 seconds
Number of updated asset objects reloaded before import = 0
Number of asset objects unloaded after import = 1
========================================================================
Received Import Request.
  Time since last request: 0.000017 seconds.
  path: Assets/Jason/Jason/RA_Atlantis_9.asset
  artifactKey: Guid(8bb28a5cf62f55e4583dba21f14cc778) Importer(815301076,1909f56bfc062723c751e8b465ee728b)
Start importing Assets/Jason/Jason/RA_Atlantis_9.asset using Guid(8bb28a5cf62f55e4583dba21f14cc778) Importer(815301076,1909f56bfc062723c751e8b465ee728b)  -> (artifact id: '81fb92a96001db7ebcfa9d910f2b0a56') in 0.002903 seconds
Number of updated asset objects reloaded before import = 0
Number of asset objects unloaded after import = 1
========================================================================
Received Import Request.
  Time since last request: 0.000015 seconds.
  path: Assets/Jason/Jason/RA_Atlantis_15.asset
  artifactKey: Guid(5b567dbb2b0c7184eb74c19dc7c1bf08) Importer(815301076,1909f56bfc062723c751e8b465ee728b)
Start importing Assets/Jason/Jason/RA_Atlantis_15.asset using Guid(5b567dbb2b0c7184eb74c19dc7c1bf08) Importer(815301076,1909f56bfc062723c751e8b465ee728b)  -> (artifact id: '2448604b57cd4a12ee3f8364ca9a502c') in 0.002848 seconds
Number of updated asset objects reloaded before import = 0
Number of asset objects unloaded after import = 1
========================================================================
Received Import Request.
  Time since last request: 0.000016 seconds.
  path: Assets/Jason/Jason/Scenes/RA_Atlantis_65.asset
  artifactKey: Guid(7eb7b9fbd264cb4479af85cae91e9476) Importer(815301076,1909f56bfc062723c751e8b465ee728b)
Start importing Assets/Jason/Jason/Scenes/RA_Atlantis_65.asset using Guid(7eb7b9fbd264cb4479af85cae91e9476) Importer(815301076,1909f56bfc062723c751e8b465ee728b)  -> (artifact id: 'd081c3ee2590135bb12ee26c8370e7b4') in 0.007862 seconds
Number of updated asset objects reloaded before import = 0
Number of asset objects unloaded after import = 3
========================================================================
Received Import Request.
  Time since last request: 0.000016 seconds.
  path: Assets/Jason/Jason/RA_Atlantis_33.asset
  artifactKey: Guid(38673893f8ba8b842a9bdbf9214e8ccc) Importer(815301076,1909f56bfc062723c751e8b465ee728b)
Start importing Assets/Jason/Jason/RA_Atlantis_33.asset using Guid(38673893f8ba8b842a9bdbf9214e8ccc) Importer(815301076,1909f56bfc062723c751e8b465ee728b)  -> (artifact id: '71b0015eec843c657e5cd63322267f43') in 0.002725 seconds
Number of updated asset objects reloaded before import = 0
Number of asset objects unloaded after import = 1
========================================================================
Received Import Request.
  Time since last request: 0.000018 seconds.
  path: Assets/Jason/Jason/RA_Atlantis_56.asset
  artifactKey: Guid(13888dc4ecc04924db23a8ce432193ff) Importer(815301076,1909f56bfc062723c751e8b465ee728b)
Start importing Assets/Jason/Jason/RA_Atlantis_56.asset using Guid(13888dc4ecc04924db23a8ce432193ff) Importer(815301076,1909f56bfc062723c751e8b465ee728b)  -> (artifact id: 'c2e37452b234cc4e6c581d9d77fc1ae2') in 0.004112 seconds
Number of updated asset objects reloaded before import = 0
Number of asset objects unloaded after import = 1
========================================================================
Received Import Request.
  Time since last request: 0.000015 seconds.
  path: Assets/Jason/Jason/RA_Atlantis_48.asset
  artifactKey: Guid(d54143ef17ea14d4bb77e8dc177a3826) Importer(815301076,1909f56bfc062723c751e8b465ee728b)
Start importing Assets/Jason/Jason/RA_Atlantis_48.asset using Guid(d54143ef17ea14d4bb77e8dc177a3826) Importer(815301076,1909f56bfc062723c751e8b465ee728b)  -> (artifact id: 'e189254c3edd5aa40f2fdee39388c194') in 0.003601 seconds
Number of updated asset objects reloaded before import = 0
Number of asset objects unloaded after import = 1
========================================================================
Received Import Request.
  Time since last request: 0.000016 seconds.
  path: Assets/Jason/Jason/ELR_FireFlies.png
  artifactKey: Guid(d383d7681a963dc46bd1f97e44660498) Importer(815301076,1909f56bfc062723c751e8b465ee728b)
Start importing Assets/Jason/Jason/ELR_FireFlies.png using Guid(d383d7681a963dc46bd1f97e44660498) Importer(815301076,1909f56bfc062723c751e8b465ee728b)  -> (artifact id: 'd7cc1541bd0d20324463063f3916ea35') in 0.065605 seconds
Number of updated asset objects reloaded before import = 0
Number of asset objects unloaded after import = 10
========================================================================
Received Import Request.
  Time since last request: 0.000021 seconds.
  path: Assets/Jason/Jason/Scenes/MazeLevel.unity
  artifactKey: Guid(725e0917966f66549bef107a8aa4019b) Importer(815301076,1909f56bfc062723c751e8b465ee728b)
Start importing Assets/Jason/Jason/Scenes/MazeLevel.unity using Guid(725e0917966f66549bef107a8aa4019b) Importer(815301076,1909f56bfc062723c751e8b465ee728b)  -> (artifact id: '0c1f81d4beefb3784ad4c322ec4a83b6') in 0.000523 seconds
Number of updated asset objects reloaded before import = 0
Number of asset objects unloaded after import = 0
========================================================================
Received Import Request.
  Time since last request: 0.000030 seconds.
  path: Assets/Jason/Jason/RA_Atlantis_67.asset
  artifactKey: Guid(3c1a5a9ef4cf70d40b4dfe4e635277f4) Importer(815301076,1909f56bfc062723c751e8b465ee728b)
Start importing Assets/Jason/Jason/RA_Atlantis_67.asset using Guid(3c1a5a9ef4cf70d40b4dfe4e635277f4) Importer(815301076,1909f56bfc062723c751e8b465ee728b)  -> (artifact id: '468525ae1143dac2e70f104bab3c8848') in 0.004168 seconds
Number of updated asset objects reloaded before import = 0
Number of asset objects unloaded after import = 1
========================================================================
Received Import Request.
  Time since last request: 0.000018 seconds.
  path: Assets/Jason/Jason/Scenes/RA_Atlantis_29.asset
  artifactKey: Guid(116cf7e278a5c49418a0d28283200a72) Importer(815301076,1909f56bfc062723c751e8b465ee728b)
Start importing Assets/Jason/Jason/Scenes/RA_Atlantis_29.asset using Guid(116cf7e278a5c49418a0d28283200a72) Importer(815301076,1909f56bfc062723c751e8b465ee728b)  -> (artifact id: 'c94b495e232f2662070910bd81251646') in 0.011951 seconds
Number of updated asset objects reloaded before import = 0
Number of asset objects unloaded after import = 3
Editor requested this worker to shutdown with reason: Scaling down because of idle timeout
TcpMessagingSession - receive error: operation aborted. errorcode: 995, details: The I/O operation has been aborted because of either a thread exit or an application request.
AssetImportWorker is now disconnected from the server
Process exiting
Exiting without the bug reporter. Application will terminate with return code 0