Using pre-set license
Built from '2022.3/staging' branch; Version is '2022.3.9f1 (ea401c316338) revision 15351836'; Using compiler version '192829333'; Build Type 'Release'
OS: 'Windows 11  (10.0.22631) 64bit Core' Language: 'en' Physical Memory: 15557 MB
BatchMode: 1, IsHumanControllingUs: 0, StartBugReporterOnCrash: 0, Is64bit: 1, IsPro: 1

COMMAND LINE ARGUMENTS:
C:\Program Files\Unity 2022.3.9f1\Editor\Unity.exe
-adb2
-batchMode
-noUpm
-name
AssetImportWorker5
-projectPath
C:/Users/garet/OneDrive/Desktop/EmberShadows
-logFile
Logs/AssetImportWorker5.log
-srvPort
50746
Successfully changed project path to: C:/Users/garet/OneDrive/Desktop/EmberShadows
C:/Users/garet/OneDrive/Desktop/EmberShadows
[UnityMemory] Configuration Parameters - Can be set up in boot.config
    "memorysetup-bucket-allocator-granularity=16"
    "memorysetup-bucket-allocator-bucket-count=8"
    "memorysetup-bucket-allocator-block-size=33554432"
    "memorysetup-bucket-allocator-block-count=8"
    "memorysetup-main-allocator-block-size=16777216"
    "memorysetup-thread-allocator-block-size=16777216"
    "memorysetup-gfx-main-allocator-block-size=16777216"
    "memorysetup-gfx-thread-allocator-block-size=16777216"
    "memorysetup-cache-allocator-block-size=4194304"
    "memorysetup-typetree-allocator-block-size=2097152"
    "memorysetup-profiler-bucket-allocator-granularity=16"
    "memorysetup-profiler-bucket-allocator-bucket-count=8"
    "memorysetup-profiler-bucket-allocator-block-size=33554432"
    "memorysetup-profiler-bucket-allocator-block-count=8"
    "memorysetup-profiler-allocator-block-size=16777216"
    "memorysetup-profiler-editor-allocator-block-size=1048576"
    "memorysetup-temp-allocator-size-main=16777216"
    "memorysetup-job-temp-allocator-block-size=2097152"
    "memorysetup-job-temp-allocator-block-size-background=1048576"
    "memorysetup-job-temp-allocator-reduction-small-platforms=262144"
    "memorysetup-allocator-temp-initial-block-size-main=262144"
    "memorysetup-allocator-temp-initial-block-size-worker=262144"
    "memorysetup-temp-allocator-size-background-worker=32768"
    "memorysetup-temp-allocator-size-job-worker=262144"
    "memorysetup-temp-allocator-size-preload-manager=33554432"
    "memorysetup-temp-allocator-size-nav-mesh-worker=65536"
    "memorysetup-temp-allocator-size-audio-worker=65536"
    "memorysetup-temp-allocator-size-cloud-worker=32768"
    "memorysetup-temp-allocator-size-gi-baking-worker=262144"
    "memorysetup-temp-allocator-size-gfx=262144"
Player connection [24384] Host "[IP] 172.20.10.2 [Port] 0 [Flags] 2 [Guid] 2188544463 [EditorId] 2188544463 [Version] 1048832 [Id] WindowsEditor(7,GarethsLaptop) [Debug] 1 [PackageName] WindowsEditor [ProjectName] Editor" joined multi-casting on [225.0.0.222:54997]...

Player connection [24384] Host "[IP] 172.20.10.2 [Port] 0 [Flags] 2 [Guid] 2188544463 [EditorId] 2188544463 [Version] 1048832 [Id] WindowsEditor(7,GarethsLaptop) [Debug] 1 [PackageName] WindowsEditor [ProjectName] Editor" joined alternative multi-casting on [225.0.0.222:34997]...

[Physics::Module] Initialized MultithreadedJobDispatcher with 15 workers.
Refreshing native plugins compatible for Editor in 2616.99 ms, found 4 plugins.
Preloading 0 native plugins for Editor in 0.00 ms.
Initialize engine version: 2022.3.9f1 (ea401c316338)
[Subsystems] Discovering subsystems at path C:/Program Files/Unity 2022.3.9f1/Editor/Data/Resources/UnitySubsystems
[Subsystems] Discovering subsystems at path C:/Users/garet/OneDrive/Desktop/EmberShadows/Assets
GfxDevice: creating device client; threaded=0; jobified=0
Direct3D:
    Version:  Direct3D 11.0 [level 11.1]
    Renderer: NVIDIA GeForce RTX 3050 Laptop GPU (ID=0x25a2)
    Vendor:   NVIDIA
    VRAM:     3977 MB
    Driver:   31.0.15.3770
Initialize mono
Mono path[0] = 'C:/Program Files/Unity 2022.3.9f1/Editor/Data/Managed'
Mono path[1] = 'C:/Program Files/Unity 2022.3.9f1/Editor/Data/MonoBleedingEdge/lib/mono/unityjit-win32'
Mono config path = 'C:/Program Files/Unity 2022.3.9f1/Editor/Data/MonoBleedingEdge/etc'
Using monoOptions --debugger-agent=transport=dt_socket,embedding=1,server=y,suspend=n,address=127.0.0.1:56292
Begin MonoManager ReloadAssembly
Registering precompiled unity dll's ...
Register platform support module: C:/Program Files/Unity 2022.3.9f1/Editor/Data/PlaybackEngines/WindowsStandaloneSupport/UnityEditor.WindowsStandalone.Extensions.dll
Registered in 0.160531 seconds.
- Loaded All Assemblies, in  9.077 seconds
Native extension for WindowsStandalone target not found
Mono: successfully reloaded assembly
- Finished resetting the current domain, in  0.261 seconds
Domain Reload Profiling: 9336ms
	BeginReloadAssembly (6660ms)
		ExecutionOrderSort (0ms)
		DisableScriptedObjects (0ms)
		BackupInstance (0ms)
		ReleaseScriptingObjects (0ms)
		CreateAndSetChildDomain (1ms)
	RebuildCommonClasses (650ms)
	RebuildNativeTypeToScriptingClass (9ms)
	initialDomainReloadingComplete (213ms)
	LoadAllAssembliesAndSetupDomain (1541ms)
		LoadAssemblies (6657ms)
		RebuildTransferFunctionScriptingTraits (0ms)
		AnalyzeDomain (1539ms)
			TypeCache.Refresh (1537ms)
				TypeCache.ScanAssembly (1168ms)
			ScanForSourceGeneratedMonoScriptInfo (0ms)
			ResolveRequiredComponents (0ms)
	FinalizeReload (262ms)
		ReleaseScriptCaches (0ms)
		RebuildScriptCaches (0ms)
		SetupLoadedEditorAssemblies (204ms)
			LogAssemblyErrors (0ms)
			InitializePlatformSupportModulesInManaged (10ms)
			SetLoadedEditorAssemblies (8ms)
			RefreshPlugins (0ms)
			BeforeProcessingInitializeOnLoad (2ms)
			ProcessInitializeOnLoadAttributes (134ms)
			ProcessInitializeOnLoadMethodAttributes (49ms)
			AfterProcessingInitializeOnLoad (0ms)
			EditorAssembliesLoaded (0ms)
		ExecutionOrderSort2 (0ms)
		AwakeInstancesAfterBackupRestoration (0ms)
========================================================================
Worker process is ready to serve import requests
Begin MonoManager ReloadAssembly
- Loaded All Assemblies, in 14.125 seconds
Refreshing native plugins compatible for Editor in 6.40 ms, found 4 plugins.
Native extension for WindowsStandalone target not found
Package Manager log level set to [2]
[Package Manager] Server::EnsureServerProcessIsRunning -- launch failed, reason: Unity was launched with the -noUpm command-line argument
[Package Manager] UpmClient::Send -- Unable to send message (not connected to UPM process).
[Package Manager] Cannot connect to Unity Package Manager local server
Mono: successfully reloaded assembly
- Finished resetting the current domain, in  0.672 seconds
Domain Reload Profiling: 14792ms
	BeginReloadAssembly (129ms)
		ExecutionOrderSort (0ms)
		DisableScriptedObjects (4ms)
		BackupInstance (0ms)
		ReleaseScriptingObjects (0ms)
		CreateAndSetChildDomain (21ms)
	RebuildCommonClasses (27ms)
	RebuildNativeTypeToScriptingClass (8ms)
	initialDomainReloadingComplete (37ms)
	LoadAllAssembliesAndSetupDomain (13920ms)
		LoadAssemblies (13389ms)
		RebuildTransferFunctionScriptingTraits (0ms)
		AnalyzeDomain (605ms)
			TypeCache.Refresh (559ms)
				TypeCache.ScanAssembly (482ms)
			ScanForSourceGeneratedMonoScriptInfo (32ms)
			ResolveRequiredComponents (13ms)
	FinalizeReload (672ms)
		ReleaseScriptCaches (0ms)
		RebuildScriptCaches (0ms)
		SetupLoadedEditorAssemblies (503ms)
			LogAssemblyErrors (0ms)
			InitializePlatformSupportModulesInManaged (6ms)
			SetLoadedEditorAssemblies (5ms)
			RefreshPlugins (0ms)
			BeforeProcessingInitializeOnLoad (84ms)
			ProcessInitializeOnLoadAttributes (329ms)
			ProcessInitializeOnLoadMethodAttributes (72ms)
			AfterProcessingInitializeOnLoad (7ms)
			EditorAssembliesLoaded (0ms)
		ExecutionOrderSort2 (0ms)
		AwakeInstancesAfterBackupRestoration (6ms)
Launched and connected shader compiler UnityShaderCompiler.exe after 0.05 seconds
Refreshing native plugins compatible for Editor in 6.28 ms, found 4 plugins.
Preloading 0 native plugins for Editor in 0.00 ms.
Unloading 5680 Unused Serialized files (Serialized files now loaded: 0)
Unloading 99 unused Assets / (0.9 MB). Loaded Objects now: 6126.
Memory consumption went from 216.9 MB to 216.0 MB.
Total: 4.110500 ms (FindLiveObjects: 0.405500 ms CreateObjectMapping: 0.252900 ms MarkObjects: 3.002400 ms  DeleteObjects: 0.448500 ms)

AssetImportParameters requested are different than current active one (requested -> active):
  custom:container-demuxer-ogg: 62fdf1f143b41e24485cea50d1cbac27 -> 
  custom:video-codec-MediaFoundation-h265: 746d11721c4dcdbdad8f713fa42b33f4 -> 
  custom:video-decoder-ogg-theora: a1e56fd34408186e4bbccfd4996cb3dc -> 
  custom:framework-win-MediaFoundation: 216162199b28c13a410421893ffa2e32 -> 
  custom:CustomObjectIndexerAttribute: a3ef5dd2817f97addfee359851a9dba5 -> 
  custom:container-demuxer-webm: 4f35f7cbe854078d1ac9338744f61a02 -> 
  custom:container-muxer-webm: aa71ff27fc2769a1b78a27578f13a17b -> 
  custom:video-decoder-webm-vp8: 9c59270c3fd7afecdb556c50c9e8de78 -> 
  custom:SearchIndexIgnoredProperties: e643bd26f0fe6173181afceb89e7c659 -> 
  custom:AudioImporter_EditorPlatform: d09bf68614088b80899f8185d706f6e7 -> 
  custom:video-encoder-webm-vp8: eb34c28f22e8b96e1ab97ce403110664 -> 
  custom:audio-decoder-ogg-vorbis: bf7c407c2cedff20999df2af8eb42d56 -> 
  custom:audio-encoder-webm-vorbis: bf7c407c2cedff20999df2af8eb42d56 -> 
========================================================================
Received Import Request.
  Time since last request: 116878.967938 seconds.
  path: Assets/Pixelart Graphical User Interface/Pixelart Graphical User Interface/User Interface 02/Examples/Menu_Example_02.png
  artifactKey: Guid(95912fbd43a6be241a58e18983c0f36e) Importer(815301076,1909f56bfc062723c751e8b465ee728b)
Start importing Assets/Pixelart Graphical User Interface/Pixelart Graphical User Interface/User Interface 02/Examples/Menu_Example_02.png using Guid(95912fbd43a6be241a58e18983c0f36e) Importer(815301076,1909f56bfc062723c751e8b465ee728b)  -> (artifact id: '4e5d4b9b6cd084294b998b00e9e6d92c') in 0.096457 seconds
Number of updated asset objects reloaded before import = 0
Number of asset objects unloaded after import = 3
========================================================================
Received Import Request.
  Time since last request: 24.075032 seconds.
  path: Assets/Pixelart Graphical User Interface/Pixelart Graphical User Interface/Icons Sprite Sheets/Icons 32x32 Style 03.png
  artifactKey: Guid(f6d2182008872b847a00eccfa25cc3c9) Importer(815301076,1909f56bfc062723c751e8b465ee728b)
Start importing Assets/Pixelart Graphical User Interface/Pixelart Graphical User Interface/Icons Sprite Sheets/Icons 32x32 Style 03.png using Guid(f6d2182008872b847a00eccfa25cc3c9) Importer(815301076,1909f56bfc062723c751e8b465ee728b)  -> (artifact id: '2f4925670bf1a51575150b6f5041a408') in 0.032957 seconds
Number of updated asset objects reloaded before import = 0
Number of asset objects unloaded after import = 3
========================================================================
Received Import Request.
  Time since last request: 2.987597 seconds.
  path: Assets/Pixelart Graphical User Interface/Pixelart Graphical User Interface/Icons Style 1/Style 1 Icon 003.png
  artifactKey: Guid(fb8ea69b7f185414d82f67f7d06fbefc) Importer(815301076,1909f56bfc062723c751e8b465ee728b)
Start importing Assets/Pixelart Graphical User Interface/Pixelart Graphical User Interface/Icons Style 1/Style 1 Icon 003.png using Guid(fb8ea69b7f185414d82f67f7d06fbefc) Importer(815301076,1909f56bfc062723c751e8b465ee728b)  -> (artifact id: '36a1e5075b2d4e86231f580bb7a18110') in 0.023327 seconds
Number of updated asset objects reloaded before import = 0
Number of asset objects unloaded after import = 3
========================================================================
Received Import Request.
  Time since last request: 0.000017 seconds.
  path: Assets/Pixelart Graphical User Interface/Pixelart Graphical User Interface/Icons Style 1/Style 1 Icon 008.png
  artifactKey: Guid(832637a482a481745a55f9634c532562) Importer(815301076,1909f56bfc062723c751e8b465ee728b)
Start importing Assets/Pixelart Graphical User Interface/Pixelart Graphical User Interface/Icons Style 1/Style 1 Icon 008.png using Guid(832637a482a481745a55f9634c532562) Importer(815301076,1909f56bfc062723c751e8b465ee728b)  -> (artifact id: '0d87be242cf3f7f758cbaaba13d1c277') in 0.022476 seconds
Number of updated asset objects reloaded before import = 0
Number of asset objects unloaded after import = 3
========================================================================
Received Import Request.
  Time since last request: 0.000017 seconds.
  path: Assets/Pixelart Graphical User Interface/Pixelart Graphical User Interface/Icons Style 1/Style 1 Icon 012.png
  artifactKey: Guid(30eb7c2faa7310843af9657752ee11cc) Importer(815301076,1909f56bfc062723c751e8b465ee728b)
Start importing Assets/Pixelart Graphical User Interface/Pixelart Graphical User Interface/Icons Style 1/Style 1 Icon 012.png using Guid(30eb7c2faa7310843af9657752ee11cc) Importer(815301076,1909f56bfc062723c751e8b465ee728b)  -> (artifact id: '0b166fea1d3ac1eb6f19f0ad6ffcb46e') in 0.025535 seconds
Number of updated asset objects reloaded before import = 0
Number of asset objects unloaded after import = 3
========================================================================
Received Import Request.
  Time since last request: 0.010124 seconds.
  path: Assets/Pixelart Graphical User Interface/Pixelart Graphical User Interface/Icons Style 1/Style 1 Icon 017.png
  artifactKey: Guid(4716d4ed3083a7f40a4b631042668467) Importer(815301076,1909f56bfc062723c751e8b465ee728b)
Start importing Assets/Pixelart Graphical User Interface/Pixelart Graphical User Interface/Icons Style 1/Style 1 Icon 017.png using Guid(4716d4ed3083a7f40a4b631042668467) Importer(815301076,1909f56bfc062723c751e8b465ee728b)  -> (artifact id: '8950265cfccf0e4507cb01f073f2490a') in 0.025857 seconds
Number of updated asset objects reloaded before import = 0
Number of asset objects unloaded after import = 3
========================================================================
Received Import Request.
  Time since last request: 0.000017 seconds.
  path: Assets/Pixelart Graphical User Interface/Pixelart Graphical User Interface/Icons Style 1/Style 1 Icon 024.png
  artifactKey: Guid(2323a2b96c04c7f42b28682e452355e8) Importer(815301076,1909f56bfc062723c751e8b465ee728b)
Start importing Assets/Pixelart Graphical User Interface/Pixelart Graphical User Interface/Icons Style 1/Style 1 Icon 024.png using Guid(2323a2b96c04c7f42b28682e452355e8) Importer(815301076,1909f56bfc062723c751e8b465ee728b)  -> (artifact id: '211d2f1061e29d1ca39c19587a09751e') in 0.022788 seconds
Number of updated asset objects reloaded before import = 0
Number of asset objects unloaded after import = 3
========================================================================
Received Import Request.
  Time since last request: 0.000022 seconds.
  path: Assets/Pixelart Graphical User Interface/Pixelart Graphical User Interface/Icons Style 1/Style 1 Icon 026.png
  artifactKey: Guid(117799ce6799cb2428f0b8b39056af21) Importer(815301076,1909f56bfc062723c751e8b465ee728b)
Start importing Assets/Pixelart Graphical User Interface/Pixelart Graphical User Interface/Icons Style 1/Style 1 Icon 026.png using Guid(117799ce6799cb2428f0b8b39056af21) Importer(815301076,1909f56bfc062723c751e8b465ee728b)  -> (artifact id: '64525b11d9ff90da4585249df40b9a25') in 0.025239 seconds
Number of updated asset objects reloaded before import = 0
Number of asset objects unloaded after import = 3
========================================================================
Received Import Request.
  Time since last request: 0.000025 seconds.
  path: Assets/Pixelart Graphical User Interface/Pixelart Graphical User Interface/Icons Style 1/Style 1 Icon 022.png
  artifactKey: Guid(874881061ec9f474ab6a434ab76faf20) Importer(815301076,1909f56bfc062723c751e8b465ee728b)
Start importing Assets/Pixelart Graphical User Interface/Pixelart Graphical User Interface/Icons Style 1/Style 1 Icon 022.png using Guid(874881061ec9f474ab6a434ab76faf20) Importer(815301076,1909f56bfc062723c751e8b465ee728b)  -> (artifact id: '9e21e25f5414640ba2c11780919e0db7') in 0.024895 seconds
Number of updated asset objects reloaded before import = 0
Number of asset objects unloaded after import = 3
========================================================================
Received Import Request.
  Time since last request: 0.000036 seconds.
  path: Assets/Pixelart Graphical User Interface/Pixelart Graphical User Interface/Icons Style 1/Style 1 Icon 030.png
  artifactKey: Guid(27f641a55c733f142aa23ad76f78f15b) Importer(815301076,1909f56bfc062723c751e8b465ee728b)
Start importing Assets/Pixelart Graphical User Interface/Pixelart Graphical User Interface/Icons Style 1/Style 1 Icon 030.png using Guid(27f641a55c733f142aa23ad76f78f15b) Importer(815301076,1909f56bfc062723c751e8b465ee728b)  -> (artifact id: '6c4148b93c6eb21bd94a2bdeb73ed5ec') in 0.025305 seconds
Number of updated asset objects reloaded before import = 0
Number of asset objects unloaded after import = 3
========================================================================
Received Import Request.
  Time since last request: 0.000022 seconds.
  path: Assets/Pixelart Graphical User Interface/Pixelart Graphical User Interface/Icons Style 1/Style 1 Icon 007.png
  artifactKey: Guid(4c2282f02ec25bf4596db3b0cd10e477) Importer(815301076,1909f56bfc062723c751e8b465ee728b)
Start importing Assets/Pixelart Graphical User Interface/Pixelart Graphical User Interface/Icons Style 1/Style 1 Icon 007.png using Guid(4c2282f02ec25bf4596db3b0cd10e477) Importer(815301076,1909f56bfc062723c751e8b465ee728b)  -> (artifact id: '592dbed01ffc34c55000962ab66027b3') in 0.024426 seconds
Number of updated asset objects reloaded before import = 0
Number of asset objects unloaded after import = 3
========================================================================
Received Import Request.
  Time since last request: 4.501838 seconds.
  path: Assets/Pixelart Graphical User Interface/Pixelart Graphical User Interface/Icons Style 2/Style 2 Icon 003.png
  artifactKey: Guid(5c05d6988ff530b44840f7e22c159c97) Importer(815301076,1909f56bfc062723c751e8b465ee728b)
Start importing Assets/Pixelart Graphical User Interface/Pixelart Graphical User Interface/Icons Style 2/Style 2 Icon 003.png using Guid(5c05d6988ff530b44840f7e22c159c97) Importer(815301076,1909f56bfc062723c751e8b465ee728b)  -> (artifact id: '924f5d4f9b351e20436085e653692909') in 0.024831 seconds
Number of updated asset objects reloaded before import = 0
Number of asset objects unloaded after import = 3
========================================================================
Received Import Request.
  Time since last request: 0.000015 seconds.
  path: Assets/Pixelart Graphical User Interface/Pixelart Graphical User Interface/Icons Style 2/Style 2 Icon 008.png
  artifactKey: Guid(c46ee40423a75b74b98f6b503e421ec4) Importer(815301076,1909f56bfc062723c751e8b465ee728b)
Start importing Assets/Pixelart Graphical User Interface/Pixelart Graphical User Interface/Icons Style 2/Style 2 Icon 008.png using Guid(c46ee40423a75b74b98f6b503e421ec4) Importer(815301076,1909f56bfc062723c751e8b465ee728b)  -> (artifact id: 'f6e8887e5a47de38211c3b44e77dff59') in 0.027893 seconds
Number of updated asset objects reloaded before import = 0
Number of asset objects unloaded after import = 3
========================================================================
Received Import Request.
  Time since last request: 0.000022 seconds.
  path: Assets/Pixelart Graphical User Interface/Pixelart Graphical User Interface/Icons Style 2/Style 2 Icon 013.png
  artifactKey: Guid(384db128ba9e3d343998c90529bbf970) Importer(815301076,1909f56bfc062723c751e8b465ee728b)
Start importing Assets/Pixelart Graphical User Interface/Pixelart Graphical User Interface/Icons Style 2/Style 2 Icon 013.png using Guid(384db128ba9e3d343998c90529bbf970) Importer(815301076,1909f56bfc062723c751e8b465ee728b)  -> (artifact id: '8dd8c2e6b794dfcb48ab2405811d3145') in 0.023009 seconds
Number of updated asset objects reloaded before import = 0
Number of asset objects unloaded after import = 3
========================================================================
Received Import Request.
  Time since last request: 0.000019 seconds.
  path: Assets/Pixelart Graphical User Interface/Pixelart Graphical User Interface/Icons Style 2/Style 2 Icon 017.png
  artifactKey: Guid(fd50729db6679ae46b00583e5a48c48f) Importer(815301076,1909f56bfc062723c751e8b465ee728b)
Start importing Assets/Pixelart Graphical User Interface/Pixelart Graphical User Interface/Icons Style 2/Style 2 Icon 017.png using Guid(fd50729db6679ae46b00583e5a48c48f) Importer(815301076,1909f56bfc062723c751e8b465ee728b)  -> (artifact id: '96672bd4c0afde98b74b26a9ff28444a') in 0.026522 seconds
Number of updated asset objects reloaded before import = 0
Number of asset objects unloaded after import = 3
========================================================================
Received Import Request.
  Time since last request: 0.000026 seconds.
  path: Assets/Pixelart Graphical User Interface/Pixelart Graphical User Interface/Icons Style 2/Style 2 Icon 018.png
  artifactKey: Guid(e8aca66860325a44d8a006c569c3de20) Importer(815301076,1909f56bfc062723c751e8b465ee728b)
Start importing Assets/Pixelart Graphical User Interface/Pixelart Graphical User Interface/Icons Style 2/Style 2 Icon 018.png using Guid(e8aca66860325a44d8a006c569c3de20) Importer(815301076,1909f56bfc062723c751e8b465ee728b)  -> (artifact id: 'b873127958a16883877009ee5b4f00e4') in 0.021923 seconds
Number of updated asset objects reloaded before import = 0
Number of asset objects unloaded after import = 3
========================================================================
Received Import Request.
  Time since last request: 0.000015 seconds.
  path: Assets/Pixelart Graphical User Interface/Pixelart Graphical User Interface/Icons Style 2/Style 2 Icon 024.png
  artifactKey: Guid(692b1bd348efbdb4dae9b23cf896043f) Importer(815301076,1909f56bfc062723c751e8b465ee728b)
Start importing Assets/Pixelart Graphical User Interface/Pixelart Graphical User Interface/Icons Style 2/Style 2 Icon 024.png using Guid(692b1bd348efbdb4dae9b23cf896043f) Importer(815301076,1909f56bfc062723c751e8b465ee728b)  -> (artifact id: '0f43dc9095cc58665ff03a5ad0589638') in 0.023842 seconds
Number of updated asset objects reloaded before import = 0
Number of asset objects unloaded after import = 3
========================================================================
Received Import Request.
  Time since last request: 0.000015 seconds.
  path: Assets/Pixelart Graphical User Interface/Pixelart Graphical User Interface/Icons Style 2/Style 2 Icon 032.png
  artifactKey: Guid(e213da5244d6d39408d606d230dff151) Importer(815301076,1909f56bfc062723c751e8b465ee728b)
Start importing Assets/Pixelart Graphical User Interface/Pixelart Graphical User Interface/Icons Style 2/Style 2 Icon 032.png using Guid(e213da5244d6d39408d606d230dff151) Importer(815301076,1909f56bfc062723c751e8b465ee728b)  -> (artifact id: '4a4427c733c4681ad0b186f6ec50c0fb') in 0.022121 seconds
Number of updated asset objects reloaded before import = 0
Number of asset objects unloaded after import = 3
========================================================================
Received Import Request.
  Time since last request: 0.000020 seconds.
  path: Assets/Pixelart Graphical User Interface/Pixelart Graphical User Interface/Icons Style 2/Style 2 Icon 011.png
  artifactKey: Guid(8afef2a58d3ae3f4b998c64df94238b8) Importer(815301076,1909f56bfc062723c751e8b465ee728b)
Start importing Assets/Pixelart Graphical User Interface/Pixelart Graphical User Interface/Icons Style 2/Style 2 Icon 011.png using Guid(8afef2a58d3ae3f4b998c64df94238b8) Importer(815301076,1909f56bfc062723c751e8b465ee728b)  -> (artifact id: '9ab2ade2bc8890887e2a7525e0507cc1') in 0.025075 seconds
Number of updated asset objects reloaded before import = 0
Number of asset objects unloaded after import = 3
========================================================================
Received Import Request.
  Time since last request: 1.918399 seconds.
  path: Assets/Pixelart Graphical User Interface/Pixelart Graphical User Interface/Icons Style 3/Style 3 Icon 003.png
  artifactKey: Guid(1e1bea76ff3c27643a21bb8e7218e201) Importer(815301076,1909f56bfc062723c751e8b465ee728b)
Start importing Assets/Pixelart Graphical User Interface/Pixelart Graphical User Interface/Icons Style 3/Style 3 Icon 003.png using Guid(1e1bea76ff3c27643a21bb8e7218e201) Importer(815301076,1909f56bfc062723c751e8b465ee728b)  -> (artifact id: 'cc7f9b54e827c368a8b149cc46b16b50') in 0.023488 seconds
Number of updated asset objects reloaded before import = 0
Number of asset objects unloaded after import = 3
========================================================================
Received Import Request.
  Time since last request: 0.000262 seconds.
  path: Assets/Pixelart Graphical User Interface/Pixelart Graphical User Interface/Icons Style 3/Style 3 Icon 008.png
  artifactKey: Guid(65913200dd2f2e1429b6fd4b0f80186f) Importer(815301076,1909f56bfc062723c751e8b465ee728b)
Start importing Assets/Pixelart Graphical User Interface/Pixelart Graphical User Interface/Icons Style 3/Style 3 Icon 008.png using Guid(65913200dd2f2e1429b6fd4b0f80186f) Importer(815301076,1909f56bfc062723c751e8b465ee728b)  -> (artifact id: '3f5a3a684b60e4d0b2081a34e1b7b4c6') in 0.025963 seconds
Number of updated asset objects reloaded before import = 0
Number of asset objects unloaded after import = 3
========================================================================
Received Import Request.
  Time since last request: 0.000019 seconds.
  path: Assets/Pixelart Graphical User Interface/Pixelart Graphical User Interface/Icons Style 3/Style 3 Icon 013.png
  artifactKey: Guid(744f639d9b5fd954091d8c13f925d6c4) Importer(815301076,1909f56bfc062723c751e8b465ee728b)
Start importing Assets/Pixelart Graphical User Interface/Pixelart Graphical User Interface/Icons Style 3/Style 3 Icon 013.png using Guid(744f639d9b5fd954091d8c13f925d6c4) Importer(815301076,1909f56bfc062723c751e8b465ee728b)  -> (artifact id: 'bc9cb2dfb0a80ea154d99fb4757784fa') in 0.024305 seconds
Number of updated asset objects reloaded before import = 0
Number of asset objects unloaded after import = 3
========================================================================
Received Import Request.
  Time since last request: 0.000017 seconds.
  path: Assets/Pixelart Graphical User Interface/Pixelart Graphical User Interface/Icons Style 3/Style 3 Icon 018.png
  artifactKey: Guid(d2570cd9ad4e439439ca88da37e8438f) Importer(815301076,1909f56bfc062723c751e8b465ee728b)
Start importing Assets/Pixelart Graphical User Interface/Pixelart Graphical User Interface/Icons Style 3/Style 3 Icon 018.png using Guid(d2570cd9ad4e439439ca88da37e8438f) Importer(815301076,1909f56bfc062723c751e8b465ee728b)  -> (artifact id: '3f305f71d84a455290a4bf6476d7b558') in 0.022393 seconds
Number of updated asset objects reloaded before import = 0
Number of asset objects unloaded after import = 3
========================================================================
Received Import Request.
  Time since last request: 0.000022 seconds.
  path: Assets/Pixelart Graphical User Interface/Pixelart Graphical User Interface/Icons Style 3/Style 3 Icon 023.png
  artifactKey: Guid(b1457ad604ff06544b20e680d5890d71) Importer(815301076,1909f56bfc062723c751e8b465ee728b)
Start importing Assets/Pixelart Graphical User Interface/Pixelart Graphical User Interface/Icons Style 3/Style 3 Icon 023.png using Guid(b1457ad604ff06544b20e680d5890d71) Importer(815301076,1909f56bfc062723c751e8b465ee728b)  -> (artifact id: 'a5cede3934b9af993081a0de16a6eabf') in 0.025019 seconds
Number of updated asset objects reloaded before import = 0
Number of asset objects unloaded after import = 3
========================================================================
Received Import Request.
  Time since last request: 0.000074 seconds.
  path: Assets/Pixelart Graphical User Interface/Pixelart Graphical User Interface/Icons Style 3/Style 3 Icon 028.png
  artifactKey: Guid(f2b757fccdf8cf046816b9c6e90f0a4e) Importer(815301076,1909f56bfc062723c751e8b465ee728b)
Start importing Assets/Pixelart Graphical User Interface/Pixelart Graphical User Interface/Icons Style 3/Style 3 Icon 028.png using Guid(f2b757fccdf8cf046816b9c6e90f0a4e) Importer(815301076,1909f56bfc062723c751e8b465ee728b)  -> (artifact id: 'a3cb2912be61e58037b00bb6ca8354ee') in 0.023195 seconds
Number of updated asset objects reloaded before import = 0
Number of asset objects unloaded after import = 3
========================================================================
Received Import Request.
  Time since last request: 0.000016 seconds.
  path: Assets/Pixelart Graphical User Interface/Pixelart Graphical User Interface/Icons Style 3/Style 3 Icon 034.png
  artifactKey: Guid(4d782745201311a488b7f6a5d21f33d1) Importer(815301076,1909f56bfc062723c751e8b465ee728b)
Start importing Assets/Pixelart Graphical User Interface/Pixelart Graphical User Interface/Icons Style 3/Style 3 Icon 034.png using Guid(4d782745201311a488b7f6a5d21f33d1) Importer(815301076,1909f56bfc062723c751e8b465ee728b)  -> (artifact id: '7e391b84dba3c7aaa7b4b191027ec5e7') in 0.024880 seconds
Number of updated asset objects reloaded before import = 0
Number of asset objects unloaded after import = 3
========================================================================
Received Import Request.
  Time since last request: 1.560017 seconds.
  path: Assets/Pixelart Graphical User Interface/Pixelart Graphical User Interface/Icons Style 3/Style 3 Icon 040.png
  artifactKey: Guid(6c67badc602c0c44e82ef633ef7baf6f) Importer(815301076,1909f56bfc062723c751e8b465ee728b)
Start importing Assets/Pixelart Graphical User Interface/Pixelart Graphical User Interface/Icons Style 3/Style 3 Icon 040.png using Guid(6c67badc602c0c44e82ef633ef7baf6f) Importer(815301076,1909f56bfc062723c751e8b465ee728b)  -> (artifact id: 'fdfbe04f6f649b0e3f15c02264147cdb') in 0.022809 seconds
Number of updated asset objects reloaded before import = 0
Number of asset objects unloaded after import = 3
========================================================================
Received Import Request.
  Time since last request: 0.002738 seconds.
  path: Assets/Pixelart Graphical User Interface/Pixelart Graphical User Interface/Icons Style 3/Style 3 Icon 045.png
  artifactKey: Guid(a717d7b86d619d347be6cbb0b1abb361) Importer(815301076,1909f56bfc062723c751e8b465ee728b)
Start importing Assets/Pixelart Graphical User Interface/Pixelart Graphical User Interface/Icons Style 3/Style 3 Icon 045.png using Guid(a717d7b86d619d347be6cbb0b1abb361) Importer(815301076,1909f56bfc062723c751e8b465ee728b)  -> (artifact id: '757dd72d177c7b71434544afdb2a0aff') in 0.025174 seconds
Number of updated asset objects reloaded before import = 0
Number of asset objects unloaded after import = 3
========================================================================
Received Import Request.
  Time since last request: 0.389222 seconds.
  path: Assets/Pixelart Graphical User Interface/Pixelart Graphical User Interface/Icons Style 3/Style 3 Icon 052.png
  artifactKey: Guid(9d2b21210fd856e4f8c91a04792db212) Importer(815301076,1909f56bfc062723c751e8b465ee728b)
Start importing Assets/Pixelart Graphical User Interface/Pixelart Graphical User Interface/Icons Style 3/Style 3 Icon 052.png using Guid(9d2b21210fd856e4f8c91a04792db212) Importer(815301076,1909f56bfc062723c751e8b465ee728b)  -> (artifact id: 'c899635ec5ee88f603882ca7ca6cdb97') in 0.022688 seconds
Number of updated asset objects reloaded before import = 0
Number of asset objects unloaded after import = 3
========================================================================
Received Import Request.
  Time since last request: 0.003754 seconds.
  path: Assets/Pixelart Graphical User Interface/Pixelart Graphical User Interface/Icons Style 3/Style 3 Icon 058.png
  artifactKey: Guid(061302d32ae4190408a819826c94b2b4) Importer(815301076,1909f56bfc062723c751e8b465ee728b)
Start importing Assets/Pixelart Graphical User Interface/Pixelart Graphical User Interface/Icons Style 3/Style 3 Icon 058.png using Guid(061302d32ae4190408a819826c94b2b4) Importer(815301076,1909f56bfc062723c751e8b465ee728b)  -> (artifact id: 'b58bd3b64f41d3420193f36187d7f7a2') in 0.023408 seconds
Number of updated asset objects reloaded before import = 0
Number of asset objects unloaded after import = 3
========================================================================
Received Import Request.
  Time since last request: 0.300862 seconds.
  path: Assets/Pixelart Graphical User Interface/Pixelart Graphical User Interface/Icons Style 3/Style 3 Icon 064.png
  artifactKey: Guid(141831518a033ad4e9da39060ad5fc14) Importer(815301076,1909f56bfc062723c751e8b465ee728b)
Start importing Assets/Pixelart Graphical User Interface/Pixelart Graphical User Interface/Icons Style 3/Style 3 Icon 064.png using Guid(141831518a033ad4e9da39060ad5fc14) Importer(815301076,1909f56bfc062723c751e8b465ee728b)  -> (artifact id: '4dd8a28ae167b739b12fceedd08752b2') in 0.021393 seconds
Number of updated asset objects reloaded before import = 0
Number of asset objects unloaded after import = 3
========================================================================
Received Import Request.
  Time since last request: 0.007426 seconds.
  path: Assets/Pixelart Graphical User Interface/Pixelart Graphical User Interface/Icons Style 3/Style 3 Icon 069.png
  artifactKey: Guid(16639fc093c07544685b16f24b0fbd4a) Importer(815301076,1909f56bfc062723c751e8b465ee728b)
Start importing Assets/Pixelart Graphical User Interface/Pixelart Graphical User Interface/Icons Style 3/Style 3 Icon 069.png using Guid(16639fc093c07544685b16f24b0fbd4a) Importer(815301076,1909f56bfc062723c751e8b465ee728b)  -> (artifact id: 'd50c6500483245ae063bfddb66a91c39') in 0.023293 seconds
Number of updated asset objects reloaded before import = 0
Number of asset objects unloaded after import = 3
========================================================================
Received Import Request.
  Time since last request: 0.340133 seconds.
  path: Assets/Pixelart Graphical User Interface/Pixelart Graphical User Interface/Icons Style 3/Style 3 Icon 076.png
  artifactKey: Guid(cf3361cbfe8888048af7000806e60839) Importer(815301076,1909f56bfc062723c751e8b465ee728b)
Start importing Assets/Pixelart Graphical User Interface/Pixelart Graphical User Interface/Icons Style 3/Style 3 Icon 076.png using Guid(cf3361cbfe8888048af7000806e60839) Importer(815301076,1909f56bfc062723c751e8b465ee728b)  -> (artifact id: 'ed8689e3519e570d5c38b48900ed0d04') in 0.022566 seconds
Number of updated asset objects reloaded before import = 0
Number of asset objects unloaded after import = 3
========================================================================
Received Import Request.
  Time since last request: 0.000024 seconds.
  path: Assets/Pixelart Graphical User Interface/Pixelart Graphical User Interface/Icons Style 3/Style 3 Icon 081.png
  artifactKey: Guid(181ce464662fe6942826565f0ccaed1f) Importer(815301076,1909f56bfc062723c751e8b465ee728b)
Start importing Assets/Pixelart Graphical User Interface/Pixelart Graphical User Interface/Icons Style 3/Style 3 Icon 081.png using Guid(181ce464662fe6942826565f0ccaed1f) Importer(815301076,1909f56bfc062723c751e8b465ee728b)  -> (artifact id: '51053e07e1fee3d1ff98dc0b76cee78b') in 0.025760 seconds
Number of updated asset objects reloaded before import = 0
Number of asset objects unloaded after import = 3
========================================================================
Received Import Request.
  Time since last request: 0.320720 seconds.
  path: Assets/Pixelart Graphical User Interface/Pixelart Graphical User Interface/Icons Style 3/Style 3 Icon 088.png
  artifactKey: Guid(72b0ac5bca034864f9bfc82461c22887) Importer(815301076,1909f56bfc062723c751e8b465ee728b)
Start importing Assets/Pixelart Graphical User Interface/Pixelart Graphical User Interface/Icons Style 3/Style 3 Icon 088.png using Guid(72b0ac5bca034864f9bfc82461c22887) Importer(815301076,1909f56bfc062723c751e8b465ee728b)  -> (artifact id: 'c53ec1a28a895a71b4ecf41dd044e132') in 0.023659 seconds
Number of updated asset objects reloaded before import = 0
Number of asset objects unloaded after import = 3
========================================================================
Received Import Request.
  Time since last request: 0.001260 seconds.
  path: Assets/Pixelart Graphical User Interface/Pixelart Graphical User Interface/Icons Style 3/Style 3 Icon 093.png
  artifactKey: Guid(0f48a16812fd3c84b9e12e7642cc3c98) Importer(815301076,1909f56bfc062723c751e8b465ee728b)
Start importing Assets/Pixelart Graphical User Interface/Pixelart Graphical User Interface/Icons Style 3/Style 3 Icon 093.png using Guid(0f48a16812fd3c84b9e12e7642cc3c98) Importer(815301076,1909f56bfc062723c751e8b465ee728b)  -> (artifact id: '3d657f048c29ed327b1d5fe8f031f4a1') in 0.024726 seconds
Number of updated asset objects reloaded before import = 0
Number of asset objects unloaded after import = 3
========================================================================
Received Import Request.
  Time since last request: 0.009030 seconds.
  path: Assets/Pixelart Graphical User Interface/Pixelart Graphical User Interface/Icons Style 3/Style 3 Icon 098.png
  artifactKey: Guid(3c177065811ca134dac01c4571997d04) Importer(815301076,1909f56bfc062723c751e8b465ee728b)
Start importing Assets/Pixelart Graphical User Interface/Pixelart Graphical User Interface/Icons Style 3/Style 3 Icon 098.png using Guid(3c177065811ca134dac01c4571997d04) Importer(815301076,1909f56bfc062723c751e8b465ee728b)  -> (artifact id: '023c412559f785da1244b87f1c11acb3') in 0.022060 seconds
Number of updated asset objects reloaded before import = 0
Number of asset objects unloaded after import = 3
========================================================================
Received Import Request.
  Time since last request: 0.000021 seconds.
  path: Assets/Pixelart Graphical User Interface/Pixelart Graphical User Interface/Icons Style 3/Style 3 Icon 103.png
  artifactKey: Guid(4037d9b33d55da5419b29e933f4420ff) Importer(815301076,1909f56bfc062723c751e8b465ee728b)
Start importing Assets/Pixelart Graphical User Interface/Pixelart Graphical User Interface/Icons Style 3/Style 3 Icon 103.png using Guid(4037d9b33d55da5419b29e933f4420ff) Importer(815301076,1909f56bfc062723c751e8b465ee728b)  -> (artifact id: '5a67259d482f66b0afe826210ad164b4') in 0.026076 seconds
Number of updated asset objects reloaded before import = 0
Number of asset objects unloaded after import = 3
========================================================================
Received Import Request.
  Time since last request: 0.000039 seconds.
  path: Assets/Pixelart Graphical User Interface/Pixelart Graphical User Interface/Icons Style 3/Style 3 Icon 108.png
  artifactKey: Guid(8d8ae8ddc0aaf92408465da523d644e1) Importer(815301076,1909f56bfc062723c751e8b465ee728b)
Start importing Assets/Pixelart Graphical User Interface/Pixelart Graphical User Interface/Icons Style 3/Style 3 Icon 108.png using Guid(8d8ae8ddc0aaf92408465da523d644e1) Importer(815301076,1909f56bfc062723c751e8b465ee728b)  -> (artifact id: '9ed4f3c81a03cd45806b1918581eff1d') in 0.024361 seconds
Number of updated asset objects reloaded before import = 0
Number of asset objects unloaded after import = 3
========================================================================
Received Import Request.
  Time since last request: 0.242945 seconds.
  path: Assets/Pixelart Graphical User Interface/Pixelart Graphical User Interface/Icons Style 3/Style 3 Icon 112.png
  artifactKey: Guid(65cac15d79255cd4391304ea09a23d04) Importer(815301076,1909f56bfc062723c751e8b465ee728b)
Start importing Assets/Pixelart Graphical User Interface/Pixelart Graphical User Interface/Icons Style 3/Style 3 Icon 112.png using Guid(65cac15d79255cd4391304ea09a23d04) Importer(815301076,1909f56bfc062723c751e8b465ee728b)  -> (artifact id: 'be396479822f86792c53c309eaf16e1a') in 0.020149 seconds
Number of updated asset objects reloaded before import = 0
Number of asset objects unloaded after import = 3
========================================================================
Received Import Request.
  Time since last request: 0.005910 seconds.
  path: Assets/Pixelart Graphical User Interface/Pixelart Graphical User Interface/Icons Style 3/Style 3 Icon 117.png
  artifactKey: Guid(3923be84261e2b74293f25fbe0b47b2a) Importer(815301076,1909f56bfc062723c751e8b465ee728b)
Start importing Assets/Pixelart Graphical User Interface/Pixelart Graphical User Interface/Icons Style 3/Style 3 Icon 117.png using Guid(3923be84261e2b74293f25fbe0b47b2a) Importer(815301076,1909f56bfc062723c751e8b465ee728b)  -> (artifact id: '7093946ac957aa3c3c99ab4ed9cfae48') in 0.023293 seconds
Number of updated asset objects reloaded before import = 0
Number of asset objects unloaded after import = 3
========================================================================
Received Import Request.
  Time since last request: 0.340114 seconds.
  path: Assets/Pixelart Graphical User Interface/Pixelart Graphical User Interface/Icons Style 3/Style 3 Icon 124.png
  artifactKey: Guid(7a141bedbdf5d3740804cac8494cea4c) Importer(815301076,1909f56bfc062723c751e8b465ee728b)
Start importing Assets/Pixelart Graphical User Interface/Pixelart Graphical User Interface/Icons Style 3/Style 3 Icon 124.png using Guid(7a141bedbdf5d3740804cac8494cea4c) Importer(815301076,1909f56bfc062723c751e8b465ee728b)  -> (artifact id: 'af2ac904fe06724dc5251cb1a342cd54') in 0.024123 seconds
Number of updated asset objects reloaded before import = 0
Number of asset objects unloaded after import = 3
========================================================================
Received Import Request.
  Time since last request: 0.000218 seconds.
  path: Assets/Pixelart Graphical User Interface/Pixelart Graphical User Interface/Icons Style 3/Style 3 Icon 129.png
  artifactKey: Guid(8d45e9ed7e12be341a417086650ee35f) Importer(815301076,1909f56bfc062723c751e8b465ee728b)
Start importing Assets/Pixelart Graphical User Interface/Pixelart Graphical User Interface/Icons Style 3/Style 3 Icon 129.png using Guid(8d45e9ed7e12be341a417086650ee35f) Importer(815301076,1909f56bfc062723c751e8b465ee728b)  -> (artifact id: '34eec6f1c2d4aa2d1393dcb48e37177c') in 0.023439 seconds
Number of updated asset objects reloaded before import = 0
Number of asset objects unloaded after import = 3
========================================================================
Received Import Request.
  Time since last request: 0.286177 seconds.
  path: Assets/Pixelart Graphical User Interface/Pixelart Graphical User Interface/Icons Style 3/Style 3 Icon 136.png
  artifactKey: Guid(bba316d1f630db04f987ca662ada5e45) Importer(815301076,1909f56bfc062723c751e8b465ee728b)
Start importing Assets/Pixelart Graphical User Interface/Pixelart Graphical User Interface/Icons Style 3/Style 3 Icon 136.png using Guid(bba316d1f630db04f987ca662ada5e45) Importer(815301076,1909f56bfc062723c751e8b465ee728b)  -> (artifact id: '08bbb63007b548b4c746082b420e7639') in 0.024509 seconds
Number of updated asset objects reloaded before import = 0
Number of asset objects unloaded after import = 3
========================================================================
Received Import Request.
  Time since last request: 0.002954 seconds.
  path: Assets/Pixelart Graphical User Interface/Pixelart Graphical User Interface/Icons Style 3/Style 3 Icon 141.png
  artifactKey: Guid(ae477929862297a4f83bf27a6e650b66) Importer(815301076,1909f56bfc062723c751e8b465ee728b)
Start importing Assets/Pixelart Graphical User Interface/Pixelart Graphical User Interface/Icons Style 3/Style 3 Icon 141.png using Guid(ae477929862297a4f83bf27a6e650b66) Importer(815301076,1909f56bfc062723c751e8b465ee728b)  -> (artifact id: 'e78111a80d1b3dec642e5a201ebf88d1') in 0.026190 seconds
Number of updated asset objects reloaded before import = 0
Number of asset objects unloaded after import = 3
========================================================================
Received Import Request.
  Time since last request: 1.565365 seconds.
  path: Assets/Pixelart Graphical User Interface/Pixelart Graphical User Interface/Icons Style 3/Style 3 Icon 148.png
  artifactKey: Guid(1e0d0ea9a8944fb48a966e5b3acd4e6c) Importer(815301076,1909f56bfc062723c751e8b465ee728b)
Start importing Assets/Pixelart Graphical User Interface/Pixelart Graphical User Interface/Icons Style 3/Style 3 Icon 148.png using Guid(1e0d0ea9a8944fb48a966e5b3acd4e6c) Importer(815301076,1909f56bfc062723c751e8b465ee728b)  -> (artifact id: '1137b532c9a1036251d689835b12d796') in 0.026804 seconds
Number of updated asset objects reloaded before import = 0
Number of asset objects unloaded after import = 3
========================================================================
Received Import Request.
  Time since last request: 0.000020 seconds.
  path: Assets/Pixelart Graphical User Interface/Pixelart Graphical User Interface/Icons Style 3/Style 3 Icon 153.png
  artifactKey: Guid(660f7243a11716a4bbbe8412406f90fd) Importer(815301076,1909f56bfc062723c751e8b465ee728b)
Start importing Assets/Pixelart Graphical User Interface/Pixelart Graphical User Interface/Icons Style 3/Style 3 Icon 153.png using Guid(660f7243a11716a4bbbe8412406f90fd) Importer(815301076,1909f56bfc062723c751e8b465ee728b)  -> (artifact id: '367d540104f68f41ef6182886177baf6') in 0.023530 seconds
Number of updated asset objects reloaded before import = 0
Number of asset objects unloaded after import = 3
========================================================================
Received Import Request.
  Time since last request: 0.457580 seconds.
  path: Assets/Pixelart Graphical User Interface/Pixelart Graphical User Interface/Icons Style 3/Style 3 Icon 160.png
  artifactKey: Guid(ad843bb2e1688cb4ab69910f655fa89c) Importer(815301076,1909f56bfc062723c751e8b465ee728b)
Start importing Assets/Pixelart Graphical User Interface/Pixelart Graphical User Interface/Icons Style 3/Style 3 Icon 160.png using Guid(ad843bb2e1688cb4ab69910f655fa89c) Importer(815301076,1909f56bfc062723c751e8b465ee728b)  -> (artifact id: 'dae674b98bde2a852fefc81071c157f8') in 0.026028 seconds
Number of updated asset objects reloaded before import = 0
Number of asset objects unloaded after import = 3
========================================================================
Received Import Request.
  Time since last request: 0.000017 seconds.
  path: Assets/Pixelart Graphical User Interface/Pixelart Graphical User Interface/Icons Style 3/Style 3 Icon 165.png
  artifactKey: Guid(ee778fb3a5577b74cb67c3ac9906cb30) Importer(815301076,1909f56bfc062723c751e8b465ee728b)
Start importing Assets/Pixelart Graphical User Interface/Pixelart Graphical User Interface/Icons Style 3/Style 3 Icon 165.png using Guid(ee778fb3a5577b74cb67c3ac9906cb30) Importer(815301076,1909f56bfc062723c751e8b465ee728b)  -> (artifact id: '062a00fdf823329a2a02d1c70ecbb957') in 0.027886 seconds
Number of updated asset objects reloaded before import = 0
Number of asset objects unloaded after import = 3
========================================================================
Received Import Request.
  Time since last request: 1.300036 seconds.
  path: Assets/Pixelart Graphical User Interface/Pixelart Graphical User Interface/Icons Style 3/Style 3 Icon 172.png
  artifactKey: Guid(5a1f55b8bfcda7e47bbe34ca867e30cf) Importer(815301076,1909f56bfc062723c751e8b465ee728b)
Start importing Assets/Pixelart Graphical User Interface/Pixelart Graphical User Interface/Icons Style 3/Style 3 Icon 172.png using Guid(5a1f55b8bfcda7e47bbe34ca867e30cf) Importer(815301076,1909f56bfc062723c751e8b465ee728b)  -> (artifact id: '37ead4a8a36507f40be850fe0d31f6a9') in 0.023161 seconds
Number of updated asset objects reloaded before import = 0
Number of asset objects unloaded after import = 3
========================================================================
Received Import Request.
  Time since last request: 0.000021 seconds.
  path: Assets/Pixelart Graphical User Interface/Pixelart Graphical User Interface/Icons Style 3/Style 3 Icon 177.png
  artifactKey: Guid(eb992fa57e4f6dd47ba578934bbd94f7) Importer(815301076,1909f56bfc062723c751e8b465ee728b)
Start importing Assets/Pixelart Graphical User Interface/Pixelart Graphical User Interface/Icons Style 3/Style 3 Icon 177.png using Guid(eb992fa57e4f6dd47ba578934bbd94f7) Importer(815301076,1909f56bfc062723c751e8b465ee728b)  -> (artifact id: 'a3b9dff4b2b6196d6bde33ce31d4084f') in 0.028216 seconds
Number of updated asset objects reloaded before import = 0
Number of asset objects unloaded after import = 3
========================================================================
Received Import Request.
  Time since last request: 0.496878 seconds.
  path: Assets/Pixelart Graphical User Interface/Pixelart Graphical User Interface/Icons Style 3/Style 3 Icon 184.png
  artifactKey: Guid(bea69ea39bd9e2a479d33ba94f862187) Importer(815301076,1909f56bfc062723c751e8b465ee728b)
Start importing Assets/Pixelart Graphical User Interface/Pixelart Graphical User Interface/Icons Style 3/Style 3 Icon 184.png using Guid(bea69ea39bd9e2a479d33ba94f862187) Importer(815301076,1909f56bfc062723c751e8b465ee728b)  -> (artifact id: '8f46d4f3f4eec042a43b2c483e2ec1d2') in 0.019802 seconds
Number of updated asset objects reloaded before import = 0
Number of asset objects unloaded after import = 3
========================================================================
Received Import Request.
  Time since last request: 0.000034 seconds.
  path: Assets/Pixelart Graphical User Interface/Pixelart Graphical User Interface/Icons Style 3/Style 3 Icon 188.png
  artifactKey: Guid(a62a2bd3fe6300d448c6695e9a65d4fe) Importer(815301076,1909f56bfc062723c751e8b465ee728b)
Start importing Assets/Pixelart Graphical User Interface/Pixelart Graphical User Interface/Icons Style 3/Style 3 Icon 188.png using Guid(a62a2bd3fe6300d448c6695e9a65d4fe) Importer(815301076,1909f56bfc062723c751e8b465ee728b)  -> (artifact id: '1678e1fc4982fa2b0a9bc9e2e25f78a1') in 0.026272 seconds
Number of updated asset objects reloaded before import = 0
Number of asset objects unloaded after import = 3
========================================================================
Received Import Request.
  Time since last request: 0.496141 seconds.
  path: Assets/Pixelart Graphical User Interface/Pixelart Graphical User Interface/Icons Style 3/Style 3 Icon 196.png
  artifactKey: Guid(abba3877a6c321a41a1f13108a33fbba) Importer(815301076,1909f56bfc062723c751e8b465ee728b)
Start importing Assets/Pixelart Graphical User Interface/Pixelart Graphical User Interface/Icons Style 3/Style 3 Icon 196.png using Guid(abba3877a6c321a41a1f13108a33fbba) Importer(815301076,1909f56bfc062723c751e8b465ee728b)  -> (artifact id: 'cde5b8fa79c8e659ee23ec3e693d44ed') in 0.022641 seconds
Number of updated asset objects reloaded before import = 0
Number of asset objects unloaded after import = 3
========================================================================
Received Import Request.
  Time since last request: 0.001269 seconds.
  path: Assets/Pixelart Graphical User Interface/Pixelart Graphical User Interface/Icons Style 3/Style 3 Icon 201.png
  artifactKey: Guid(9aff2daa7ce712947af3145e85fed496) Importer(815301076,1909f56bfc062723c751e8b465ee728b)
Start importing Assets/Pixelart Graphical User Interface/Pixelart Graphical User Interface/Icons Style 3/Style 3 Icon 201.png using Guid(9aff2daa7ce712947af3145e85fed496) Importer(815301076,1909f56bfc062723c751e8b465ee728b)  -> (artifact id: 'dd898ea19fbf6a252cea7836b1e09545') in 0.023991 seconds
Number of updated asset objects reloaded before import = 0
Number of asset objects unloaded after import = 3
========================================================================
Received Import Request.
  Time since last request: 0.967530 seconds.
  path: Assets/Pixelart Graphical User Interface/Pixelart Graphical User Interface/Icons Style 3/Style 3 Icon 208.png
  artifactKey: Guid(239c2e9dfe629994981c295ff8983ddc) Importer(815301076,1909f56bfc062723c751e8b465ee728b)
Start importing Assets/Pixelart Graphical User Interface/Pixelart Graphical User Interface/Icons Style 3/Style 3 Icon 208.png using Guid(239c2e9dfe629994981c295ff8983ddc) Importer(815301076,1909f56bfc062723c751e8b465ee728b)  -> (artifact id: 'a1d28ecace305b2f8ca5eb22fbae4054') in 0.020864 seconds
Number of updated asset objects reloaded before import = 0
Number of asset objects unloaded after import = 3
========================================================================
Received Import Request.
  Time since last request: 0.004539 seconds.
  path: Assets/Pixelart Graphical User Interface/Pixelart Graphical User Interface/Icons Style 3/Style 3 Icon 213.png
  artifactKey: Guid(8af9cdd0003cf5e4d8478d5ad2dedc4c) Importer(815301076,1909f56bfc062723c751e8b465ee728b)
Start importing Assets/Pixelart Graphical User Interface/Pixelart Graphical User Interface/Icons Style 3/Style 3 Icon 213.png using Guid(8af9cdd0003cf5e4d8478d5ad2dedc4c) Importer(815301076,1909f56bfc062723c751e8b465ee728b)  -> (artifact id: '4662e6f86059f2cd9cc2188a92fdf838') in 0.020152 seconds
Number of updated asset objects reloaded before import = 0
Number of asset objects unloaded after import = 3
========================================================================
Received Import Request.
  Time since last request: 1.165913 seconds.
  path: Assets/Pixelart Graphical User Interface/Pixelart Graphical User Interface/Icons Style 3/Style 3 Icon 220.png
  artifactKey: Guid(762d4b4defafeac48997b77c34feb6aa) Importer(815301076,1909f56bfc062723c751e8b465ee728b)
Start importing Assets/Pixelart Graphical User Interface/Pixelart Graphical User Interface/Icons Style 3/Style 3 Icon 220.png using Guid(762d4b4defafeac48997b77c34feb6aa) Importer(815301076,1909f56bfc062723c751e8b465ee728b)  -> (artifact id: '161f798a1935d6ee28c18598f5f72660') in 0.022319 seconds
Number of updated asset objects reloaded before import = 0
Number of asset objects unloaded after import = 3
========================================================================
Received Import Request.
  Time since last request: 0.000874 seconds.
  path: Assets/Pixelart Graphical User Interface/Pixelart Graphical User Interface/Icons Style 3/Style 3 Icon 225.png
  artifactKey: Guid(d38c703177f20fb4388d1af2c362fd65) Importer(815301076,1909f56bfc062723c751e8b465ee728b)
Start importing Assets/Pixelart Graphical User Interface/Pixelart Graphical User Interface/Icons Style 3/Style 3 Icon 225.png using Guid(d38c703177f20fb4388d1af2c362fd65) Importer(815301076,1909f56bfc062723c751e8b465ee728b)  -> (artifact id: '0bd573aceea6cb032258e1f95dcfc8df') in 0.022817 seconds
Number of updated asset objects reloaded before import = 0
Number of asset objects unloaded after import = 3
Editor requested this worker to shutdown with reason: Scaling down because of idle timeout
TcpMessagingSession - receive error: operation aborted. errorcode: 995, details: The I/O operation has been aborted because of either a thread exit or an application request.
AssetImportWorker is now disconnected from the server
Process exiting
Exiting without the bug reporter. Application will terminate with return code 0