Using pre-set license
Built from '2022.3/staging' branch; Version is '2022.3.9f1 (ea401c316338) revision 15351836'; Using compiler version '192829333'; Build Type 'Release'
OS: 'Windows 11  (10.0.22631) 64bit Core' Language: 'en' Physical Memory: 15557 MB
BatchMode: 1, IsHumanControllingUs: 0, StartBugReporterOnCrash: 0, Is64bit: 1, IsPro: 1

COMMAND LINE ARGUMENTS:
C:\Program Files\Unity 2022.3.9f1\Editor\Unity.exe
-adb2
-batchMode
-noUpm
-name
AssetImportWorker6
-projectPath
C:/Users/garet/OneDrive/Desktop/EmberShadows
-logFile
Logs/AssetImportWorker6.log
-srvPort
50746
Successfully changed project path to: C:/Users/garet/OneDrive/Desktop/EmberShadows
C:/Users/garet/OneDrive/Desktop/EmberShadows
[UnityMemory] Configuration Parameters - Can be set up in boot.config
    "memorysetup-bucket-allocator-granularity=16"
    "memorysetup-bucket-allocator-bucket-count=8"
    "memorysetup-bucket-allocator-block-size=33554432"
    "memorysetup-bucket-allocator-block-count=8"
    "memorysetup-main-allocator-block-size=16777216"
    "memorysetup-thread-allocator-block-size=16777216"
    "memorysetup-gfx-main-allocator-block-size=16777216"
    "memorysetup-gfx-thread-allocator-block-size=16777216"
    "memorysetup-cache-allocator-block-size=4194304"
    "memorysetup-typetree-allocator-block-size=2097152"
    "memorysetup-profiler-bucket-allocator-granularity=16"
    "memorysetup-profiler-bucket-allocator-bucket-count=8"
    "memorysetup-profiler-bucket-allocator-block-size=33554432"
    "memorysetup-profiler-bucket-allocator-block-count=8"
    "memorysetup-profiler-allocator-block-size=16777216"
    "memorysetup-profiler-editor-allocator-block-size=1048576"
    "memorysetup-temp-allocator-size-main=16777216"
    "memorysetup-job-temp-allocator-block-size=2097152"
    "memorysetup-job-temp-allocator-block-size-background=1048576"
    "memorysetup-job-temp-allocator-reduction-small-platforms=262144"
    "memorysetup-allocator-temp-initial-block-size-main=262144"
    "memorysetup-allocator-temp-initial-block-size-worker=262144"
    "memorysetup-temp-allocator-size-background-worker=32768"
    "memorysetup-temp-allocator-size-job-worker=262144"
    "memorysetup-temp-allocator-size-preload-manager=33554432"
    "memorysetup-temp-allocator-size-nav-mesh-worker=65536"
    "memorysetup-temp-allocator-size-audio-worker=65536"
    "memorysetup-temp-allocator-size-cloud-worker=32768"
    "memorysetup-temp-allocator-size-gi-baking-worker=262144"
    "memorysetup-temp-allocator-size-gfx=262144"
Player connection [14108] Host "[IP] 172.20.10.2 [Port] 0 [Flags] 2 [Guid] 3008960812 [EditorId] 3008960812 [Version] 1048832 [Id] WindowsEditor(7,GarethsLaptop) [Debug] 1 [PackageName] WindowsEditor [ProjectName] Editor" joined multi-casting on [225.0.0.222:54997]...

Player connection [14108] Host "[IP] 172.20.10.2 [Port] 0 [Flags] 2 [Guid] 3008960812 [EditorId] 3008960812 [Version] 1048832 [Id] WindowsEditor(7,GarethsLaptop) [Debug] 1 [PackageName] WindowsEditor [ProjectName] Editor" joined alternative multi-casting on [225.0.0.222:34997]...

[Physics::Module] Initialized MultithreadedJobDispatcher with 15 workers.
Refreshing native plugins compatible for Editor in 2617.20 ms, found 4 plugins.
Preloading 0 native plugins for Editor in 0.00 ms.
Initialize engine version: 2022.3.9f1 (ea401c316338)
[Subsystems] Discovering subsystems at path C:/Program Files/Unity 2022.3.9f1/Editor/Data/Resources/UnitySubsystems
[Subsystems] Discovering subsystems at path C:/Users/garet/OneDrive/Desktop/EmberShadows/Assets
GfxDevice: creating device client; threaded=0; jobified=0
Direct3D:
    Version:  Direct3D 11.0 [level 11.1]
    Renderer: NVIDIA GeForce RTX 3050 Laptop GPU (ID=0x25a2)
    Vendor:   NVIDIA
    VRAM:     3977 MB
    Driver:   31.0.15.3770
Initialize mono
Mono path[0] = 'C:/Program Files/Unity 2022.3.9f1/Editor/Data/Managed'
Mono path[1] = 'C:/Program Files/Unity 2022.3.9f1/Editor/Data/MonoBleedingEdge/lib/mono/unityjit-win32'
Mono config path = 'C:/Program Files/Unity 2022.3.9f1/Editor/Data/MonoBleedingEdge/etc'
Using monoOptions --debugger-agent=transport=dt_socket,embedding=1,server=y,suspend=n,address=127.0.0.1:56212
Begin MonoManager ReloadAssembly
Registering precompiled unity dll's ...
Register platform support module: C:/Program Files/Unity 2022.3.9f1/Editor/Data/PlaybackEngines/WindowsStandaloneSupport/UnityEditor.WindowsStandalone.Extensions.dll
Registered in 0.152559 seconds.
- Loaded All Assemblies, in  9.071 seconds
Native extension for WindowsStandalone target not found
Mono: successfully reloaded assembly
- Finished resetting the current domain, in  0.265 seconds
Domain Reload Profiling: 9334ms
	BeginReloadAssembly (6657ms)
		ExecutionOrderSort (0ms)
		DisableScriptedObjects (0ms)
		BackupInstance (0ms)
		ReleaseScriptingObjects (0ms)
		CreateAndSetChildDomain (1ms)
	RebuildCommonClasses (658ms)
	RebuildNativeTypeToScriptingClass (9ms)
	initialDomainReloadingComplete (214ms)
	LoadAllAssembliesAndSetupDomain (1530ms)
		LoadAssemblies (6655ms)
		RebuildTransferFunctionScriptingTraits (0ms)
		AnalyzeDomain (1528ms)
			TypeCache.Refresh (1527ms)
				TypeCache.ScanAssembly (1174ms)
			ScanForSourceGeneratedMonoScriptInfo (0ms)
			ResolveRequiredComponents (0ms)
	FinalizeReload (265ms)
		ReleaseScriptCaches (0ms)
		RebuildScriptCaches (0ms)
		SetupLoadedEditorAssemblies (204ms)
			LogAssemblyErrors (0ms)
			InitializePlatformSupportModulesInManaged (7ms)
			SetLoadedEditorAssemblies (7ms)
			RefreshPlugins (0ms)
			BeforeProcessingInitializeOnLoad (2ms)
			ProcessInitializeOnLoadAttributes (131ms)
			ProcessInitializeOnLoadMethodAttributes (57ms)
			AfterProcessingInitializeOnLoad (0ms)
			EditorAssembliesLoaded (0ms)
		ExecutionOrderSort2 (0ms)
		AwakeInstancesAfterBackupRestoration (0ms)
========================================================================
Worker process is ready to serve import requests
Begin MonoManager ReloadAssembly
- Loaded All Assemblies, in 14.126 seconds
Refreshing native plugins compatible for Editor in 6.69 ms, found 4 plugins.
Native extension for WindowsStandalone target not found
Package Manager log level set to [2]
[Package Manager] Server::EnsureServerProcessIsRunning -- launch failed, reason: Unity was launched with the -noUpm command-line argument
[Package Manager] UpmClient::Send -- Unable to send message (not connected to UPM process).
[Package Manager] Cannot connect to Unity Package Manager local server
Mono: successfully reloaded assembly
- Finished resetting the current domain, in  0.671 seconds
Domain Reload Profiling: 14793ms
	BeginReloadAssembly (136ms)
		ExecutionOrderSort (0ms)
		DisableScriptedObjects (4ms)
		BackupInstance (0ms)
		ReleaseScriptingObjects (0ms)
		CreateAndSetChildDomain (22ms)
	RebuildCommonClasses (26ms)
	RebuildNativeTypeToScriptingClass (8ms)
	initialDomainReloadingComplete (42ms)
	LoadAllAssembliesAndSetupDomain (13910ms)
		LoadAssemblies (13385ms)
		RebuildTransferFunctionScriptingTraits (0ms)
		AnalyzeDomain (604ms)
			TypeCache.Refresh (562ms)
				TypeCache.ScanAssembly (488ms)
			ScanForSourceGeneratedMonoScriptInfo (29ms)
			ResolveRequiredComponents (11ms)
	FinalizeReload (671ms)
		ReleaseScriptCaches (0ms)
		RebuildScriptCaches (0ms)
		SetupLoadedEditorAssemblies (502ms)
			LogAssemblyErrors (0ms)
			InitializePlatformSupportModulesInManaged (6ms)
			SetLoadedEditorAssemblies (5ms)
			RefreshPlugins (0ms)
			BeforeProcessingInitializeOnLoad (86ms)
			ProcessInitializeOnLoadAttributes (325ms)
			ProcessInitializeOnLoadMethodAttributes (73ms)
			AfterProcessingInitializeOnLoad (7ms)
			EditorAssembliesLoaded (0ms)
		ExecutionOrderSort2 (0ms)
		AwakeInstancesAfterBackupRestoration (6ms)
Launched and connected shader compiler UnityShaderCompiler.exe after 0.08 seconds
Refreshing native plugins compatible for Editor in 5.80 ms, found 4 plugins.
Preloading 0 native plugins for Editor in 0.00 ms.
Unloading 5680 Unused Serialized files (Serialized files now loaded: 0)
Unloading 99 unused Assets / (0.9 MB). Loaded Objects now: 6126.
Memory consumption went from 216.9 MB to 216.0 MB.
Total: 4.537400 ms (FindLiveObjects: 0.506200 ms CreateObjectMapping: 0.261100 ms MarkObjects: 3.259200 ms  DeleteObjects: 0.509600 ms)

AssetImportParameters requested are different than current active one (requested -> active):
  custom:container-demuxer-ogg: 62fdf1f143b41e24485cea50d1cbac27 -> 
  custom:video-codec-MediaFoundation-h265: 746d11721c4dcdbdad8f713fa42b33f4 -> 
  custom:video-decoder-ogg-theora: a1e56fd34408186e4bbccfd4996cb3dc -> 
  custom:framework-win-MediaFoundation: 216162199b28c13a410421893ffa2e32 -> 
  custom:CustomObjectIndexerAttribute: a3ef5dd2817f97addfee359851a9dba5 -> 
  custom:container-demuxer-webm: 4f35f7cbe854078d1ac9338744f61a02 -> 
  custom:container-muxer-webm: aa71ff27fc2769a1b78a27578f13a17b -> 
  custom:video-decoder-webm-vp8: 9c59270c3fd7afecdb556c50c9e8de78 -> 
  custom:SearchIndexIgnoredProperties: e643bd26f0fe6173181afceb89e7c659 -> 
  custom:AudioImporter_EditorPlatform: d09bf68614088b80899f8185d706f6e7 -> 
  custom:video-encoder-webm-vp8: eb34c28f22e8b96e1ab97ce403110664 -> 
  custom:audio-decoder-ogg-vorbis: bf7c407c2cedff20999df2af8eb42d56 -> 
  custom:audio-encoder-webm-vorbis: bf7c407c2cedff20999df2af8eb42d56 -> 
========================================================================
Received Import Request.
  Time since last request: 116878.961474 seconds.
  path: Assets/Pixelart Graphical User Interface/Pixelart Graphical User Interface/User Interface 02/Examples/Menu_Example_01.png
  artifactKey: Guid(7bb577f4983fccb41ba6460690a0524d) Importer(815301076,1909f56bfc062723c751e8b465ee728b)
Start importing Assets/Pixelart Graphical User Interface/Pixelart Graphical User Interface/User Interface 02/Examples/Menu_Example_01.png using Guid(7bb577f4983fccb41ba6460690a0524d) Importer(815301076,1909f56bfc062723c751e8b465ee728b)  -> (artifact id: 'e9ab0e49ac507945dafe028dbab4977b') in 0.099936 seconds
Number of updated asset objects reloaded before import = 0
Number of asset objects unloaded after import = 3
========================================================================
Received Import Request.
  Time since last request: 24.073303 seconds.
  path: Assets/Pixelart Graphical User Interface/Pixelart Graphical User Interface/Icons Sprite Sheets/Icons 32x32 Style 02.png
  artifactKey: Guid(e02d5de85e7af6f4ca3f95f8acb18bc1) Importer(815301076,1909f56bfc062723c751e8b465ee728b)
Start importing Assets/Pixelart Graphical User Interface/Pixelart Graphical User Interface/Icons Sprite Sheets/Icons 32x32 Style 02.png using Guid(e02d5de85e7af6f4ca3f95f8acb18bc1) Importer(815301076,1909f56bfc062723c751e8b465ee728b)  -> (artifact id: '357327bb27d439cbe3241183edba19e6') in 0.032612 seconds
Number of updated asset objects reloaded before import = 0
Number of asset objects unloaded after import = 3
========================================================================
Received Import Request.
  Time since last request: 2.991181 seconds.
  path: Assets/Pixelart Graphical User Interface/Pixelart Graphical User Interface/Icons Style 1/Style 1 Icon 002.png
  artifactKey: Guid(18026f1beaba4aa42a5b380a0368a9e0) Importer(815301076,1909f56bfc062723c751e8b465ee728b)
Start importing Assets/Pixelart Graphical User Interface/Pixelart Graphical User Interface/Icons Style 1/Style 1 Icon 002.png using Guid(18026f1beaba4aa42a5b380a0368a9e0) Importer(815301076,1909f56bfc062723c751e8b465ee728b)  -> (artifact id: '783572acdbaae92b7c28078f3ed4f092') in 0.021050 seconds
Number of updated asset objects reloaded before import = 0
Number of asset objects unloaded after import = 3
========================================================================
Received Import Request.
  Time since last request: 0.000016 seconds.
  path: Assets/Pixelart Graphical User Interface/Pixelart Graphical User Interface/Icons Style 1/Style 1 Icon 005.png
  artifactKey: Guid(6212a08e58526b142ab670a7aa730e32) Importer(815301076,1909f56bfc062723c751e8b465ee728b)
Start importing Assets/Pixelart Graphical User Interface/Pixelart Graphical User Interface/Icons Style 1/Style 1 Icon 005.png using Guid(6212a08e58526b142ab670a7aa730e32) Importer(815301076,1909f56bfc062723c751e8b465ee728b)  -> (artifact id: '8a33d0527086f14f2915fd9ce204ca93') in 0.022781 seconds
Number of updated asset objects reloaded before import = 0
Number of asset objects unloaded after import = 3
========================================================================
Received Import Request.
  Time since last request: 0.000023 seconds.
  path: Assets/Pixelart Graphical User Interface/Pixelart Graphical User Interface/Icons Style 1/Style 1 Icon 011.png
  artifactKey: Guid(798b66adc41059e4ab306ec86cb214f0) Importer(815301076,1909f56bfc062723c751e8b465ee728b)
Start importing Assets/Pixelart Graphical User Interface/Pixelart Graphical User Interface/Icons Style 1/Style 1 Icon 011.png using Guid(798b66adc41059e4ab306ec86cb214f0) Importer(815301076,1909f56bfc062723c751e8b465ee728b)  -> (artifact id: '07f837dada99a4fb381e42604c5c7989') in 0.022261 seconds
Number of updated asset objects reloaded before import = 0
Number of asset objects unloaded after import = 3
========================================================================
Received Import Request.
  Time since last request: 0.000019 seconds.
  path: Assets/Pixelart Graphical User Interface/Pixelart Graphical User Interface/Icons Style 1/Style 1 Icon 016.png
  artifactKey: Guid(e1cf015e99510ad4783bd91c0bb57f10) Importer(815301076,1909f56bfc062723c751e8b465ee728b)
Start importing Assets/Pixelart Graphical User Interface/Pixelart Graphical User Interface/Icons Style 1/Style 1 Icon 016.png using Guid(e1cf015e99510ad4783bd91c0bb57f10) Importer(815301076,1909f56bfc062723c751e8b465ee728b)  -> (artifact id: 'cf14de49ebb524c794169cb859654a32') in 0.024178 seconds
Number of updated asset objects reloaded before import = 0
Number of asset objects unloaded after import = 3
========================================================================
Received Import Request.
  Time since last request: 0.000052 seconds.
  path: Assets/Pixelart Graphical User Interface/Pixelart Graphical User Interface/Icons Style 1/Style 1 Icon 020.png
  artifactKey: Guid(4b327935f63fa2f4d9b7a8650d88a8d4) Importer(815301076,1909f56bfc062723c751e8b465ee728b)
Start importing Assets/Pixelart Graphical User Interface/Pixelart Graphical User Interface/Icons Style 1/Style 1 Icon 020.png using Guid(4b327935f63fa2f4d9b7a8650d88a8d4) Importer(815301076,1909f56bfc062723c751e8b465ee728b)  -> (artifact id: '48ea4ebe97cef061671a6f71d0f10229') in 0.024892 seconds
Number of updated asset objects reloaded before import = 0
Number of asset objects unloaded after import = 3
========================================================================
Received Import Request.
  Time since last request: 0.000019 seconds.
  path: Assets/Pixelart Graphical User Interface/Pixelart Graphical User Interface/Icons Style 1/Style 1 Icon 025.png
  artifactKey: Guid(3135ce89a1b8b3c4d8a91bc0b952d31e) Importer(815301076,1909f56bfc062723c751e8b465ee728b)
Start importing Assets/Pixelart Graphical User Interface/Pixelart Graphical User Interface/Icons Style 1/Style 1 Icon 025.png using Guid(3135ce89a1b8b3c4d8a91bc0b952d31e) Importer(815301076,1909f56bfc062723c751e8b465ee728b)  -> (artifact id: '64634b7185a7a583b952c6e13887c852') in 0.021977 seconds
Number of updated asset objects reloaded before import = 0
Number of asset objects unloaded after import = 3
========================================================================
Received Import Request.
  Time since last request: 0.000022 seconds.
  path: Assets/Pixelart Graphical User Interface/Pixelart Graphical User Interface/Icons Style 1/Style 1 Icon 027.png
  artifactKey: Guid(aa4fdff9e052d814eaae17d8abce21cc) Importer(815301076,1909f56bfc062723c751e8b465ee728b)
Start importing Assets/Pixelart Graphical User Interface/Pixelart Graphical User Interface/Icons Style 1/Style 1 Icon 027.png using Guid(aa4fdff9e052d814eaae17d8abce21cc) Importer(815301076,1909f56bfc062723c751e8b465ee728b)  -> (artifact id: '08e42cda7464482b07753cac989f9c88') in 0.022345 seconds
Number of updated asset objects reloaded before import = 0
Number of asset objects unloaded after import = 3
========================================================================
Received Import Request.
  Time since last request: 0.000024 seconds.
  path: Assets/Pixelart Graphical User Interface/Pixelart Graphical User Interface/Icons Style 1/Style 1 Icon 034.png
  artifactKey: Guid(39d67acfab303c845902c5dc4bcf4c1c) Importer(815301076,1909f56bfc062723c751e8b465ee728b)
Start importing Assets/Pixelart Graphical User Interface/Pixelart Graphical User Interface/Icons Style 1/Style 1 Icon 034.png using Guid(39d67acfab303c845902c5dc4bcf4c1c) Importer(815301076,1909f56bfc062723c751e8b465ee728b)  -> (artifact id: '0ce411cb8e3e1fc2370b17437251acf1') in 0.027302 seconds
Number of updated asset objects reloaded before import = 0
Number of asset objects unloaded after import = 3
========================================================================
Received Import Request.
  Time since last request: 0.000027 seconds.
  path: Assets/Pixelart Graphical User Interface/Pixelart Graphical User Interface/Icons Style 1/Style 1 Icon 036.png
  artifactKey: Guid(a4d81cf0cfc028743b5faa91f8c0832c) Importer(815301076,1909f56bfc062723c751e8b465ee728b)
Start importing Assets/Pixelart Graphical User Interface/Pixelart Graphical User Interface/Icons Style 1/Style 1 Icon 036.png using Guid(a4d81cf0cfc028743b5faa91f8c0832c) Importer(815301076,1909f56bfc062723c751e8b465ee728b)  -> (artifact id: '332b0fc689c85c2548a4a84300f59707') in 0.026596 seconds
Number of updated asset objects reloaded before import = 0
Number of asset objects unloaded after import = 3
========================================================================
Received Import Request.
  Time since last request: 4.525049 seconds.
  path: Assets/Pixelart Graphical User Interface/Pixelart Graphical User Interface/Icons Style 2/Style 2 Icon 002.png
  artifactKey: Guid(417b5a16da3794041bf356db53323127) Importer(815301076,1909f56bfc062723c751e8b465ee728b)
Start importing Assets/Pixelart Graphical User Interface/Pixelart Graphical User Interface/Icons Style 2/Style 2 Icon 002.png using Guid(417b5a16da3794041bf356db53323127) Importer(815301076,1909f56bfc062723c751e8b465ee728b)  -> (artifact id: '443b27abe7e7467ba8dedaddcde936ce') in 0.024234 seconds
Number of updated asset objects reloaded before import = 0
Number of asset objects unloaded after import = 3
========================================================================
Received Import Request.
  Time since last request: 0.000018 seconds.
  path: Assets/Pixelart Graphical User Interface/Pixelart Graphical User Interface/Icons Style 2/Style 2 Icon 007.png
  artifactKey: Guid(6faafeabc5a3e244f9d758b911bfc642) Importer(815301076,1909f56bfc062723c751e8b465ee728b)
Start importing Assets/Pixelart Graphical User Interface/Pixelart Graphical User Interface/Icons Style 2/Style 2 Icon 007.png using Guid(6faafeabc5a3e244f9d758b911bfc642) Importer(815301076,1909f56bfc062723c751e8b465ee728b)  -> (artifact id: '3450c0e6416708eeee4314025cf42d97') in 0.024545 seconds
Number of updated asset objects reloaded before import = 0
Number of asset objects unloaded after import = 3
========================================================================
Received Import Request.
  Time since last request: 0.000018 seconds.
  path: Assets/Pixelart Graphical User Interface/Pixelart Graphical User Interface/Icons Style 2/Style 2 Icon 012.png
  artifactKey: Guid(849c67e8ab8206a4a91ae1b156efbf2d) Importer(815301076,1909f56bfc062723c751e8b465ee728b)
Start importing Assets/Pixelart Graphical User Interface/Pixelart Graphical User Interface/Icons Style 2/Style 2 Icon 012.png using Guid(849c67e8ab8206a4a91ae1b156efbf2d) Importer(815301076,1909f56bfc062723c751e8b465ee728b)  -> (artifact id: 'e3ee91e6580a77e7e5deb1a692eb1dc7') in 0.027069 seconds
Number of updated asset objects reloaded before import = 0
Number of asset objects unloaded after import = 3
========================================================================
Received Import Request.
  Time since last request: 0.000075 seconds.
  path: Assets/Pixelart Graphical User Interface/Pixelart Graphical User Interface/Icons Style 2/Style 2 Icon 016.png
  artifactKey: Guid(e732084116fd80645b1d80c900431680) Importer(815301076,1909f56bfc062723c751e8b465ee728b)
Start importing Assets/Pixelart Graphical User Interface/Pixelart Graphical User Interface/Icons Style 2/Style 2 Icon 016.png using Guid(e732084116fd80645b1d80c900431680) Importer(815301076,1909f56bfc062723c751e8b465ee728b)  -> (artifact id: 'af7904ca446b581d3726b3c7b1d236ed') in 0.026009 seconds
Number of updated asset objects reloaded before import = 0
Number of asset objects unloaded after import = 3
========================================================================
Received Import Request.
  Time since last request: 0.000020 seconds.
  path: Assets/Pixelart Graphical User Interface/Pixelart Graphical User Interface/Icons Style 2/Style 2 Icon 022.png
  artifactKey: Guid(8f589c83b2f940549baff672a0d22dab) Importer(815301076,1909f56bfc062723c751e8b465ee728b)
Start importing Assets/Pixelart Graphical User Interface/Pixelart Graphical User Interface/Icons Style 2/Style 2 Icon 022.png using Guid(8f589c83b2f940549baff672a0d22dab) Importer(815301076,1909f56bfc062723c751e8b465ee728b)  -> (artifact id: '75d803f47d01d401375223b0a289761d') in 0.023297 seconds
Number of updated asset objects reloaded before import = 0
Number of asset objects unloaded after import = 3
========================================================================
Received Import Request.
  Time since last request: 0.000036 seconds.
  path: Assets/Pixelart Graphical User Interface/Pixelart Graphical User Interface/Icons Style 2/Style 2 Icon 027.png
  artifactKey: Guid(d47b0f8248853b6459384332e1f1bdc1) Importer(815301076,1909f56bfc062723c751e8b465ee728b)
Start importing Assets/Pixelart Graphical User Interface/Pixelart Graphical User Interface/Icons Style 2/Style 2 Icon 027.png using Guid(d47b0f8248853b6459384332e1f1bdc1) Importer(815301076,1909f56bfc062723c751e8b465ee728b)  -> (artifact id: '25b702dc6846bc0a588516758daa457e') in 0.022690 seconds
Number of updated asset objects reloaded before import = 0
Number of asset objects unloaded after import = 3
========================================================================
Received Import Request.
  Time since last request: 0.000020 seconds.
  path: Assets/Pixelart Graphical User Interface/Pixelart Graphical User Interface/Icons Style 2/Style 2 Icon 033.png
  artifactKey: Guid(a4eaeb19137f0274d8a4881ebd8bc29e) Importer(815301076,1909f56bfc062723c751e8b465ee728b)
Start importing Assets/Pixelart Graphical User Interface/Pixelart Graphical User Interface/Icons Style 2/Style 2 Icon 033.png using Guid(a4eaeb19137f0274d8a4881ebd8bc29e) Importer(815301076,1909f56bfc062723c751e8b465ee728b)  -> (artifact id: 'f691ba0411da08959d01f42705c5ffcc') in 0.025617 seconds
Number of updated asset objects reloaded before import = 0
Number of asset objects unloaded after import = 3
========================================================================
Received Import Request.
  Time since last request: 0.000021 seconds.
  path: Assets/Pixelart Graphical User Interface/Pixelart Graphical User Interface/Icons Style 2/Style 2 Icon 034.png
  artifactKey: Guid(9200d18d67f8c7b48b69cf9a58661856) Importer(815301076,1909f56bfc062723c751e8b465ee728b)
Start importing Assets/Pixelart Graphical User Interface/Pixelart Graphical User Interface/Icons Style 2/Style 2 Icon 034.png using Guid(9200d18d67f8c7b48b69cf9a58661856) Importer(815301076,1909f56bfc062723c751e8b465ee728b)  -> (artifact id: 'e2d5a6d6c43884f56585a7229b143aba') in 0.025171 seconds
Number of updated asset objects reloaded before import = 0
Number of asset objects unloaded after import = 3
========================================================================
Received Import Request.
  Time since last request: 1.908227 seconds.
  path: Assets/Pixelart Graphical User Interface/Pixelart Graphical User Interface/Icons Style 3/Style 3 Icon 002.png
  artifactKey: Guid(f3631ca3fcb24004289588356ed6ea61) Importer(815301076,1909f56bfc062723c751e8b465ee728b)
Start importing Assets/Pixelart Graphical User Interface/Pixelart Graphical User Interface/Icons Style 3/Style 3 Icon 002.png using Guid(f3631ca3fcb24004289588356ed6ea61) Importer(815301076,1909f56bfc062723c751e8b465ee728b)  -> (artifact id: '6e22ee54ad404c47b048e984a6a2d30f') in 0.021272 seconds
Number of updated asset objects reloaded before import = 0
Number of asset objects unloaded after import = 3
========================================================================
Received Import Request.
  Time since last request: 0.004115 seconds.
  path: Assets/Pixelart Graphical User Interface/Pixelart Graphical User Interface/Icons Style 3/Style 3 Icon 007.png
  artifactKey: Guid(9b6840949d83dd34cb863b65db4aa73e) Importer(815301076,1909f56bfc062723c751e8b465ee728b)
Start importing Assets/Pixelart Graphical User Interface/Pixelart Graphical User Interface/Icons Style 3/Style 3 Icon 007.png using Guid(9b6840949d83dd34cb863b65db4aa73e) Importer(815301076,1909f56bfc062723c751e8b465ee728b)  -> (artifact id: '96e653631a4105b84ea318537848660a') in 0.022429 seconds
Number of updated asset objects reloaded before import = 0
Number of asset objects unloaded after import = 3
========================================================================
Received Import Request.
  Time since last request: 0.000020 seconds.
  path: Assets/Pixelart Graphical User Interface/Pixelart Graphical User Interface/Icons Style 3/Style 3 Icon 012.png
  artifactKey: Guid(54cc50c00fa423944bc30f9ee6ee865d) Importer(815301076,1909f56bfc062723c751e8b465ee728b)
Start importing Assets/Pixelart Graphical User Interface/Pixelart Graphical User Interface/Icons Style 3/Style 3 Icon 012.png using Guid(54cc50c00fa423944bc30f9ee6ee865d) Importer(815301076,1909f56bfc062723c751e8b465ee728b)  -> (artifact id: 'b66cf2758281b6237804484dbf933ec8') in 0.025479 seconds
Number of updated asset objects reloaded before import = 0
Number of asset objects unloaded after import = 3
========================================================================
Received Import Request.
  Time since last request: 0.000017 seconds.
  path: Assets/Pixelart Graphical User Interface/Pixelart Graphical User Interface/Icons Style 3/Style 3 Icon 017.png
  artifactKey: Guid(c66e08c4aff0dda4e9533d2b137d6307) Importer(815301076,1909f56bfc062723c751e8b465ee728b)
Start importing Assets/Pixelart Graphical User Interface/Pixelart Graphical User Interface/Icons Style 3/Style 3 Icon 017.png using Guid(c66e08c4aff0dda4e9533d2b137d6307) Importer(815301076,1909f56bfc062723c751e8b465ee728b)  -> (artifact id: '8bdbb9606334350ce3ede71687f82303') in 0.021314 seconds
Number of updated asset objects reloaded before import = 0
Number of asset objects unloaded after import = 3
========================================================================
Received Import Request.
  Time since last request: 0.000020 seconds.
  path: Assets/Pixelart Graphical User Interface/Pixelart Graphical User Interface/Icons Style 3/Style 3 Icon 022.png
  artifactKey: Guid(c063faa3047316740acb072ca67c4e43) Importer(815301076,1909f56bfc062723c751e8b465ee728b)
Start importing Assets/Pixelart Graphical User Interface/Pixelart Graphical User Interface/Icons Style 3/Style 3 Icon 022.png using Guid(c063faa3047316740acb072ca67c4e43) Importer(815301076,1909f56bfc062723c751e8b465ee728b)  -> (artifact id: '3bc7a0cc9563bd56c9fc855807ebba01') in 0.024216 seconds
Number of updated asset objects reloaded before import = 0
Number of asset objects unloaded after import = 3
========================================================================
Received Import Request.
  Time since last request: 0.000022 seconds.
  path: Assets/Pixelart Graphical User Interface/Pixelart Graphical User Interface/Icons Style 3/Style 3 Icon 027.png
  artifactKey: Guid(be48ce97298cbb34790e313eadade4cb) Importer(815301076,1909f56bfc062723c751e8b465ee728b)
Start importing Assets/Pixelart Graphical User Interface/Pixelart Graphical User Interface/Icons Style 3/Style 3 Icon 027.png using Guid(be48ce97298cbb34790e313eadade4cb) Importer(815301076,1909f56bfc062723c751e8b465ee728b)  -> (artifact id: 'ff34bd76b7d3e792c109115bd3cd7472') in 0.023985 seconds
Number of updated asset objects reloaded before import = 0
Number of asset objects unloaded after import = 3
========================================================================
Received Import Request.
  Time since last request: 0.000023 seconds.
  path: Assets/Pixelart Graphical User Interface/Pixelart Graphical User Interface/Icons Style 3/Style 3 Icon 032.png
  artifactKey: Guid(29d8d4f15542d7a4e8b7e082ca2d0390) Importer(815301076,1909f56bfc062723c751e8b465ee728b)
Start importing Assets/Pixelart Graphical User Interface/Pixelart Graphical User Interface/Icons Style 3/Style 3 Icon 032.png using Guid(29d8d4f15542d7a4e8b7e082ca2d0390) Importer(815301076,1909f56bfc062723c751e8b465ee728b)  -> (artifact id: '6ae45c2785474813f6cc2d87f6a4a603') in 0.025527 seconds
Number of updated asset objects reloaded before import = 0
Number of asset objects unloaded after import = 3
========================================================================
Received Import Request.
  Time since last request: 1.564034 seconds.
  path: Assets/Pixelart Graphical User Interface/Pixelart Graphical User Interface/Icons Style 3/Style 3 Icon 039.png
  artifactKey: Guid(a8eeab51f5c860140b163d109aa06029) Importer(815301076,1909f56bfc062723c751e8b465ee728b)
Start importing Assets/Pixelart Graphical User Interface/Pixelart Graphical User Interface/Icons Style 3/Style 3 Icon 039.png using Guid(a8eeab51f5c860140b163d109aa06029) Importer(815301076,1909f56bfc062723c751e8b465ee728b)  -> (artifact id: '505e44187038bea319d194d82cc0599a') in 0.022231 seconds
Number of updated asset objects reloaded before import = 0
Number of asset objects unloaded after import = 3
========================================================================
Received Import Request.
  Time since last request: 0.003179 seconds.
  path: Assets/Pixelart Graphical User Interface/Pixelart Graphical User Interface/Icons Style 3/Style 3 Icon 044.png
  artifactKey: Guid(a1be78dbc02b85b4dadb7c9593043b8c) Importer(815301076,1909f56bfc062723c751e8b465ee728b)
Start importing Assets/Pixelart Graphical User Interface/Pixelart Graphical User Interface/Icons Style 3/Style 3 Icon 044.png using Guid(a1be78dbc02b85b4dadb7c9593043b8c) Importer(815301076,1909f56bfc062723c751e8b465ee728b)  -> (artifact id: 'c2e547c38437999bca1ff11456a279d1') in 0.023627 seconds
Number of updated asset objects reloaded before import = 0
Number of asset objects unloaded after import = 3
========================================================================
Received Import Request.
  Time since last request: 0.394279 seconds.
  path: Assets/Pixelart Graphical User Interface/Pixelart Graphical User Interface/Icons Style 3/Style 3 Icon 051.png
  artifactKey: Guid(fc3980e679aae334fa3442cc53a12d60) Importer(815301076,1909f56bfc062723c751e8b465ee728b)
Start importing Assets/Pixelart Graphical User Interface/Pixelart Graphical User Interface/Icons Style 3/Style 3 Icon 051.png using Guid(fc3980e679aae334fa3442cc53a12d60) Importer(815301076,1909f56bfc062723c751e8b465ee728b)  -> (artifact id: '2f86a2f6fafc00fcf2d99ce7a2406af3') in 0.021884 seconds
Number of updated asset objects reloaded before import = 0
Number of asset objects unloaded after import = 3
========================================================================
Received Import Request.
  Time since last request: 0.001069 seconds.
  path: Assets/Pixelart Graphical User Interface/Pixelart Graphical User Interface/Icons Style 3/Style 3 Icon 056.png
  artifactKey: Guid(5251dbf952c1e4c4c883a29029a157a2) Importer(815301076,1909f56bfc062723c751e8b465ee728b)
Start importing Assets/Pixelart Graphical User Interface/Pixelart Graphical User Interface/Icons Style 3/Style 3 Icon 056.png using Guid(5251dbf952c1e4c4c883a29029a157a2) Importer(815301076,1909f56bfc062723c751e8b465ee728b)  -> (artifact id: '45ad055d2b7e60ec4dc217de4deebb43') in 0.023552 seconds
Number of updated asset objects reloaded before import = 0
Number of asset objects unloaded after import = 3
========================================================================
Received Import Request.
  Time since last request: 0.311414 seconds.
  path: Assets/Pixelart Graphical User Interface/Pixelart Graphical User Interface/Icons Style 3/Style 3 Icon 063.png
  artifactKey: Guid(77631f7aba34a584ea6e915f4e1ffe24) Importer(815301076,1909f56bfc062723c751e8b465ee728b)
Start importing Assets/Pixelart Graphical User Interface/Pixelart Graphical User Interface/Icons Style 3/Style 3 Icon 063.png using Guid(77631f7aba34a584ea6e915f4e1ffe24) Importer(815301076,1909f56bfc062723c751e8b465ee728b)  -> (artifact id: 'aafc205e31eede1b34f1c0a1fb00ac00') in 0.022718 seconds
Number of updated asset objects reloaded before import = 0
Number of asset objects unloaded after import = 3
========================================================================
Received Import Request.
  Time since last request: 0.004208 seconds.
  path: Assets/Pixelart Graphical User Interface/Pixelart Graphical User Interface/Icons Style 3/Style 3 Icon 068.png
  artifactKey: Guid(4845c523d27fac449a3e5d6f252eb9c0) Importer(815301076,1909f56bfc062723c751e8b465ee728b)
Start importing Assets/Pixelart Graphical User Interface/Pixelart Graphical User Interface/Icons Style 3/Style 3 Icon 068.png using Guid(4845c523d27fac449a3e5d6f252eb9c0) Importer(815301076,1909f56bfc062723c751e8b465ee728b)  -> (artifact id: '3123bf1b62b4fbff9af7fed29e1c6235') in 0.025514 seconds
Number of updated asset objects reloaded before import = 0
Number of asset objects unloaded after import = 3
========================================================================
Received Import Request.
  Time since last request: 0.340685 seconds.
  path: Assets/Pixelart Graphical User Interface/Pixelart Graphical User Interface/Icons Style 3/Style 3 Icon 075.png
  artifactKey: Guid(ba58665993b3ef4488db05fc886a16f6) Importer(815301076,1909f56bfc062723c751e8b465ee728b)
Start importing Assets/Pixelart Graphical User Interface/Pixelart Graphical User Interface/Icons Style 3/Style 3 Icon 075.png using Guid(ba58665993b3ef4488db05fc886a16f6) Importer(815301076,1909f56bfc062723c751e8b465ee728b)  -> (artifact id: 'd3decde950e77375f8a7ee1afc0e66d7') in 0.024055 seconds
Number of updated asset objects reloaded before import = 0
Number of asset objects unloaded after import = 3
========================================================================
Received Import Request.
  Time since last request: 0.000017 seconds.
  path: Assets/Pixelart Graphical User Interface/Pixelart Graphical User Interface/Icons Style 3/Style 3 Icon 080.png
  artifactKey: Guid(46e055bcc2e62d54f95e56b09952efa2) Importer(815301076,1909f56bfc062723c751e8b465ee728b)
Start importing Assets/Pixelart Graphical User Interface/Pixelart Graphical User Interface/Icons Style 3/Style 3 Icon 080.png using Guid(46e055bcc2e62d54f95e56b09952efa2) Importer(815301076,1909f56bfc062723c751e8b465ee728b)  -> (artifact id: '6cfd78ed4a4a2f4302a02e8acff0f302') in 0.023304 seconds
Number of updated asset objects reloaded before import = 0
Number of asset objects unloaded after import = 3
========================================================================
Received Import Request.
  Time since last request: 0.320385 seconds.
  path: Assets/Pixelart Graphical User Interface/Pixelart Graphical User Interface/Icons Style 3/Style 3 Icon 087.png
  artifactKey: Guid(a78493660ed16a743844a25e931f3a94) Importer(815301076,1909f56bfc062723c751e8b465ee728b)
Start importing Assets/Pixelart Graphical User Interface/Pixelart Graphical User Interface/Icons Style 3/Style 3 Icon 087.png using Guid(a78493660ed16a743844a25e931f3a94) Importer(815301076,1909f56bfc062723c751e8b465ee728b)  -> (artifact id: 'a5cd7527dc6ce5d20057e1f16d4bad7f') in 0.021129 seconds
Number of updated asset objects reloaded before import = 0
Number of asset objects unloaded after import = 3
========================================================================
Received Import Request.
  Time since last request: 0.004882 seconds.
  path: Assets/Pixelart Graphical User Interface/Pixelart Graphical User Interface/Icons Style 3/Style 3 Icon 092.png
  artifactKey: Guid(f136d61f4520c2f41a8a7d0d9c898810) Importer(815301076,1909f56bfc062723c751e8b465ee728b)
Start importing Assets/Pixelart Graphical User Interface/Pixelart Graphical User Interface/Icons Style 3/Style 3 Icon 092.png using Guid(f136d61f4520c2f41a8a7d0d9c898810) Importer(815301076,1909f56bfc062723c751e8b465ee728b)  -> (artifact id: '8257ea370bc64966d0d2e1d97f9436b0') in 0.019717 seconds
Number of updated asset objects reloaded before import = 0
Number of asset objects unloaded after import = 3
========================================================================
Received Import Request.
  Time since last request: 0.013375 seconds.
  path: Assets/Pixelart Graphical User Interface/Pixelart Graphical User Interface/Icons Style 3/Style 3 Icon 097.png
  artifactKey: Guid(ab5aa8c5a5f21784aac4bef622b85847) Importer(815301076,1909f56bfc062723c751e8b465ee728b)
Start importing Assets/Pixelart Graphical User Interface/Pixelart Graphical User Interface/Icons Style 3/Style 3 Icon 097.png using Guid(ab5aa8c5a5f21784aac4bef622b85847) Importer(815301076,1909f56bfc062723c751e8b465ee728b)  -> (artifact id: 'eae7e1b28bd8c8b2f4dbb6a847b6fa7e') in 0.022509 seconds
Number of updated asset objects reloaded before import = 0
Number of asset objects unloaded after import = 3
========================================================================
Received Import Request.
  Time since last request: 0.000645 seconds.
  path: Assets/Pixelart Graphical User Interface/Pixelart Graphical User Interface/Icons Style 3/Style 3 Icon 102.png
  artifactKey: Guid(f6772a6f23392fb49a225b611e01a14d) Importer(815301076,1909f56bfc062723c751e8b465ee728b)
Start importing Assets/Pixelart Graphical User Interface/Pixelart Graphical User Interface/Icons Style 3/Style 3 Icon 102.png using Guid(f6772a6f23392fb49a225b611e01a14d) Importer(815301076,1909f56bfc062723c751e8b465ee728b)  -> (artifact id: '0f8838b8e82622dfe8c6ecfbeac3ddd1') in 0.022125 seconds
Number of updated asset objects reloaded before import = 0
Number of asset objects unloaded after import = 3
========================================================================
Received Import Request.
  Time since last request: 0.002079 seconds.
  path: Assets/Pixelart Graphical User Interface/Pixelart Graphical User Interface/Icons Style 3/Style 3 Icon 107.png
  artifactKey: Guid(0d0d662b84fa8b14e808b01c97478748) Importer(815301076,1909f56bfc062723c751e8b465ee728b)
Start importing Assets/Pixelart Graphical User Interface/Pixelart Graphical User Interface/Icons Style 3/Style 3 Icon 107.png using Guid(0d0d662b84fa8b14e808b01c97478748) Importer(815301076,1909f56bfc062723c751e8b465ee728b)  -> (artifact id: '14f66b3244b56922938c7325aefedfd5') in 0.027108 seconds
Number of updated asset objects reloaded before import = 0
Number of asset objects unloaded after import = 3
========================================================================
Received Import Request.
  Time since last request: 0.244914 seconds.
  path: Assets/Pixelart Graphical User Interface/Pixelart Graphical User Interface/Icons Style 3/Style 3 Icon 111.png
  artifactKey: Guid(6fa015acdf461aa4a96e0063d4909ca2) Importer(815301076,1909f56bfc062723c751e8b465ee728b)
Start importing Assets/Pixelart Graphical User Interface/Pixelart Graphical User Interface/Icons Style 3/Style 3 Icon 111.png using Guid(6fa015acdf461aa4a96e0063d4909ca2) Importer(815301076,1909f56bfc062723c751e8b465ee728b)  -> (artifact id: '894b6e225f82229756ad84893e30e83c') in 0.022695 seconds
Number of updated asset objects reloaded before import = 0
Number of asset objects unloaded after import = 3
========================================================================
Received Import Request.
  Time since last request: 0.003931 seconds.
  path: Assets/Pixelart Graphical User Interface/Pixelart Graphical User Interface/Icons Style 3/Style 3 Icon 116.png
  artifactKey: Guid(8ed4620b5a636e940af72f7bad1807a4) Importer(815301076,1909f56bfc062723c751e8b465ee728b)
Start importing Assets/Pixelart Graphical User Interface/Pixelart Graphical User Interface/Icons Style 3/Style 3 Icon 116.png using Guid(8ed4620b5a636e940af72f7bad1807a4) Importer(815301076,1909f56bfc062723c751e8b465ee728b)  -> (artifact id: '6d48184bcb93bb0926d538c3f9d7b3a2') in 0.025646 seconds
Number of updated asset objects reloaded before import = 0
Number of asset objects unloaded after import = 3
========================================================================
Received Import Request.
  Time since last request: 0.339861 seconds.
  path: Assets/Pixelart Graphical User Interface/Pixelart Graphical User Interface/Icons Style 3/Style 3 Icon 123.png
  artifactKey: Guid(4b5f1d522c2836a48bec6bc2448b7520) Importer(815301076,1909f56bfc062723c751e8b465ee728b)
Start importing Assets/Pixelart Graphical User Interface/Pixelart Graphical User Interface/Icons Style 3/Style 3 Icon 123.png using Guid(4b5f1d522c2836a48bec6bc2448b7520) Importer(815301076,1909f56bfc062723c751e8b465ee728b)  -> (artifact id: 'ecc17276834eb5b435352f9140a24901') in 0.020746 seconds
Number of updated asset objects reloaded before import = 0
Number of asset objects unloaded after import = 3
========================================================================
Received Import Request.
  Time since last request: 0.004146 seconds.
  path: Assets/Pixelart Graphical User Interface/Pixelart Graphical User Interface/Icons Style 3/Style 3 Icon 128.png
  artifactKey: Guid(4aa80240d257a85438462cc72fce80c5) Importer(815301076,1909f56bfc062723c751e8b465ee728b)
Start importing Assets/Pixelart Graphical User Interface/Pixelart Graphical User Interface/Icons Style 3/Style 3 Icon 128.png using Guid(4aa80240d257a85438462cc72fce80c5) Importer(815301076,1909f56bfc062723c751e8b465ee728b)  -> (artifact id: 'a44ac6ab0cde4e042ba71905f661a390') in 0.023674 seconds
Number of updated asset objects reloaded before import = 0
Number of asset objects unloaded after import = 3
========================================================================
Received Import Request.
  Time since last request: 0.286426 seconds.
  path: Assets/Pixelart Graphical User Interface/Pixelart Graphical User Interface/Icons Style 3/Style 3 Icon 135.png
  artifactKey: Guid(c8ff83d11c61d3e43b7795bd6ccb5b26) Importer(815301076,1909f56bfc062723c751e8b465ee728b)
Start importing Assets/Pixelart Graphical User Interface/Pixelart Graphical User Interface/Icons Style 3/Style 3 Icon 135.png using Guid(c8ff83d11c61d3e43b7795bd6ccb5b26) Importer(815301076,1909f56bfc062723c751e8b465ee728b)  -> (artifact id: '326f65210cedbbcd54d99df8d7838d82') in 0.023912 seconds
Number of updated asset objects reloaded before import = 0
Number of asset objects unloaded after import = 3
========================================================================
Received Import Request.
  Time since last request: 0.000856 seconds.
  path: Assets/Pixelart Graphical User Interface/Pixelart Graphical User Interface/Icons Style 3/Style 3 Icon 140.png
  artifactKey: Guid(ef58f2d0cc3166a43a077dfa243ba6c3) Importer(815301076,1909f56bfc062723c751e8b465ee728b)
Start importing Assets/Pixelart Graphical User Interface/Pixelart Graphical User Interface/Icons Style 3/Style 3 Icon 140.png using Guid(ef58f2d0cc3166a43a077dfa243ba6c3) Importer(815301076,1909f56bfc062723c751e8b465ee728b)  -> (artifact id: '2929f05f62e1ee2ebe2f86c480844553') in 0.023035 seconds
Number of updated asset objects reloaded before import = 0
Number of asset objects unloaded after import = 3
========================================================================
Received Import Request.
  Time since last request: 1.566813 seconds.
  path: Assets/Pixelart Graphical User Interface/Pixelart Graphical User Interface/Icons Style 3/Style 3 Icon 147.png
  artifactKey: Guid(5662a6cd12365fa488827fc4588c84b5) Importer(815301076,1909f56bfc062723c751e8b465ee728b)
Start importing Assets/Pixelart Graphical User Interface/Pixelart Graphical User Interface/Icons Style 3/Style 3 Icon 147.png using Guid(5662a6cd12365fa488827fc4588c84b5) Importer(815301076,1909f56bfc062723c751e8b465ee728b)  -> (artifact id: 'fde2d7b1bdcf64cd4afa84bd5d918364') in 0.023157 seconds
Number of updated asset objects reloaded before import = 0
Number of asset objects unloaded after import = 3
========================================================================
Received Import Request.
  Time since last request: 0.001770 seconds.
  path: Assets/Pixelart Graphical User Interface/Pixelart Graphical User Interface/Icons Style 3/Style 3 Icon 152.png
  artifactKey: Guid(a951fcf74b215284dbc55796e8d59d00) Importer(815301076,1909f56bfc062723c751e8b465ee728b)
Start importing Assets/Pixelart Graphical User Interface/Pixelart Graphical User Interface/Icons Style 3/Style 3 Icon 152.png using Guid(a951fcf74b215284dbc55796e8d59d00) Importer(815301076,1909f56bfc062723c751e8b465ee728b)  -> (artifact id: '02f4bbac75ecf723bccf129136a5b248') in 0.025532 seconds
Number of updated asset objects reloaded before import = 0
Number of asset objects unloaded after import = 3
========================================================================
Received Import Request.
  Time since last request: 0.458848 seconds.
  path: Assets/Pixelart Graphical User Interface/Pixelart Graphical User Interface/Icons Style 3/Style 3 Icon 159.png
  artifactKey: Guid(60f260ef19f3e6f489623edc2a93019c) Importer(815301076,1909f56bfc062723c751e8b465ee728b)
Start importing Assets/Pixelart Graphical User Interface/Pixelart Graphical User Interface/Icons Style 3/Style 3 Icon 159.png using Guid(60f260ef19f3e6f489623edc2a93019c) Importer(815301076,1909f56bfc062723c751e8b465ee728b)  -> (artifact id: 'fa323ff0d31a7a25293383f73793d15b') in 0.023824 seconds
Number of updated asset objects reloaded before import = 0
Number of asset objects unloaded after import = 3
========================================================================
Received Import Request.
  Time since last request: 0.003009 seconds.
  path: Assets/Pixelart Graphical User Interface/Pixelart Graphical User Interface/Icons Style 3/Style 3 Icon 164.png
  artifactKey: Guid(dad911adc1c191646ad789f3c721ce7e) Importer(815301076,1909f56bfc062723c751e8b465ee728b)
Start importing Assets/Pixelart Graphical User Interface/Pixelart Graphical User Interface/Icons Style 3/Style 3 Icon 164.png using Guid(dad911adc1c191646ad789f3c721ce7e) Importer(815301076,1909f56bfc062723c751e8b465ee728b)  -> (artifact id: '6f474f4153d03c402c22d08021cb6f50') in 0.023663 seconds
Number of updated asset objects reloaded before import = 0
Number of asset objects unloaded after import = 3
========================================================================
Received Import Request.
  Time since last request: 1.301254 seconds.
  path: Assets/Pixelart Graphical User Interface/Pixelart Graphical User Interface/Icons Style 3/Style 3 Icon 171.png
  artifactKey: Guid(22e85eb80b7e31445b477d3782a67695) Importer(815301076,1909f56bfc062723c751e8b465ee728b)
Start importing Assets/Pixelart Graphical User Interface/Pixelart Graphical User Interface/Icons Style 3/Style 3 Icon 171.png using Guid(22e85eb80b7e31445b477d3782a67695) Importer(815301076,1909f56bfc062723c751e8b465ee728b)  -> (artifact id: 'e96c3b3cdb97d8e1e37aa06a12b88715') in 0.023081 seconds
Number of updated asset objects reloaded before import = 0
Number of asset objects unloaded after import = 3
========================================================================
Received Import Request.
  Time since last request: 0.000026 seconds.
  path: Assets/Pixelart Graphical User Interface/Pixelart Graphical User Interface/Icons Style 3/Style 3 Icon 176.png
  artifactKey: Guid(423b0bda198a7a740914ea958616b36f) Importer(815301076,1909f56bfc062723c751e8b465ee728b)
Start importing Assets/Pixelart Graphical User Interface/Pixelart Graphical User Interface/Icons Style 3/Style 3 Icon 176.png using Guid(423b0bda198a7a740914ea958616b36f) Importer(815301076,1909f56bfc062723c751e8b465ee728b)  -> (artifact id: '7482c0d61b7217742dd9578b08a678cf') in 0.026271 seconds
Number of updated asset objects reloaded before import = 0
Number of asset objects unloaded after import = 3
========================================================================
Received Import Request.
  Time since last request: 0.496162 seconds.
  path: Assets/Pixelart Graphical User Interface/Pixelart Graphical User Interface/Icons Style 3/Style 3 Icon 183.png
  artifactKey: Guid(901cff666999d474ca8c9feffde971ed) Importer(815301076,1909f56bfc062723c751e8b465ee728b)
Start importing Assets/Pixelart Graphical User Interface/Pixelart Graphical User Interface/Icons Style 3/Style 3 Icon 183.png using Guid(901cff666999d474ca8c9feffde971ed) Importer(815301076,1909f56bfc062723c751e8b465ee728b)  -> (artifact id: '31ae11a8fad9e55dcf3b15c4ccc59e03') in 0.024764 seconds
Number of updated asset objects reloaded before import = 0
Number of asset objects unloaded after import = 3
========================================================================
Received Import Request.
  Time since last request: 0.004536 seconds.
  path: Assets/Pixelart Graphical User Interface/Pixelart Graphical User Interface/Icons Style 3/Style 3 Icon 189.png
  artifactKey: Guid(d6511b5d904b19646ac8851caf3eb7b7) Importer(815301076,1909f56bfc062723c751e8b465ee728b)
Start importing Assets/Pixelart Graphical User Interface/Pixelart Graphical User Interface/Icons Style 3/Style 3 Icon 189.png using Guid(d6511b5d904b19646ac8851caf3eb7b7) Importer(815301076,1909f56bfc062723c751e8b465ee728b)  -> (artifact id: '5c854b25d6ed3844318a2e0572b1410a') in 0.025658 seconds
Number of updated asset objects reloaded before import = 0
Number of asset objects unloaded after import = 3
========================================================================
Received Import Request.
  Time since last request: 0.485918 seconds.
  path: Assets/Pixelart Graphical User Interface/Pixelart Graphical User Interface/Icons Style 3/Style 3 Icon 195.png
  artifactKey: Guid(1f777dee2a6bf6c4d8441c94ee6c43fb) Importer(815301076,1909f56bfc062723c751e8b465ee728b)
Start importing Assets/Pixelart Graphical User Interface/Pixelart Graphical User Interface/Icons Style 3/Style 3 Icon 195.png using Guid(1f777dee2a6bf6c4d8441c94ee6c43fb) Importer(815301076,1909f56bfc062723c751e8b465ee728b)  -> (artifact id: 'd143f0cc751a8f8c8cd27fff1ddc5567') in 0.023402 seconds
Number of updated asset objects reloaded before import = 0
Number of asset objects unloaded after import = 3
========================================================================
Received Import Request.
  Time since last request: 0.000179 seconds.
  path: Assets/Pixelart Graphical User Interface/Pixelart Graphical User Interface/Icons Style 3/Style 3 Icon 200.png
  artifactKey: Guid(a22b7582620073d40bf0c303846adc0f) Importer(815301076,1909f56bfc062723c751e8b465ee728b)
Start importing Assets/Pixelart Graphical User Interface/Pixelart Graphical User Interface/Icons Style 3/Style 3 Icon 200.png using Guid(a22b7582620073d40bf0c303846adc0f) Importer(815301076,1909f56bfc062723c751e8b465ee728b)  -> (artifact id: '6fc02a68ad528005fd5d494667b44614') in 0.020413 seconds
Number of updated asset objects reloaded before import = 0
Number of asset objects unloaded after import = 3
========================================================================
Received Import Request.
  Time since last request: 0.971076 seconds.
  path: Assets/Pixelart Graphical User Interface/Pixelart Graphical User Interface/Icons Style 3/Style 3 Icon 207.png
  artifactKey: Guid(6f2907b3be3fc5642af7c6628d176e54) Importer(815301076,1909f56bfc062723c751e8b465ee728b)
Start importing Assets/Pixelart Graphical User Interface/Pixelart Graphical User Interface/Icons Style 3/Style 3 Icon 207.png using Guid(6f2907b3be3fc5642af7c6628d176e54) Importer(815301076,1909f56bfc062723c751e8b465ee728b)  -> (artifact id: '53438b3dd6f2df4eb6adf2220b432c50') in 0.022162 seconds
Number of updated asset objects reloaded before import = 0
Number of asset objects unloaded after import = 3
========================================================================
Received Import Request.
  Time since last request: 0.003920 seconds.
  path: Assets/Pixelart Graphical User Interface/Pixelart Graphical User Interface/Icons Style 3/Style 3 Icon 212.png
  artifactKey: Guid(88bb0aab16d832f40bee4296e55b99fd) Importer(815301076,1909f56bfc062723c751e8b465ee728b)
Start importing Assets/Pixelart Graphical User Interface/Pixelart Graphical User Interface/Icons Style 3/Style 3 Icon 212.png using Guid(88bb0aab16d832f40bee4296e55b99fd) Importer(815301076,1909f56bfc062723c751e8b465ee728b)  -> (artifact id: '3f9e5d5fadefba27ba01a85dec10e4e1') in 0.022373 seconds
Number of updated asset objects reloaded before import = 0
Number of asset objects unloaded after import = 3
========================================================================
Received Import Request.
  Time since last request: 1.165063 seconds.
  path: Assets/Pixelart Graphical User Interface/Pixelart Graphical User Interface/Icons Style 3/Style 3 Icon 219.png
  artifactKey: Guid(f03774383234b7f459916c203f1a97eb) Importer(815301076,1909f56bfc062723c751e8b465ee728b)
Start importing Assets/Pixelart Graphical User Interface/Pixelart Graphical User Interface/Icons Style 3/Style 3 Icon 219.png using Guid(f03774383234b7f459916c203f1a97eb) Importer(815301076,1909f56bfc062723c751e8b465ee728b)  -> (artifact id: '169de1043f3689927cc1c909ba4fa1aa') in 0.020109 seconds
Number of updated asset objects reloaded before import = 0
Number of asset objects unloaded after import = 3
========================================================================
Received Import Request.
  Time since last request: 0.002663 seconds.
  path: Assets/Pixelart Graphical User Interface/Pixelart Graphical User Interface/Icons Style 3/Style 3 Icon 224.png
  artifactKey: Guid(8da39d2c929b8534c989975dc29b06a6) Importer(815301076,1909f56bfc062723c751e8b465ee728b)
Start importing Assets/Pixelart Graphical User Interface/Pixelart Graphical User Interface/Icons Style 3/Style 3 Icon 224.png using Guid(8da39d2c929b8534c989975dc29b06a6) Importer(815301076,1909f56bfc062723c751e8b465ee728b)  -> (artifact id: 'c1c01f90795d3c490d70b9a45f676109') in 0.022711 seconds
Number of updated asset objects reloaded before import = 0
Number of asset objects unloaded after import = 3
Editor requested this worker to shutdown with reason: Scaling down because of idle timeout
TcpMessagingSession - receive error: operation aborted. errorcode: 995, details: The I/O operation has been aborted because of either a thread exit or an application request.
AssetImportWorker is now disconnected from the server
Process exiting
Exiting without the bug reporter. Application will terminate with return code 0